/usr/bin/cmake -S/home/bryansgue/uav_ws/src/MujocoRosUtils -B/home/bryansgue/uav_ws/build/mujoco_ros_utils --check-build-system CMakeFiles/Makefile.cmake 0
/usr/bin/cmake -E cmake_progress_start /home/bryansgue/uav_ws/build/mujoco_ros_utils/CMakeFiles /home/bryansgue/uav_ws/build/mujoco_ros_utils//CMakeFiles/progress.marks
/usr/bin/gmake  -f CMakeFiles/Makefile2 all
gmake[1]: Entering directory '/home/bryansgue/uav_ws/build/mujoco_ros_utils'
/usr/bin/gmake  -f CMakeFiles/mujoco_ros_utils__cpp.dir/build.make CMakeFiles/mujoco_ros_utils__cpp.dir/depend
/usr/bin/gmake  -f CMakeFiles/mujoco_ros_utils__rosidl_generator_c.dir/build.make CMakeFiles/mujoco_ros_utils__rosidl_generator_c.dir/depend
/usr/bin/gmake  -f CMakeFiles/ament_cmake_python_symlink_mujoco_ros_utils.dir/build.make CMakeFiles/ament_cmake_python_symlink_mujoco_ros_utils.dir/depend
gmake[2]: Entering directory '/home/bryansgue/uav_ws/build/mujoco_ros_utils'
cd /home/bryansgue/uav_ws/build/mujoco_ros_utils && /usr/bin/cmake -E cmake_depends "Unix Makefiles" /home/bryansgue/uav_ws/src/MujocoRosUtils /home/bryansgue/uav_ws/src/MujocoRosUtils /home/bryansgue/uav_ws/build/mujoco_ros_utils /home/bryansgue/uav_ws/build/mujoco_ros_utils /home/bryansgue/uav_ws/build/mujoco_ros_utils/CMakeFiles/mujoco_ros_utils__cpp.dir/DependInfo.cmake --color=
gmake[2]: Entering directory '/home/bryansgue/uav_ws/build/mujoco_ros_utils'
cd /home/bryansgue/uav_ws/build/mujoco_ros_utils && /usr/bin/cmake -E cmake_depends "Unix Makefiles" /home/bryansgue/uav_ws/src/MujocoRosUtils /home/bryansgue/uav_ws/src/MujocoRosUtils /home/bryansgue/uav_ws/build/mujoco_ros_utils /home/bryansgue/uav_ws/build/mujoco_ros_utils /home/bryansgue/uav_ws/build/mujoco_ros_utils/CMakeFiles/ament_cmake_python_symlink_mujoco_ros_utils.dir/DependInfo.cmake --color=
gmake[2]: Entering directory '/home/bryansgue/uav_ws/build/mujoco_ros_utils'
cd /home/bryansgue/uav_ws/build/mujoco_ros_utils && /usr/bin/cmake -E cmake_depends "Unix Makefiles" /home/bryansgue/uav_ws/src/MujocoRosUtils /home/bryansgue/uav_ws/src/MujocoRosUtils /home/bryansgue/uav_ws/build/mujoco_ros_utils /home/bryansgue/uav_ws/build/mujoco_ros_utils /home/bryansgue/uav_ws/build/mujoco_ros_utils/CMakeFiles/mujoco_ros_utils__rosidl_generator_c.dir/DependInfo.cmake --color=
gmake[2]: Leaving directory '/home/bryansgue/uav_ws/build/mujoco_ros_utils'
gmake[2]: Leaving directory '/home/bryansgue/uav_ws/build/mujoco_ros_utils'
/usr/bin/gmake  -f CMakeFiles/ament_cmake_python_symlink_mujoco_ros_utils.dir/build.make CMakeFiles/ament_cmake_python_symlink_mujoco_ros_utils.dir/build
/usr/bin/gmake  -f CMakeFiles/mujoco_ros_utils__cpp.dir/build.make CMakeFiles/mujoco_ros_utils__cpp.dir/build
gmake[2]: Entering directory '/home/bryansgue/uav_ws/build/mujoco_ros_utils'
/usr/bin/cmake -E create_symlink /home/bryansgue/uav_ws/build/mujoco_ros_utils/rosidl_generator_py/mujoco_ros_utils /home/bryansgue/uav_ws/build/mujoco_ros_utils/ament_cmake_python/mujoco_ros_utils/mujoco_ros_utils
gmake[2]: Entering directory '/home/bryansgue/uav_ws/build/mujoco_ros_utils'
gmake[2]: Nothing to be done for 'CMakeFiles/mujoco_ros_utils__cpp.dir/build'.
gmake[2]: Leaving directory '/home/bryansgue/uav_ws/build/mujoco_ros_utils'
gmake[2]: Leaving directory '/home/bryansgue/uav_ws/build/mujoco_ros_utils'
/usr/bin/gmake  -f CMakeFiles/mujoco_ros_utils__rosidl_generator_c.dir/build.make CMakeFiles/mujoco_ros_utils__rosidl_generator_c.dir/build
[  1%] Built target mujoco_ros_utils__cpp
gmake[2]: Leaving directory '/home/bryansgue/uav_ws/build/mujoco_ros_utils'
/usr/bin/gmake  -f CMakeFiles/mujoco_ros_utils__rosidl_typesupport_cpp.dir/build.make CMakeFiles/mujoco_ros_utils__rosidl_typesupport_cpp.dir/depend
/usr/bin/gmake  -f CMakeFiles/mujoco_ros_utils__rosidl_typesupport_fastrtps_cpp.dir/build.make CMakeFiles/mujoco_ros_utils__rosidl_typesupport_fastrtps_cpp.dir/depend
gmake[2]: Entering directory '/home/bryansgue/uav_ws/build/mujoco_ros_utils'
gmake[2]: Nothing to be done for 'CMakeFiles/mujoco_ros_utils__rosidl_generator_c.dir/build'.
gmake[2]: Leaving directory '/home/bryansgue/uav_ws/build/mujoco_ros_utils'
/usr/bin/gmake  -f CMakeFiles/mujoco_ros_utils__rosidl_typesupport_introspection_cpp.dir/build.make CMakeFiles/mujoco_ros_utils__rosidl_typesupport_introspection_cpp.dir/depend
gmake[2]: Entering directory '/home/bryansgue/uav_ws/build/mujoco_ros_utils'
cd /home/bryansgue/uav_ws/build/mujoco_ros_utils && /usr/bin/cmake -E cmake_depends "Unix Makefiles" /home/bryansgue/uav_ws/src/MujocoRosUtils /home/bryansgue/uav_ws/src/MujocoRosUtils /home/bryansgue/uav_ws/build/mujoco_ros_utils /home/bryansgue/uav_ws/build/mujoco_ros_utils /home/bryansgue/uav_ws/build/mujoco_ros_utils/CMakeFiles/mujoco_ros_utils__rosidl_typesupport_cpp.dir/DependInfo.cmake --color=
gmake[2]: Entering directory '/home/bryansgue/uav_ws/build/mujoco_ros_utils'
cd /home/bryansgue/uav_ws/build/mujoco_ros_utils && /usr/bin/cmake -E cmake_depends "Unix Makefiles" /home/bryansgue/uav_ws/src/MujocoRosUtils /home/bryansgue/uav_ws/src/MujocoRosUtils /home/bryansgue/uav_ws/build/mujoco_ros_utils /home/bryansgue/uav_ws/build/mujoco_ros_utils /home/bryansgue/uav_ws/build/mujoco_ros_utils/CMakeFiles/mujoco_ros_utils__rosidl_typesupport_introspection_cpp.dir/DependInfo.cmake --color=
gmake[2]: Entering directory '/home/bryansgue/uav_ws/build/mujoco_ros_utils'
cd /home/bryansgue/uav_ws/build/mujoco_ros_utils && /usr/bin/cmake -E cmake_depends "Unix Makefiles" /home/bryansgue/uav_ws/src/MujocoRosUtils /home/bryansgue/uav_ws/src/MujocoRosUtils /home/bryansgue/uav_ws/build/mujoco_ros_utils /home/bryansgue/uav_ws/build/mujoco_ros_utils /home/bryansgue/uav_ws/build/mujoco_ros_utils/CMakeFiles/mujoco_ros_utils__rosidl_typesupport_fastrtps_cpp.dir/DependInfo.cmake --color=
[  3%] Built target ament_cmake_python_symlink_mujoco_ros_utils
[  9%] Built target mujoco_ros_utils__rosidl_generator_c
/usr/bin/gmake  -f CMakeFiles/ament_cmake_python_build_mujoco_ros_utils_egg.dir/build.make CMakeFiles/ament_cmake_python_build_mujoco_ros_utils_egg.dir/depend
gmake[2]: Entering directory '/home/bryansgue/uav_ws/build/mujoco_ros_utils'
cd /home/bryansgue/uav_ws/build/mujoco_ros_utils && /usr/bin/cmake -E cmake_depends "Unix Makefiles" /home/bryansgue/uav_ws/src/MujocoRosUtils /home/bryansgue/uav_ws/src/MujocoRosUtils /home/bryansgue/uav_ws/build/mujoco_ros_utils /home/bryansgue/uav_ws/build/mujoco_ros_utils /home/bryansgue/uav_ws/build/mujoco_ros_utils/CMakeFiles/ament_cmake_python_build_mujoco_ros_utils_egg.dir/DependInfo.cmake --color=
gmake[2]: Leaving directory '/home/bryansgue/uav_ws/build/mujoco_ros_utils'
/usr/bin/gmake  -f CMakeFiles/mujoco_ros_utils__rosidl_typesupport_cpp.dir/build.make CMakeFiles/mujoco_ros_utils__rosidl_typesupport_cpp.dir/build
gmake[2]: Leaving directory '/home/bryansgue/uav_ws/build/mujoco_ros_utils'
/usr/bin/gmake  -f CMakeFiles/mujoco_ros_utils__rosidl_typesupport_introspection_cpp.dir/build.make CMakeFiles/mujoco_ros_utils__rosidl_typesupport_introspection_cpp.dir/build
gmake[2]: Leaving directory '/home/bryansgue/uav_ws/build/mujoco_ros_utils'
/usr/bin/gmake  -f CMakeFiles/mujoco_ros_utils__rosidl_typesupport_fastrtps_cpp.dir/build.make CMakeFiles/mujoco_ros_utils__rosidl_typesupport_fastrtps_cpp.dir/build
gmake[2]: Entering directory '/home/bryansgue/uav_ws/build/mujoco_ros_utils'
gmake[2]: Entering directory '/home/bryansgue/uav_ws/build/mujoco_ros_utils'
gmake[2]: Nothing to be done for 'CMakeFiles/mujoco_ros_utils__rosidl_typesupport_cpp.dir/build'.
gmake[2]: Nothing to be done for 'CMakeFiles/mujoco_ros_utils__rosidl_typesupport_introspection_cpp.dir/build'.
gmake[2]: Leaving directory '/home/bryansgue/uav_ws/build/mujoco_ros_utils'
gmake[2]: Leaving directory '/home/bryansgue/uav_ws/build/mujoco_ros_utils'
gmake[2]: Entering directory '/home/bryansgue/uav_ws/build/mujoco_ros_utils'
gmake[2]: Nothing to be done for 'CMakeFiles/mujoco_ros_utils__rosidl_typesupport_fastrtps_cpp.dir/build'.
gmake[2]: Leaving directory '/home/bryansgue/uav_ws/build/mujoco_ros_utils'
gmake[2]: Leaving directory '/home/bryansgue/uav_ws/build/mujoco_ros_utils'
/usr/bin/gmake  -f CMakeFiles/ament_cmake_python_build_mujoco_ros_utils_egg.dir/build.make CMakeFiles/ament_cmake_python_build_mujoco_ros_utils_egg.dir/build
gmake[2]: Entering directory '/home/bryansgue/uav_ws/build/mujoco_ros_utils'
cd /home/bryansgue/uav_ws/build/mujoco_ros_utils/ament_cmake_python/mujoco_ros_utils && /usr/bin/python3 setup.py egg_info
[ 31%] Built target mujoco_ros_utils__rosidl_typesupport_introspection_cpp
[ 31%] Built target mujoco_ros_utils__rosidl_typesupport_fastrtps_cpp
[ 31%] Built target mujoco_ros_utils__rosidl_typesupport_cpp
/usr/bin/gmake  -f CMakeFiles/mujoco_ros_utils__rosidl_typesupport_fastrtps_c.dir/build.make CMakeFiles/mujoco_ros_utils__rosidl_typesupport_fastrtps_c.dir/depend
/usr/bin/gmake  -f CMakeFiles/mujoco_ros_utils__rosidl_typesupport_introspection_c.dir/build.make CMakeFiles/mujoco_ros_utils__rosidl_typesupport_introspection_c.dir/depend
/usr/bin/gmake  -f CMakeFiles/mujoco_ros_utils__rosidl_typesupport_c.dir/build.make CMakeFiles/mujoco_ros_utils__rosidl_typesupport_c.dir/depend
gmake[2]: Entering directory '/home/bryansgue/uav_ws/build/mujoco_ros_utils'
cd /home/bryansgue/uav_ws/build/mujoco_ros_utils && /usr/bin/cmake -E cmake_depends "Unix Makefiles" /home/bryansgue/uav_ws/src/MujocoRosUtils /home/bryansgue/uav_ws/src/MujocoRosUtils /home/bryansgue/uav_ws/build/mujoco_ros_utils /home/bryansgue/uav_ws/build/mujoco_ros_utils /home/bryansgue/uav_ws/build/mujoco_ros_utils/CMakeFiles/mujoco_ros_utils__rosidl_typesupport_fastrtps_c.dir/DependInfo.cmake --color=
gmake[2]: Entering directory '/home/bryansgue/uav_ws/build/mujoco_ros_utils'
cd /home/bryansgue/uav_ws/build/mujoco_ros_utils && /usr/bin/cmake -E cmake_depends "Unix Makefiles" /home/bryansgue/uav_ws/src/MujocoRosUtils /home/bryansgue/uav_ws/src/MujocoRosUtils /home/bryansgue/uav_ws/build/mujoco_ros_utils /home/bryansgue/uav_ws/build/mujoco_ros_utils /home/bryansgue/uav_ws/build/mujoco_ros_utils/CMakeFiles/mujoco_ros_utils__rosidl_typesupport_introspection_c.dir/DependInfo.cmake --color=
gmake[2]: Entering directory '/home/bryansgue/uav_ws/build/mujoco_ros_utils'
cd /home/bryansgue/uav_ws/build/mujoco_ros_utils && /usr/bin/cmake -E cmake_depends "Unix Makefiles" /home/bryansgue/uav_ws/src/MujocoRosUtils /home/bryansgue/uav_ws/src/MujocoRosUtils /home/bryansgue/uav_ws/build/mujoco_ros_utils /home/bryansgue/uav_ws/build/mujoco_ros_utils /home/bryansgue/uav_ws/build/mujoco_ros_utils/CMakeFiles/mujoco_ros_utils__rosidl_typesupport_c.dir/DependInfo.cmake --color=
gmake[2]: Leaving directory '/home/bryansgue/uav_ws/build/mujoco_ros_utils'
gmake[2]: Leaving directory '/home/bryansgue/uav_ws/build/mujoco_ros_utils'
gmake[2]: Leaving directory '/home/bryansgue/uav_ws/build/mujoco_ros_utils'
/usr/bin/gmake  -f CMakeFiles/mujoco_ros_utils__rosidl_typesupport_introspection_c.dir/build.make CMakeFiles/mujoco_ros_utils__rosidl_typesupport_introspection_c.dir/build
/usr/bin/gmake  -f CMakeFiles/mujoco_ros_utils__rosidl_typesupport_fastrtps_c.dir/build.make CMakeFiles/mujoco_ros_utils__rosidl_typesupport_fastrtps_c.dir/build
/usr/bin/gmake  -f CMakeFiles/mujoco_ros_utils__rosidl_typesupport_c.dir/build.make CMakeFiles/mujoco_ros_utils__rosidl_typesupport_c.dir/build
gmake[2]: Entering directory '/home/bryansgue/uav_ws/build/mujoco_ros_utils'
gmake[2]: Nothing to be done for 'CMakeFiles/mujoco_ros_utils__rosidl_typesupport_c.dir/build'.
gmake[2]: Leaving directory '/home/bryansgue/uav_ws/build/mujoco_ros_utils'
gmake[2]: Entering directory '/home/bryansgue/uav_ws/build/mujoco_ros_utils'
gmake[2]: Nothing to be done for 'CMakeFiles/mujoco_ros_utils__rosidl_typesupport_introspection_c.dir/build'.
gmake[2]: Leaving directory '/home/bryansgue/uav_ws/build/mujoco_ros_utils'
gmake[2]: Entering directory '/home/bryansgue/uav_ws/build/mujoco_ros_utils'
gmake[2]: Nothing to be done for 'CMakeFiles/mujoco_ros_utils__rosidl_typesupport_fastrtps_c.dir/build'.
gmake[2]: Leaving directory '/home/bryansgue/uav_ws/build/mujoco_ros_utils'
[ 53%] Built target mujoco_ros_utils__rosidl_typesupport_fastrtps_c
[ 53%] Built target mujoco_ros_utils__rosidl_typesupport_c
[ 53%] Built target mujoco_ros_utils__rosidl_typesupport_introspection_c
/usr/bin/gmake  -f CMakeFiles/mujoco_ros_utils.dir/build.make CMakeFiles/mujoco_ros_utils.dir/depend
gmake[2]: Entering directory '/home/bryansgue/uav_ws/build/mujoco_ros_utils'
cd /home/bryansgue/uav_ws/build/mujoco_ros_utils && /usr/bin/cmake -E cmake_depends "Unix Makefiles" /home/bryansgue/uav_ws/src/MujocoRosUtils /home/bryansgue/uav_ws/src/MujocoRosUtils /home/bryansgue/uav_ws/build/mujoco_ros_utils /home/bryansgue/uav_ws/build/mujoco_ros_utils /home/bryansgue/uav_ws/build/mujoco_ros_utils/CMakeFiles/mujoco_ros_utils.dir/DependInfo.cmake --color=
gmake[2]: Leaving directory '/home/bryansgue/uav_ws/build/mujoco_ros_utils'
/usr/bin/gmake  -f CMakeFiles/mujoco_ros_utils.dir/build.make CMakeFiles/mujoco_ros_utils.dir/build
gmake[2]: Entering directory '/home/bryansgue/uav_ws/build/mujoco_ros_utils'
gmake[2]: Nothing to be done for 'CMakeFiles/mujoco_ros_utils.dir/build'.
gmake[2]: Leaving directory '/home/bryansgue/uav_ws/build/mujoco_ros_utils'
[ 53%] Built target mujoco_ros_utils
/usr/bin/gmake  -f mujoco_ros_utils__py/CMakeFiles/mujoco_ros_utils__py.dir/build.make mujoco_ros_utils__py/CMakeFiles/mujoco_ros_utils__py.dir/depend
/usr/bin/gmake  -f plugin/CMakeFiles/MujocoRosUtils.dir/build.make plugin/CMakeFiles/MujocoRosUtils.dir/depend
gmake[2]: Entering directory '/home/bryansgue/uav_ws/build/mujoco_ros_utils'
cd /home/bryansgue/uav_ws/build/mujoco_ros_utils && /usr/bin/cmake -E cmake_depends "Unix Makefiles" /home/bryansgue/uav_ws/src/MujocoRosUtils /home/bryansgue/uav_ws/build/mujoco_ros_utils/mujoco_ros_utils__py /home/bryansgue/uav_ws/build/mujoco_ros_utils /home/bryansgue/uav_ws/build/mujoco_ros_utils/mujoco_ros_utils__py /home/bryansgue/uav_ws/build/mujoco_ros_utils/mujoco_ros_utils__py/CMakeFiles/mujoco_ros_utils__py.dir/DependInfo.cmake --color=
gmake[2]: Entering directory '/home/bryansgue/uav_ws/build/mujoco_ros_utils'
cd /home/bryansgue/uav_ws/build/mujoco_ros_utils && /usr/bin/cmake -E cmake_depends "Unix Makefiles" /home/bryansgue/uav_ws/src/MujocoRosUtils /home/bryansgue/uav_ws/src/MujocoRosUtils/plugin /home/bryansgue/uav_ws/build/mujoco_ros_utils /home/bryansgue/uav_ws/build/mujoco_ros_utils/plugin /home/bryansgue/uav_ws/build/mujoco_ros_utils/plugin/CMakeFiles/MujocoRosUtils.dir/DependInfo.cmake --color=
gmake[2]: Leaving directory '/home/bryansgue/uav_ws/build/mujoco_ros_utils'
/usr/bin/gmake  -f mujoco_ros_utils__py/CMakeFiles/mujoco_ros_utils__py.dir/build.make mujoco_ros_utils__py/CMakeFiles/mujoco_ros_utils__py.dir/build
gmake[2]: Entering directory '/home/bryansgue/uav_ws/build/mujoco_ros_utils'
gmake[2]: Nothing to be done for 'mujoco_ros_utils__py/CMakeFiles/mujoco_ros_utils__py.dir/build'.
gmake[2]: Leaving directory '/home/bryansgue/uav_ws/build/mujoco_ros_utils'
gmake[2]: Leaving directory '/home/bryansgue/uav_ws/build/mujoco_ros_utils'
/usr/bin/gmake  -f plugin/CMakeFiles/MujocoRosUtils.dir/build.make plugin/CMakeFiles/MujocoRosUtils.dir/build
[ 55%] Built target mujoco_ros_utils__py
/usr/bin/gmake  -f CMakeFiles/mujoco_ros_utils__rosidl_generator_py.dir/build.make CMakeFiles/mujoco_ros_utils__rosidl_generator_py.dir/depend
gmake[2]: Entering directory '/home/bryansgue/uav_ws/build/mujoco_ros_utils'
cd /home/bryansgue/uav_ws/build/mujoco_ros_utils && /usr/bin/cmake -E cmake_depends "Unix Makefiles" /home/bryansgue/uav_ws/src/MujocoRosUtils /home/bryansgue/uav_ws/src/MujocoRosUtils /home/bryansgue/uav_ws/build/mujoco_ros_utils /home/bryansgue/uav_ws/build/mujoco_ros_utils /home/bryansgue/uav_ws/build/mujoco_ros_utils/CMakeFiles/mujoco_ros_utils__rosidl_generator_py.dir/DependInfo.cmake --color=
gmake[2]: Leaving directory '/home/bryansgue/uav_ws/build/mujoco_ros_utils'
/usr/bin/gmake  -f CMakeFiles/mujoco_ros_utils__rosidl_generator_py.dir/build.make CMakeFiles/mujoco_ros_utils__rosidl_generator_py.dir/build
gmake[2]: Entering directory '/home/bryansgue/uav_ws/build/mujoco_ros_utils'
gmake[2]: Entering directory '/home/bryansgue/uav_ws/build/mujoco_ros_utils'
gmake[2]: Nothing to be done for 'CMakeFiles/mujoco_ros_utils__rosidl_generator_py.dir/build'.
gmake[2]: Leaving directory '/home/bryansgue/uav_ws/build/mujoco_ros_utils'
[ 62%] Built target mujoco_ros_utils__rosidl_generator_py
[ 62%] Building CXX object plugin/CMakeFiles/MujocoRosUtils.dir/AcroMode.cpp.o
cd /home/bryansgue/uav_ws/build/mujoco_ros_utils/plugin && /usr/bin/c++ -DDEFAULT_RMW_IMPLEMENTATION=rmw_fastrtps_cpp -DFASTCDR_DYN_LINK -DMujocoRosUtils_EXPORTS -DRCUTILS_ENABLE_FAULT_INJECTION -DROS_PACKAGE_NAME=\"mujoco_ros_utils\" -I/home/bryansgue/uav_ws/build/mujoco_ros_utils -I/home/bryansgue/uav_ws/build/mujoco_ros_utils/include -I/home/bryansgue/uav_ws/src/MujocoRosUtils/include -I/home/bryansgue/uav_ws/mujoco-3.4.0/include -I/home/bryansgue/uav_ws/build/mujoco_ros_utils/rosidl_generator_cpp -isystem /home/bryansgue/uav_ws/install/quadrotor_msgs/include/quadrotor_msgs -isystem /opt/ros/humble/include/rclcpp -isystem /opt/ros/humble/include/std_msgs -isystem /opt/ros/humble/include/geometry_msgs -isystem /opt/ros/humble/include/visualization_msgs -isystem /opt/ros/humble/include/tf2_ros -isystem /opt/ros/humble/include/sensor_msgs -isystem /opt/ros/humble/include/nav_msgs -isystem /opt/ros/humble/include/builtin_interfaces -isystem /opt/ros/humble/include/ament_index_cpp -isystem /opt/ros/humble/include/libstatistics_collector -isystem /opt/ros/humble/include/rosidl_runtime_c -isystem /opt/ros/humble/include/rcutils -isystem /opt/ros/humble/include/rosidl_typesupport_interface -isystem /opt/ros/humble/include/fastcdr -isystem /opt/ros/humble/include/rosidl_runtime_cpp -isystem /opt/ros/humble/include/rosidl_typesupport_fastrtps_cpp -isystem /opt/ros/humble/include/rmw -isystem /opt/ros/humble/include/rosidl_typesupport_fastrtps_c -isystem /opt/ros/humble/include/rosidl_typesupport_introspection_c -isystem /opt/ros/humble/include/rosidl_typesupport_introspection_cpp -isystem /opt/ros/humble/include/rcl -isystem /opt/ros/humble/include/rcl_interfaces -isystem /opt/ros/humble/include/rcl_logging_interface -isystem /opt/ros/humble/include/rcl_yaml_param_parser -isystem /opt/ros/humble/include/libyaml_vendor -isystem /opt/ros/humble/include/tracetools -isystem /opt/ros/humble/include/rcpputils -isystem /opt/ros/humble/include/statistics_msgs -isystem /opt/ros/humble/include/rosgraph_msgs -isystem /opt/ros/humble/include/rosidl_typesupport_cpp -isystem /opt/ros/humble/include/rosidl_typesupport_c -isystem /opt/ros/humble/include/message_filters -isystem /opt/ros/humble/include/rclcpp_action -isystem /opt/ros/humble/include/action_msgs -isystem /opt/ros/humble/include/unique_identifier_msgs -isystem /opt/ros/humble/include/rcl_action -isystem /opt/ros/humble/include/tf2 -isystem /opt/ros/humble/include/tf2_msgs -isystem /opt/ros/humble/include/std_srvs -pedantic -Wno-long-long -Wall -Wextra -Wcast-align -Wcast-qual -Wformat -Wwrite-strings -Wconversion  -fPIC -MD -MT plugin/CMakeFiles/MujocoRosUtils.dir/AcroMode.cpp.o -MF CMakeFiles/MujocoRosUtils.dir/AcroMode.cpp.o.d -o CMakeFiles/MujocoRosUtils.dir/AcroMode.cpp.o -c /home/bryansgue/uav_ws/src/MujocoRosUtils/plugin/AcroMode.cpp
/usr/bin/gmake  -f CMakeFiles/mujoco_ros_utils__rosidl_typesupport_fastrtps_c__pyext.dir/build.make CMakeFiles/mujoco_ros_utils__rosidl_typesupport_fastrtps_c__pyext.dir/depend
/usr/bin/gmake  -f CMakeFiles/mujoco_ros_utils__rosidl_typesupport_introspection_c__pyext.dir/build.make CMakeFiles/mujoco_ros_utils__rosidl_typesupport_introspection_c__pyext.dir/depend
/usr/bin/gmake  -f CMakeFiles/mujoco_ros_utils__rosidl_typesupport_c__pyext.dir/build.make CMakeFiles/mujoco_ros_utils__rosidl_typesupport_c__pyext.dir/depend
gmake[2]: Entering directory '/home/bryansgue/uav_ws/build/mujoco_ros_utils'
cd /home/bryansgue/uav_ws/build/mujoco_ros_utils && /usr/bin/cmake -E cmake_depends "Unix Makefiles" /home/bryansgue/uav_ws/src/MujocoRosUtils /home/bryansgue/uav_ws/src/MujocoRosUtils /home/bryansgue/uav_ws/build/mujoco_ros_utils /home/bryansgue/uav_ws/build/mujoco_ros_utils /home/bryansgue/uav_ws/build/mujoco_ros_utils/CMakeFiles/mujoco_ros_utils__rosidl_typesupport_fastrtps_c__pyext.dir/DependInfo.cmake --color=
gmake[2]: Entering directory '/home/bryansgue/uav_ws/build/mujoco_ros_utils'
cd /home/bryansgue/uav_ws/build/mujoco_ros_utils && /usr/bin/cmake -E cmake_depends "Unix Makefiles" /home/bryansgue/uav_ws/src/MujocoRosUtils /home/bryansgue/uav_ws/src/MujocoRosUtils /home/bryansgue/uav_ws/build/mujoco_ros_utils /home/bryansgue/uav_ws/build/mujoco_ros_utils /home/bryansgue/uav_ws/build/mujoco_ros_utils/CMakeFiles/mujoco_ros_utils__rosidl_typesupport_introspection_c__pyext.dir/DependInfo.cmake --color=
gmake[2]: Entering directory '/home/bryansgue/uav_ws/build/mujoco_ros_utils'
cd /home/bryansgue/uav_ws/build/mujoco_ros_utils && /usr/bin/cmake -E cmake_depends "Unix Makefiles" /home/bryansgue/uav_ws/src/MujocoRosUtils /home/bryansgue/uav_ws/src/MujocoRosUtils /home/bryansgue/uav_ws/build/mujoco_ros_utils /home/bryansgue/uav_ws/build/mujoco_ros_utils /home/bryansgue/uav_ws/build/mujoco_ros_utils/CMakeFiles/mujoco_ros_utils__rosidl_typesupport_c__pyext.dir/DependInfo.cmake --color=
gmake[2]: Leaving directory '/home/bryansgue/uav_ws/build/mujoco_ros_utils'
gmake[2]: Leaving directory '/home/bryansgue/uav_ws/build/mujoco_ros_utils'
gmake[2]: Leaving directory '/home/bryansgue/uav_ws/build/mujoco_ros_utils'
/usr/bin/gmake  -f CMakeFiles/mujoco_ros_utils__rosidl_typesupport_introspection_c__pyext.dir/build.make CMakeFiles/mujoco_ros_utils__rosidl_typesupport_introspection_c__pyext.dir/build
/usr/bin/gmake  -f CMakeFiles/mujoco_ros_utils__rosidl_typesupport_fastrtps_c__pyext.dir/build.make CMakeFiles/mujoco_ros_utils__rosidl_typesupport_fastrtps_c__pyext.dir/build
/usr/bin/gmake  -f CMakeFiles/mujoco_ros_utils__rosidl_typesupport_c__pyext.dir/build.make CMakeFiles/mujoco_ros_utils__rosidl_typesupport_c__pyext.dir/build
gmake[2]: Entering directory '/home/bryansgue/uav_ws/build/mujoco_ros_utils'
gmake[2]: Nothing to be done for 'CMakeFiles/mujoco_ros_utils__rosidl_typesupport_fastrtps_c__pyext.dir/build'.
gmake[2]: Leaving directory '/home/bryansgue/uav_ws/build/mujoco_ros_utils'
gmake[2]: Entering directory '/home/bryansgue/uav_ws/build/mujoco_ros_utils'
gmake[2]: Nothing to be done for 'CMakeFiles/mujoco_ros_utils__rosidl_typesupport_introspection_c__pyext.dir/build'.
gmake[2]: Leaving directory '/home/bryansgue/uav_ws/build/mujoco_ros_utils'
gmake[2]: Entering directory '/home/bryansgue/uav_ws/build/mujoco_ros_utils'
gmake[2]: Nothing to be done for 'CMakeFiles/mujoco_ros_utils__rosidl_typesupport_c__pyext.dir/build'.
gmake[2]: Leaving directory '/home/bryansgue/uav_ws/build/mujoco_ros_utils'
[ 70%] Built target mujoco_ros_utils__rosidl_typesupport_fastrtps_c__pyext
[ 70%] Built target mujoco_ros_utils__rosidl_typesupport_introspection_c__pyext
[ 74%] Built target mujoco_ros_utils__rosidl_typesupport_c__pyext
running egg_info
writing mujoco_ros_utils.egg-info/PKG-INFO
writing dependency_links to mujoco_ros_utils.egg-info/dependency_links.txt
writing top-level names to mujoco_ros_utils.egg-info/top_level.txt
reading manifest file 'mujoco_ros_utils.egg-info/SOURCES.txt'
writing manifest file 'mujoco_ros_utils.egg-info/SOURCES.txt'
gmake[2]: Leaving directory '/home/bryansgue/uav_ws/build/mujoco_ros_utils'
[ 74%] Built target ament_cmake_python_build_mujoco_ros_utils_egg
[ 75%] Linking CXX shared library libMujocoRosUtils.so
cd /home/bryansgue/uav_ws/build/mujoco_ros_utils/plugin && /usr/bin/cmake -E cmake_link_script CMakeFiles/MujocoRosUtils.dir/link.txt --verbose=1
/usr/bin/c++ -fPIC  -pedantic -Wno-long-long -Wall -Wextra -Wcast-align -Wcast-qual -Wformat -Wwrite-strings -Wconversion  -shared -Wl,-soname,libMujocoRosUtils.so -o libMujocoRosUtils.so CMakeFiles/MujocoRosUtils.dir/ClockPublisher.cpp.o CMakeFiles/MujocoRosUtils.dir/PosePublisher.cpp.o CMakeFiles/MujocoRosUtils.dir/ImagePublisher.cpp.o CMakeFiles/MujocoRosUtils.dir/ActuatorCommand.cpp.o CMakeFiles/MujocoRosUtils.dir/ExternalForce.cpp.o CMakeFiles/MujocoRosUtils.dir/SensorPublisher.cpp.o CMakeFiles/MujocoRosUtils.dir/WrenchToActuators.cpp.o CMakeFiles/MujocoRosUtils.dir/OdometryPublisher.cpp.o CMakeFiles/MujocoRosUtils.dir/ImuPublisher.cpp.o CMakeFiles/MujocoRosUtils.dir/AcroMode.cpp.o CMakeFiles/MujocoRosUtils.dir/LowLevelMode.cpp.o CMakeFiles/MujocoRosUtils.dir/So3Mode.cpp.o  -Wl,-rpath,"\$ORIGIN:/home/bryansgue/uav_ws/mujoco-3.4.0/bin:/home/bryansgue/uav_ws/mujoco-3.4.0/lib" /opt/ros/humble/lib/libvisualization_msgs__rosidl_typesupport_fastrtps_c.so /opt/ros/humble/lib/libvisualization_msgs__rosidl_typesupport_fastrtps_cpp.so /opt/ros/humble/lib/libvisualization_msgs__rosidl_typesupport_introspection_c.so /opt/ros/humble/lib/libvisualization_msgs__rosidl_typesupport_introspection_cpp.so /opt/ros/humble/lib/libvisualization_msgs__rosidl_typesupport_cpp.so /opt/ros/humble/lib/libvisualization_msgs__rosidl_generator_py.so /opt/ros/humble/lib/libstatic_transform_broadcaster_node.so /opt/ros/humble/lib/libsensor_msgs__rosidl_typesupport_fastrtps_c.so /opt/ros/humble/lib/libsensor_msgs__rosidl_typesupport_fastrtps_cpp.so /opt/ros/humble/lib/libsensor_msgs__rosidl_typesupport_introspection_c.so /opt/ros/humble/lib/libsensor_msgs__rosidl_typesupport_introspection_cpp.so /opt/ros/humble/lib/libsensor_msgs__rosidl_generator_py.so /home/bryansgue/uav_ws/install/quadrotor_msgs/lib/libquadrotor_msgs__rosidl_typesupport_fastrtps_c.so /home/bryansgue/uav_ws/install/quadrotor_msgs/lib/libquadrotor_msgs__rosidl_typesupport_fastrtps_cpp.so /home/bryansgue/uav_ws/install/quadrotor_msgs/lib/libquadrotor_msgs__rosidl_typesupport_introspection_c.so /home/bryansgue/uav_ws/install/quadrotor_msgs/lib/libquadrotor_msgs__rosidl_typesupport_introspection_cpp.so /home/bryansgue/uav_ws/install/quadrotor_msgs/lib/libquadrotor_msgs__rosidl_generator_py.so ../libmujoco_ros_utils__rosidl_typesupport_cpp.so /home/bryansgue/uav_ws/mujoco-3.4.0/lib/libmujoco.so.3.4.0 /usr/lib/x86_64-linux-gnu/libglfw.so.3.3 /opt/ros/humble/lib/libvisualization_msgs__rosidl_typesupport_c.so /opt/ros/humble/lib/libvisualization_msgs__rosidl_generator_c.so /opt/ros/humble/lib/libsensor_msgs__rosidl_typesupport_c.so /opt/ros/humble/lib/libsensor_msgs__rosidl_generator_c.so /opt/ros/humble/lib/libtf2_ros.so /opt/ros/humble/lib/libmessage_filters.so /opt/ros/humble/lib/librclcpp_action.so /opt/ros/humble/lib/librclcpp.so /opt/ros/humble/lib/liblibstatistics_collector.so /opt/ros/humble/lib/librosgraph_msgs__rosidl_typesupport_fastrtps_c.so /opt/ros/humble/lib/librosgraph_msgs__rosidl_typesupport_fastrtps_cpp.so /opt/ros/humble/lib/librosgraph_msgs__rosidl_typesupport_introspection_c.so /opt/ros/humble/lib/librosgraph_msgs__rosidl_typesupport_introspection_cpp.so /opt/ros/humble/lib/librosgraph_msgs__rosidl_typesupport_cpp.so /opt/ros/humble/lib/librosgraph_msgs__rosidl_generator_py.so /opt/ros/humble/lib/librosgraph_msgs__rosidl_typesupport_c.so /opt/ros/humble/lib/librosgraph_msgs__rosidl_generator_c.so /opt/ros/humble/lib/libstatistics_msgs__rosidl_typesupport_fastrtps_c.so /opt/ros/humble/lib/libstatistics_msgs__rosidl_typesupport_fastrtps_cpp.so /opt/ros/humble/lib/libstatistics_msgs__rosidl_typesupport_introspection_c.so /opt/ros/humble/lib/libstatistics_msgs__rosidl_typesupport_introspection_cpp.so /opt/ros/humble/lib/libstatistics_msgs__rosidl_typesupport_cpp.so /opt/ros/humble/lib/libstatistics_msgs__rosidl_generator_py.so /opt/ros/humble/lib/libstatistics_msgs__rosidl_typesupport_c.so /opt/ros/humble/lib/libstatistics_msgs__rosidl_generator_c.so /opt/ros/humble/lib/librcl_action.so /opt/ros/humble/lib/librcl.so /opt/ros/humble/lib/librcl_interfaces__rosidl_typesupport_fastrtps_c.so /opt/ros/humble/lib/librcl_interfaces__rosidl_typesupport_introspection_c.so /opt/ros/humble/lib/librcl_interfaces__rosidl_typesupport_fastrtps_cpp.so /opt/ros/humble/lib/librcl_interfaces__rosidl_typesupport_introspection_cpp.so /opt/ros/humble/lib/librcl_interfaces__rosidl_typesupport_cpp.so /opt/ros/humble/lib/librcl_interfaces__rosidl_generator_py.so /opt/ros/humble/lib/librcl_interfaces__rosidl_typesupport_c.so /opt/ros/humble/lib/librcl_interfaces__rosidl_generator_c.so /opt/ros/humble/lib/librcl_yaml_param_parser.so /opt/ros/humble/lib/libyaml.so /opt/ros/humble/lib/libtracetools.so /opt/ros/humble/lib/librmw_implementation.so /opt/ros/humble/lib/libament_index_cpp.so /opt/ros/humble/lib/librcl_logging_spdlog.so /opt/ros/humble/lib/librcl_logging_interface.so /opt/ros/humble/lib/libtf2.so /opt/ros/humble/lib/libtf2_msgs__rosidl_typesupport_fastrtps_c.so /opt/ros/humble/lib/libaction_msgs__rosidl_typesupport_fastrtps_c.so /opt/ros/humble/lib/libunique_identifier_msgs__rosidl_typesupport_fastrtps_c.so /opt/ros/humble/lib/libtf2_msgs__rosidl_typesupport_introspection_c.so /opt/ros/humble/lib/libaction_msgs__rosidl_typesupport_introspection_c.so /opt/ros/humble/lib/libunique_identifier_msgs__rosidl_typesupport_introspection_c.so /opt/ros/humble/lib/libtf2_msgs__rosidl_typesupport_fastrtps_cpp.so /opt/ros/humble/lib/libaction_msgs__rosidl_typesupport_fastrtps_cpp.so /opt/ros/humble/lib/libunique_identifier_msgs__rosidl_typesupport_fastrtps_cpp.so /opt/ros/humble/lib/libtf2_msgs__rosidl_typesupport_introspection_cpp.so /opt/ros/humble/lib/libaction_msgs__rosidl_typesupport_introspection_cpp.so /opt/ros/humble/lib/libunique_identifier_msgs__rosidl_typesupport_introspection_cpp.so /opt/ros/humble/lib/libtf2_msgs__rosidl_typesupport_cpp.so /opt/ros/humble/lib/libaction_msgs__rosidl_typesupport_cpp.so /opt/ros/humble/lib/libunique_identifier_msgs__rosidl_typesupport_cpp.so /opt/ros/humble/lib/libtf2_msgs__rosidl_generator_py.so /opt/ros/humble/lib/libtf2_msgs__rosidl_typesupport_c.so /opt/ros/humble/lib/libtf2_msgs__rosidl_generator_c.so /opt/ros/humble/lib/libaction_msgs__rosidl_generator_py.so /opt/ros/humble/lib/libaction_msgs__rosidl_typesupport_c.so /opt/ros/humble/lib/libaction_msgs__rosidl_generator_c.so /opt/ros/humble/lib/libunique_identifier_msgs__rosidl_generator_py.so /opt/ros/humble/lib/libunique_identifier_msgs__rosidl_typesupport_c.so /opt/ros/humble/lib/libunique_identifier_msgs__rosidl_generator_c.so /opt/ros/humble/lib/libsensor_msgs__rosidl_typesupport_cpp.so /opt/ros/humble/lib/libnav_msgs__rosidl_typesupport_fastrtps_c.so /opt/ros/humble/lib/libgeometry_msgs__rosidl_typesupport_fastrtps_c.so /opt/ros/humble/lib/libstd_msgs__rosidl_typesupport_fastrtps_c.so /opt/ros/humble/lib/libbuiltin_interfaces__rosidl_typesupport_fastrtps_c.so /opt/ros/humble/lib/librosidl_typesupport_fastrtps_c.so /opt/ros/humble/lib/libnav_msgs__rosidl_typesupport_fastrtps_cpp.so /opt/ros/humble/lib/libgeometry_msgs__rosidl_typesupport_fastrtps_cpp.so /opt/ros/humble/lib/libstd_msgs__rosidl_typesupport_fastrtps_cpp.so /opt/ros/humble/lib/libbuiltin_interfaces__rosidl_typesupport_fastrtps_cpp.so /opt/ros/humble/lib/librosidl_typesupport_fastrtps_cpp.so /opt/ros/humble/lib/libfastcdr.so.1.0.29 /opt/ros/humble/lib/librmw.so /opt/ros/humble/lib/libnav_msgs__rosidl_typesupport_introspection_c.so /opt/ros/humble/lib/libgeometry_msgs__rosidl_typesupport_introspection_c.so /opt/ros/humble/lib/libstd_msgs__rosidl_typesupport_introspection_c.so /opt/ros/humble/lib/libbuiltin_interfaces__rosidl_typesupport_introspection_c.so /opt/ros/humble/lib/libnav_msgs__rosidl_typesupport_introspection_cpp.so /opt/ros/humble/lib/libgeometry_msgs__rosidl_typesupport_introspection_cpp.so /opt/ros/humble/lib/libstd_msgs__rosidl_typesupport_introspection_cpp.so /opt/ros/humble/lib/libbuiltin_interfaces__rosidl_typesupport_introspection_cpp.so /opt/ros/humble/lib/librosidl_typesupport_introspection_cpp.so /opt/ros/humble/lib/librosidl_typesupport_introspection_c.so /opt/ros/humble/lib/libnav_msgs__rosidl_generator_py.so /opt/ros/humble/lib/libgeometry_msgs__rosidl_generator_py.so /opt/ros/humble/lib/libstd_msgs__rosidl_generator_py.so /opt/ros/humble/lib/libbuiltin_interfaces__rosidl_generator_py.so /home/bryansgue/uav_ws/install/quadrotor_msgs/lib/libquadrotor_msgs__rosidl_typesupport_c.so /opt/ros/humble/lib/libnav_msgs__rosidl_typesupport_c.so /opt/ros/humble/lib/libgeometry_msgs__rosidl_typesupport_c.so /opt/ros/humble/lib/libstd_msgs__rosidl_typesupport_c.so /opt/ros/humble/lib/libbuiltin_interfaces__rosidl_typesupport_c.so /home/bryansgue/uav_ws/install/quadrotor_msgs/lib/libquadrotor_msgs__rosidl_generator_c.so /opt/ros/humble/lib/libnav_msgs__rosidl_generator_c.so /opt/ros/humble/lib/libgeometry_msgs__rosidl_generator_c.so /opt/ros/humble/lib/libstd_msgs__rosidl_generator_c.so /opt/ros/humble/lib/libbuiltin_interfaces__rosidl_generator_c.so /usr/lib/x86_64-linux-gnu/libpython3.10.so /home/bryansgue/uav_ws/install/quadrotor_msgs/lib/libquadrotor_msgs__rosidl_typesupport_cpp.so /opt/ros/humble/lib/libnav_msgs__rosidl_typesupport_cpp.so /opt/ros/humble/lib/libgeometry_msgs__rosidl_typesupport_cpp.so /opt/ros/humble/lib/libstd_msgs__rosidl_typesupport_cpp.so /opt/ros/humble/lib/libbuiltin_interfaces__rosidl_typesupport_cpp.so /opt/ros/humble/lib/libstd_srvs__rosidl_typesupport_cpp.so /opt/ros/humble/lib/librosidl_typesupport_cpp.so /opt/ros/humble/lib/librosidl_typesupport_c.so /opt/ros/humble/lib/librcpputils.so /opt/ros/humble/lib/librosidl_runtime_c.so /opt/ros/humble/lib/librcutils.so -ldl -latomic 
gmake[2]: Leaving directory '/home/bryansgue/uav_ws/build/mujoco_ros_utils'
[ 96%] Built target MujocoRosUtils
/usr/bin/gmake  -f plugin/CMakeFiles/MujocoRosUtilsPlugin.dir/build.make plugin/CMakeFiles/MujocoRosUtilsPlugin.dir/depend
gmake[2]: Entering directory '/home/bryansgue/uav_ws/build/mujoco_ros_utils'
cd /home/bryansgue/uav_ws/build/mujoco_ros_utils && /usr/bin/cmake -E cmake_depends "Unix Makefiles" /home/bryansgue/uav_ws/src/MujocoRosUtils /home/bryansgue/uav_ws/src/MujocoRosUtils/plugin /home/bryansgue/uav_ws/build/mujoco_ros_utils /home/bryansgue/uav_ws/build/mujoco_ros_utils/plugin /home/bryansgue/uav_ws/build/mujoco_ros_utils/plugin/CMakeFiles/MujocoRosUtilsPlugin.dir/DependInfo.cmake --color=
gmake[2]: Leaving directory '/home/bryansgue/uav_ws/build/mujoco_ros_utils'
/usr/bin/gmake  -f plugin/CMakeFiles/MujocoRosUtilsPlugin.dir/build.make plugin/CMakeFiles/MujocoRosUtilsPlugin.dir/build
gmake[2]: Entering directory '/home/bryansgue/uav_ws/build/mujoco_ros_utils'
[ 98%] Building CXX object plugin/CMakeFiles/MujocoRosUtilsPlugin.dir/Plugin.cpp.o
cd /home/bryansgue/uav_ws/build/mujoco_ros_utils/plugin && /usr/bin/c++ -DDEFAULT_RMW_IMPLEMENTATION=rmw_fastrtps_cpp -DFASTCDR_DYN_LINK -DMujocoRosUtilsPlugin_EXPORTS -DRCUTILS_ENABLE_FAULT_INJECTION -DROS_PACKAGE_NAME=\"mujoco_ros_utils\" -I/home/bryansgue/uav_ws/build/mujoco_ros_utils -I/home/bryansgue/uav_ws/build/mujoco_ros_utils/include -I/home/bryansgue/uav_ws/src/MujocoRosUtils/include -I/home/bryansgue/uav_ws/mujoco-3.4.0/include -I/home/bryansgue/uav_ws/build/mujoco_ros_utils/rosidl_generator_cpp -isystem /opt/ros/humble/include/rclcpp -isystem /opt/ros/humble/include/ament_index_cpp -isystem /opt/ros/humble/include/libstatistics_collector -isystem /opt/ros/humble/include/builtin_interfaces -isystem /opt/ros/humble/include/rosidl_runtime_c -isystem /opt/ros/humble/include/rcutils -isystem /opt/ros/humble/include/rosidl_typesupport_interface -isystem /opt/ros/humble/include/fastcdr -isystem /opt/ros/humble/include/rosidl_runtime_cpp -isystem /opt/ros/humble/include/rosidl_typesupport_fastrtps_cpp -isystem /opt/ros/humble/include/rmw -isystem /opt/ros/humble/include/rosidl_typesupport_fastrtps_c -isystem /opt/ros/humble/include/rosidl_typesupport_introspection_c -isystem /opt/ros/humble/include/rosidl_typesupport_introspection_cpp -isystem /opt/ros/humble/include/rcl -isystem /opt/ros/humble/include/rcl_interfaces -isystem /opt/ros/humble/include/rcl_logging_interface -isystem /opt/ros/humble/include/rcl_yaml_param_parser -isystem /opt/ros/humble/include/libyaml_vendor -isystem /opt/ros/humble/include/tracetools -isystem /opt/ros/humble/include/rcpputils -isystem /opt/ros/humble/include/statistics_msgs -isystem /opt/ros/humble/include/rosgraph_msgs -isystem /opt/ros/humble/include/rosidl_typesupport_cpp -isystem /opt/ros/humble/include/rosidl_typesupport_c -isystem /opt/ros/humble/include/std_msgs -isystem /opt/ros/humble/include/geometry_msgs -isystem /opt/ros/humble/include/visualization_msgs -isystem /opt/ros/humble/include/sensor_msgs -isystem /opt/ros/humble/include/tf2_ros -isystem /opt/ros/humble/include/message_filters -isystem /opt/ros/humble/include/rclcpp_action -isystem /opt/ros/humble/include/action_msgs -isystem /opt/ros/humble/include/unique_identifier_msgs -isystem /opt/ros/humble/include/rcl_action -isystem /opt/ros/humble/include/tf2 -isystem /opt/ros/humble/include/tf2_msgs -isystem /opt/ros/humble/include/nav_msgs -isystem /home/bryansgue/uav_ws/install/quadrotor_msgs/include/quadrotor_msgs -isystem /opt/ros/humble/include/std_srvs -pedantic -Wno-long-long -Wall -Wextra -Wcast-align -Wcast-qual -Wformat -Wwrite-strings -Wconversion  -fPIC -MD -MT plugin/CMakeFiles/MujocoRosUtilsPlugin.dir/Plugin.cpp.o -MF CMakeFiles/MujocoRosUtilsPlugin.dir/Plugin.cpp.o.d -o CMakeFiles/MujocoRosUtilsPlugin.dir/Plugin.cpp.o -c /home/bryansgue/uav_ws/src/MujocoRosUtils/plugin/Plugin.cpp
[100%] Linking CXX shared library libMujocoRosUtilsPlugin.so
cd /home/bryansgue/uav_ws/build/mujoco_ros_utils/plugin && /usr/bin/cmake -E cmake_link_script CMakeFiles/MujocoRosUtilsPlugin.dir/link.txt --verbose=1
/usr/bin/c++ -fPIC  -pedantic -Wno-long-long -Wall -Wextra -Wcast-align -Wcast-qual -Wformat -Wwrite-strings -Wconversion  -shared -Wl,-soname,libMujocoRosUtilsPlugin.so -o libMujocoRosUtilsPlugin.so CMakeFiles/MujocoRosUtilsPlugin.dir/Plugin.cpp.o  -Wl,-rpath,"\$ORIGIN:/home/bryansgue/uav_ws/mujoco-3.4.0/bin:/home/bryansgue/uav_ws/mujoco-3.4.0/lib" libMujocoRosUtils.so /opt/ros/humble/lib/libvisualization_msgs__rosidl_typesupport_fastrtps_c.so /opt/ros/humble/lib/libvisualization_msgs__rosidl_typesupport_fastrtps_cpp.so /opt/ros/humble/lib/libvisualization_msgs__rosidl_typesupport_introspection_c.so /opt/ros/humble/lib/libvisualization_msgs__rosidl_typesupport_introspection_cpp.so /opt/ros/humble/lib/libvisualization_msgs__rosidl_typesupport_cpp.so /opt/ros/humble/lib/libvisualization_msgs__rosidl_generator_py.so /opt/ros/humble/lib/libvisualization_msgs__rosidl_typesupport_c.so /opt/ros/humble/lib/libvisualization_msgs__rosidl_generator_c.so /opt/ros/humble/lib/libstatic_transform_broadcaster_node.so /opt/ros/humble/lib/libtf2_ros.so /opt/ros/humble/lib/libmessage_filters.so /opt/ros/humble/lib/librclcpp_action.so /opt/ros/humble/lib/librclcpp.so /opt/ros/humble/lib/liblibstatistics_collector.so /opt/ros/humble/lib/librosgraph_msgs__rosidl_typesupport_fastrtps_c.so /opt/ros/humble/lib/librosgraph_msgs__rosidl_typesupport_fastrtps_cpp.so /opt/ros/humble/lib/librosgraph_msgs__rosidl_typesupport_introspection_c.so /opt/ros/humble/lib/librosgraph_msgs__rosidl_typesupport_introspection_cpp.so /opt/ros/humble/lib/librosgraph_msgs__rosidl_typesupport_cpp.so /opt/ros/humble/lib/librosgraph_msgs__rosidl_generator_py.so /opt/ros/humble/lib/librosgraph_msgs__rosidl_typesupport_c.so /opt/ros/humble/lib/librosgraph_msgs__rosidl_generator_c.so /opt/ros/humble/lib/libstatistics_msgs__rosidl_typesupport_fastrtps_c.so /opt/ros/humble/lib/libstatistics_msgs__rosidl_typesupport_fastrtps_cpp.so /opt/ros/humble/lib/libstatistics_msgs__rosidl_typesupport_introspection_c.so /opt/ros/humble/lib/libstatistics_msgs__rosidl_typesupport_introspection_cpp.so /opt/ros/humble/lib/libstatistics_msgs__rosidl_typesupport_cpp.so /opt/ros/humble/lib/libstatistics_msgs__rosidl_generator_py.so /opt/ros/humble/lib/libstatistics_msgs__rosidl_typesupport_c.so /opt/ros/humble/lib/libstatistics_msgs__rosidl_generator_c.so /opt/ros/humble/lib/librcl_action.so /opt/ros/humble/lib/librcl.so /opt/ros/humble/lib/librcl_interfaces__rosidl_typesupport_fastrtps_c.so /opt/ros/humble/lib/librcl_interfaces__rosidl_typesupport_introspection_c.so /opt/ros/humble/lib/librcl_interfaces__rosidl_typesupport_fastrtps_cpp.so /opt/ros/humble/lib/librcl_interfaces__rosidl_typesupport_introspection_cpp.so /opt/ros/humble/lib/librcl_interfaces__rosidl_typesupport_cpp.so /opt/ros/humble/lib/librcl_interfaces__rosidl_generator_py.so /opt/ros/humble/lib/librcl_interfaces__rosidl_typesupport_c.so /opt/ros/humble/lib/librcl_interfaces__rosidl_generator_c.so /opt/ros/humble/lib/librcl_yaml_param_parser.so /opt/ros/humble/lib/libyaml.so /opt/ros/humble/lib/libtracetools.so /opt/ros/humble/lib/librmw_implementation.so /opt/ros/humble/lib/libament_index_cpp.so /opt/ros/humble/lib/librcl_logging_spdlog.so /opt/ros/humble/lib/librcl_logging_interface.so /opt/ros/humble/lib/libtf2.so /opt/ros/humble/lib/libtf2_msgs__rosidl_typesupport_fastrtps_c.so /opt/ros/humble/lib/libaction_msgs__rosidl_typesupport_fastrtps_c.so /opt/ros/humble/lib/libunique_identifier_msgs__rosidl_typesupport_fastrtps_c.so /opt/ros/humble/lib/libtf2_msgs__rosidl_typesupport_introspection_c.so /opt/ros/humble/lib/libaction_msgs__rosidl_typesupport_introspection_c.so /opt/ros/humble/lib/libunique_identifier_msgs__rosidl_typesupport_introspection_c.so /opt/ros/humble/lib/libtf2_msgs__rosidl_typesupport_fastrtps_cpp.so /opt/ros/humble/lib/libaction_msgs__rosidl_typesupport_fastrtps_cpp.so /opt/ros/humble/lib/libunique_identifier_msgs__rosidl_typesupport_fastrtps_cpp.so /opt/ros/humble/lib/libtf2_msgs__rosidl_typesupport_introspection_cpp.so /opt/ros/humble/lib/libaction_msgs__rosidl_typesupport_introspection_cpp.so /opt/ros/humble/lib/libunique_identifier_msgs__rosidl_typesupport_introspection_cpp.so /opt/ros/humble/lib/libtf2_msgs__rosidl_typesupport_cpp.so /opt/ros/humble/lib/libaction_msgs__rosidl_typesupport_cpp.so /opt/ros/humble/lib/libunique_identifier_msgs__rosidl_typesupport_cpp.so /opt/ros/humble/lib/libtf2_msgs__rosidl_generator_py.so /opt/ros/humble/lib/libtf2_msgs__rosidl_typesupport_c.so /opt/ros/humble/lib/libtf2_msgs__rosidl_generator_c.so /opt/ros/humble/lib/libaction_msgs__rosidl_generator_py.so /opt/ros/humble/lib/libaction_msgs__rosidl_typesupport_c.so /opt/ros/humble/lib/libaction_msgs__rosidl_generator_c.so /opt/ros/humble/lib/libunique_identifier_msgs__rosidl_generator_py.so /opt/ros/humble/lib/libunique_identifier_msgs__rosidl_typesupport_c.so /opt/ros/humble/lib/libunique_identifier_msgs__rosidl_generator_c.so /opt/ros/humble/lib/libsensor_msgs__rosidl_typesupport_fastrtps_c.so /opt/ros/humble/lib/libsensor_msgs__rosidl_typesupport_fastrtps_cpp.so /opt/ros/humble/lib/libsensor_msgs__rosidl_typesupport_introspection_c.so /opt/ros/humble/lib/libsensor_msgs__rosidl_typesupport_introspection_cpp.so /opt/ros/humble/lib/libsensor_msgs__rosidl_generator_py.so /opt/ros/humble/lib/libsensor_msgs__rosidl_typesupport_c.so /opt/ros/humble/lib/libsensor_msgs__rosidl_generator_c.so /opt/ros/humble/lib/libsensor_msgs__rosidl_typesupport_cpp.so /home/bryansgue/uav_ws/install/quadrotor_msgs/lib/libquadrotor_msgs__rosidl_typesupport_fastrtps_c.so /opt/ros/humble/lib/libnav_msgs__rosidl_typesupport_fastrtps_c.so /opt/ros/humble/lib/libgeometry_msgs__rosidl_typesupport_fastrtps_c.so /opt/ros/humble/lib/libstd_msgs__rosidl_typesupport_fastrtps_c.so /opt/ros/humble/lib/libbuiltin_interfaces__rosidl_typesupport_fastrtps_c.so /opt/ros/humble/lib/librosidl_typesupport_fastrtps_c.so /home/bryansgue/uav_ws/install/quadrotor_msgs/lib/libquadrotor_msgs__rosidl_typesupport_fastrtps_cpp.so /opt/ros/humble/lib/libnav_msgs__rosidl_typesupport_fastrtps_cpp.so /opt/ros/humble/lib/libgeometry_msgs__rosidl_typesupport_fastrtps_cpp.so /opt/ros/humble/lib/libstd_msgs__rosidl_typesupport_fastrtps_cpp.so /opt/ros/humble/lib/libbuiltin_interfaces__rosidl_typesupport_fastrtps_cpp.so /opt/ros/humble/lib/librosidl_typesupport_fastrtps_cpp.so /opt/ros/humble/lib/libfastcdr.so.1.0.29 /opt/ros/humble/lib/librmw.so /home/bryansgue/uav_ws/install/quadrotor_msgs/lib/libquadrotor_msgs__rosidl_typesupport_introspection_c.so /opt/ros/humble/lib/libnav_msgs__rosidl_typesupport_introspection_c.so /opt/ros/humble/lib/libgeometry_msgs__rosidl_typesupport_introspection_c.so /opt/ros/humble/lib/libstd_msgs__rosidl_typesupport_introspection_c.so /opt/ros/humble/lib/libbuiltin_interfaces__rosidl_typesupport_introspection_c.so /home/bryansgue/uav_ws/install/quadrotor_msgs/lib/libquadrotor_msgs__rosidl_typesupport_introspection_cpp.so /opt/ros/humble/lib/libnav_msgs__rosidl_typesupport_introspection_cpp.so /opt/ros/humble/lib/libgeometry_msgs__rosidl_typesupport_introspection_cpp.so /opt/ros/humble/lib/libstd_msgs__rosidl_typesupport_introspection_cpp.so /opt/ros/humble/lib/libbuiltin_interfaces__rosidl_typesupport_introspection_cpp.so /opt/ros/humble/lib/librosidl_typesupport_introspection_cpp.so /opt/ros/humble/lib/librosidl_typesupport_introspection_c.so /home/bryansgue/uav_ws/install/quadrotor_msgs/lib/libquadrotor_msgs__rosidl_generator_py.so /opt/ros/humble/lib/libnav_msgs__rosidl_generator_py.so /opt/ros/humble/lib/libgeometry_msgs__rosidl_generator_py.so /opt/ros/humble/lib/libstd_msgs__rosidl_generator_py.so /opt/ros/humble/lib/libbuiltin_interfaces__rosidl_generator_py.so /home/bryansgue/uav_ws/install/quadrotor_msgs/lib/libquadrotor_msgs__rosidl_typesupport_c.so /opt/ros/humble/lib/libnav_msgs__rosidl_typesupport_c.so /opt/ros/humble/lib/libgeometry_msgs__rosidl_typesupport_c.so /opt/ros/humble/lib/libstd_msgs__rosidl_typesupport_c.so /opt/ros/humble/lib/libbuiltin_interfaces__rosidl_typesupport_c.so /home/bryansgue/uav_ws/install/quadrotor_msgs/lib/libquadrotor_msgs__rosidl_generator_c.so /opt/ros/humble/lib/libnav_msgs__rosidl_generator_c.so /opt/ros/humble/lib/libgeometry_msgs__rosidl_generator_c.so /opt/ros/humble/lib/libstd_msgs__rosidl_generator_c.so /opt/ros/humble/lib/libbuiltin_interfaces__rosidl_generator_c.so /usr/lib/x86_64-linux-gnu/libpython3.10.so ../libmujoco_ros_utils__rosidl_typesupport_cpp.so /home/bryansgue/uav_ws/install/quadrotor_msgs/lib/libquadrotor_msgs__rosidl_typesupport_cpp.so /opt/ros/humble/lib/libnav_msgs__rosidl_typesupport_cpp.so /opt/ros/humble/lib/libgeometry_msgs__rosidl_typesupport_cpp.so /opt/ros/humble/lib/libstd_msgs__rosidl_typesupport_cpp.so /opt/ros/humble/lib/libbuiltin_interfaces__rosidl_typesupport_cpp.so /opt/ros/humble/lib/libstd_srvs__rosidl_typesupport_cpp.so /opt/ros/humble/lib/librosidl_typesupport_cpp.so /opt/ros/humble/lib/librosidl_typesupport_c.so /opt/ros/humble/lib/librcpputils.so /opt/ros/humble/lib/librosidl_runtime_c.so /opt/ros/humble/lib/librcutils.so -ldl -latomic /home/bryansgue/uav_ws/mujoco-3.4.0/lib/libmujoco.so.3.4.0 /usr/lib/x86_64-linux-gnu/libglfw.so.3.3 
gmake[2]: Leaving directory '/home/bryansgue/uav_ws/build/mujoco_ros_utils'
[100%] Built target MujocoRosUtilsPlugin
gmake[1]: Leaving directory '/home/bryansgue/uav_ws/build/mujoco_ros_utils'
/usr/bin/cmake -E cmake_progress_start /home/bryansgue/uav_ws/build/mujoco_ros_utils/CMakeFiles 0
-- Install configuration: ""
-- Execute custom install script
-- Up-to-date symlink: /home/bryansgue/uav_ws/install/mujoco_ros_utils/share/ament_index/resource_index/rosidl_interfaces/mujoco_ros_utils
-- Up-to-date symlink: /home/bryansgue/uav_ws/install/mujoco_ros_utils/include/mujoco_ros_utils/mujoco_ros_utils/msg/detail/external_force__functions.h
-- Up-to-date symlink: /home/bryansgue/uav_ws/install/mujoco_ros_utils/include/mujoco_ros_utils/mujoco_ros_utils/msg/detail/external_force__struct.h
-- Up-to-date symlink: /home/bryansgue/uav_ws/install/mujoco_ros_utils/include/mujoco_ros_utils/mujoco_ros_utils/msg/detail/external_force__type_support.h
-- Up-to-date symlink: /home/bryansgue/uav_ws/install/mujoco_ros_utils/include/mujoco_ros_utils/mujoco_ros_utils/msg/detail/scalar_stamped__functions.h
-- Up-to-date symlink: /home/bryansgue/uav_ws/install/mujoco_ros_utils/include/mujoco_ros_utils/mujoco_ros_utils/msg/detail/scalar_stamped__struct.h
-- Up-to-date symlink: /home/bryansgue/uav_ws/install/mujoco_ros_utils/include/mujoco_ros_utils/mujoco_ros_utils/msg/detail/scalar_stamped__type_support.h
-- Up-to-date symlink: /home/bryansgue/uav_ws/install/mujoco_ros_utils/include/mujoco_ros_utils/mujoco_ros_utils/msg/external_force.h
-- Up-to-date symlink: /home/bryansgue/uav_ws/install/mujoco_ros_utils/include/mujoco_ros_utils/mujoco_ros_utils/msg/rosidl_generator_c__visibility_control.h
-- Up-to-date symlink: /home/bryansgue/uav_ws/install/mujoco_ros_utils/include/mujoco_ros_utils/mujoco_ros_utils/msg/scalar_stamped.h
-- Up-to-date symlink: /home/bryansgue/uav_ws/install/mujoco_ros_utils/share/mujoco_ros_utils/environment/library_path.sh
-- Up-to-date symlink: /home/bryansgue/uav_ws/install/mujoco_ros_utils/share/mujoco_ros_utils/environment/library_path.dsv
-- Up-to-date symlink: /home/bryansgue/uav_ws/install/mujoco_ros_utils/include/mujoco_ros_utils/mujoco_ros_utils/msg/detail/external_force__rosidl_typesupport_fastrtps_c.h
-- Up-to-date symlink: /home/bryansgue/uav_ws/install/mujoco_ros_utils/include/mujoco_ros_utils/mujoco_ros_utils/msg/detail/scalar_stamped__rosidl_typesupport_fastrtps_c.h
-- Up-to-date symlink: /home/bryansgue/uav_ws/install/mujoco_ros_utils/include/mujoco_ros_utils/mujoco_ros_utils/msg/rosidl_typesupport_fastrtps_c__visibility_control.h
-- Up-to-date symlink: /home/bryansgue/uav_ws/install/mujoco_ros_utils/include/mujoco_ros_utils/mujoco_ros_utils/msg/detail/external_force__builder.hpp
-- Up-to-date symlink: /home/bryansgue/uav_ws/install/mujoco_ros_utils/include/mujoco_ros_utils/mujoco_ros_utils/msg/detail/external_force__struct.hpp
-- Up-to-date symlink: /home/bryansgue/uav_ws/install/mujoco_ros_utils/include/mujoco_ros_utils/mujoco_ros_utils/msg/detail/external_force__traits.hpp
-- Up-to-date symlink: /home/bryansgue/uav_ws/install/mujoco_ros_utils/include/mujoco_ros_utils/mujoco_ros_utils/msg/detail/external_force__type_support.hpp
-- Up-to-date symlink: /home/bryansgue/uav_ws/install/mujoco_ros_utils/include/mujoco_ros_utils/mujoco_ros_utils/msg/detail/scalar_stamped__builder.hpp
-- Up-to-date symlink: /home/bryansgue/uav_ws/install/mujoco_ros_utils/include/mujoco_ros_utils/mujoco_ros_utils/msg/detail/scalar_stamped__struct.hpp
-- Up-to-date symlink: /home/bryansgue/uav_ws/install/mujoco_ros_utils/include/mujoco_ros_utils/mujoco_ros_utils/msg/detail/scalar_stamped__traits.hpp
-- Up-to-date symlink: /home/bryansgue/uav_ws/install/mujoco_ros_utils/include/mujoco_ros_utils/mujoco_ros_utils/msg/detail/scalar_stamped__type_support.hpp
-- Up-to-date symlink: /home/bryansgue/uav_ws/install/mujoco_ros_utils/include/mujoco_ros_utils/mujoco_ros_utils/msg/external_force.hpp
-- Up-to-date symlink: /home/bryansgue/uav_ws/install/mujoco_ros_utils/include/mujoco_ros_utils/mujoco_ros_utils/msg/rosidl_generator_cpp__visibility_control.hpp
-- Up-to-date symlink: /home/bryansgue/uav_ws/install/mujoco_ros_utils/include/mujoco_ros_utils/mujoco_ros_utils/msg/scalar_stamped.hpp
-- Up-to-date symlink: /home/bryansgue/uav_ws/install/mujoco_ros_utils/include/mujoco_ros_utils/mujoco_ros_utils/msg/detail/external_force__rosidl_typesupport_fastrtps_cpp.hpp
-- Up-to-date symlink: /home/bryansgue/uav_ws/install/mujoco_ros_utils/include/mujoco_ros_utils/mujoco_ros_utils/msg/detail/scalar_stamped__rosidl_typesupport_fastrtps_cpp.hpp
-- Up-to-date symlink: /home/bryansgue/uav_ws/install/mujoco_ros_utils/include/mujoco_ros_utils/mujoco_ros_utils/msg/rosidl_typesupport_fastrtps_cpp__visibility_control.h
-- Up-to-date symlink: /home/bryansgue/uav_ws/install/mujoco_ros_utils/include/mujoco_ros_utils/mujoco_ros_utils/msg/detail/external_force__rosidl_typesupport_introspection_c.h
-- Up-to-date symlink: /home/bryansgue/uav_ws/install/mujoco_ros_utils/include/mujoco_ros_utils/mujoco_ros_utils/msg/detail/scalar_stamped__rosidl_typesupport_introspection_c.h
-- Up-to-date symlink: /home/bryansgue/uav_ws/install/mujoco_ros_utils/include/mujoco_ros_utils/mujoco_ros_utils/msg/rosidl_typesupport_introspection_c__visibility_control.h
-- Up-to-date symlink: /home/bryansgue/uav_ws/install/mujoco_ros_utils/include/mujoco_ros_utils/mujoco_ros_utils/msg/detail/external_force__rosidl_typesupport_introspection_cpp.hpp
-- Up-to-date symlink: /home/bryansgue/uav_ws/install/mujoco_ros_utils/include/mujoco_ros_utils/mujoco_ros_utils/msg/detail/scalar_stamped__rosidl_typesupport_introspection_cpp.hpp
-- Up-to-date symlink: /home/bryansgue/uav_ws/install/mujoco_ros_utils/share/mujoco_ros_utils/environment/pythonpath.sh
-- Up-to-date symlink: /home/bryansgue/uav_ws/install/mujoco_ros_utils/share/mujoco_ros_utils/environment/pythonpath.dsv
-- Up-to-date symlink: /home/bryansgue/uav_ws/install/mujoco_ros_utils/local/lib/python3.10/dist-packages/mujoco_ros_utils-0.1.0-py3.10.egg-info/PKG-INFO
-- Up-to-date symlink: /home/bryansgue/uav_ws/install/mujoco_ros_utils/local/lib/python3.10/dist-packages/mujoco_ros_utils-0.1.0-py3.10.egg-info/SOURCES.txt
-- Up-to-date symlink: /home/bryansgue/uav_ws/install/mujoco_ros_utils/local/lib/python3.10/dist-packages/mujoco_ros_utils-0.1.0-py3.10.egg-info/dependency_links.txt
-- Up-to-date symlink: /home/bryansgue/uav_ws/install/mujoco_ros_utils/local/lib/python3.10/dist-packages/mujoco_ros_utils-0.1.0-py3.10.egg-info/top_level.txt
-- Up-to-date symlink: /home/bryansgue/uav_ws/install/mujoco_ros_utils/local/lib/python3.10/dist-packages/mujoco_ros_utils/__init__.py
-- Up-to-date symlink: /home/bryansgue/uav_ws/install/mujoco_ros_utils/local/lib/python3.10/dist-packages/mujoco_ros_utils/_mujoco_ros_utils_s.ep.rosidl_typesupport_c.c
-- Up-to-date symlink: /home/bryansgue/uav_ws/install/mujoco_ros_utils/local/lib/python3.10/dist-packages/mujoco_ros_utils/_mujoco_ros_utils_s.ep.rosidl_typesupport_fastrtps_c.c
-- Up-to-date symlink: /home/bryansgue/uav_ws/install/mujoco_ros_utils/local/lib/python3.10/dist-packages/mujoco_ros_utils/_mujoco_ros_utils_s.ep.rosidl_typesupport_introspection_c.c
-- Up-to-date symlink: /home/bryansgue/uav_ws/install/mujoco_ros_utils/local/lib/python3.10/dist-packages/mujoco_ros_utils/libmujoco_ros_utils__rosidl_generator_py.so
-- Up-to-date symlink: /home/bryansgue/uav_ws/install/mujoco_ros_utils/local/lib/python3.10/dist-packages/mujoco_ros_utils/msg/__init__.py
-- Up-to-date symlink: /home/bryansgue/uav_ws/install/mujoco_ros_utils/local/lib/python3.10/dist-packages/mujoco_ros_utils/msg/_external_force.py
-- Up-to-date symlink: /home/bryansgue/uav_ws/install/mujoco_ros_utils/local/lib/python3.10/dist-packages/mujoco_ros_utils/msg/_external_force_s.c
-- Up-to-date symlink: /home/bryansgue/uav_ws/install/mujoco_ros_utils/local/lib/python3.10/dist-packages/mujoco_ros_utils/msg/_scalar_stamped.py
-- Up-to-date symlink: /home/bryansgue/uav_ws/install/mujoco_ros_utils/local/lib/python3.10/dist-packages/mujoco_ros_utils/msg/_scalar_stamped_s.c
-- Up-to-date symlink: /home/bryansgue/uav_ws/install/mujoco_ros_utils/local/lib/python3.10/dist-packages/mujoco_ros_utils/mujoco_ros_utils_s__rosidl_typesupport_c.cpython-310-x86_64-linux-gnu.so
-- Up-to-date symlink: /home/bryansgue/uav_ws/install/mujoco_ros_utils/local/lib/python3.10/dist-packages/mujoco_ros_utils/mujoco_ros_utils_s__rosidl_typesupport_fastrtps_c.cpython-310-x86_64-linux-gnu.so
-- Up-to-date symlink: /home/bryansgue/uav_ws/install/mujoco_ros_utils/local/lib/python3.10/dist-packages/mujoco_ros_utils/mujoco_ros_utils_s__rosidl_typesupport_introspection_c.cpython-310-x86_64-linux-gnu.so
-- Up-to-date symlink: /home/bryansgue/uav_ws/install/mujoco_ros_utils/local/lib/python3.10/dist-packages/mujoco_ros_utils/mujoco_ros_utils_s__rosidl_typesupport_fastrtps_c.cpython-310-x86_64-linux-gnu.so
-- Up-to-date symlink: /home/bryansgue/uav_ws/install/mujoco_ros_utils/local/lib/python3.10/dist-packages/mujoco_ros_utils/mujoco_ros_utils_s__rosidl_typesupport_introspection_c.cpython-310-x86_64-linux-gnu.so
-- Up-to-date symlink: /home/bryansgue/uav_ws/install/mujoco_ros_utils/local/lib/python3.10/dist-packages/mujoco_ros_utils/mujoco_ros_utils_s__rosidl_typesupport_c.cpython-310-x86_64-linux-gnu.so
-- Up-to-date symlink: /home/bryansgue/uav_ws/install/mujoco_ros_utils/share/mujoco_ros_utils/msg/ExternalForce.idl
-- Up-to-date symlink: /home/bryansgue/uav_ws/install/mujoco_ros_utils/share/mujoco_ros_utils/msg/ScalarStamped.idl
-- Up-to-date symlink: /home/bryansgue/uav_ws/install/mujoco_ros_utils/share/mujoco_ros_utils/msg/ExternalForce.msg
-- Up-to-date symlink: /home/bryansgue/uav_ws/install/mujoco_ros_utils/share/mujoco_ros_utils/msg/ScalarStamped.msg
-- Up-to-date symlink: /home/bryansgue/uav_ws/install/mujoco_ros_utils/share/mujoco_ros_utils/launch/display.launch.py
-- Up-to-date symlink: /home/bryansgue/uav_ws/install/mujoco_ros_utils/share/mujoco_ros_utils/launch/display.rviz
-- Up-to-date symlink: /home/bryansgue/uav_ws/install/mujoco_ros_utils/share/ament_index/resource_index/package_run_dependencies/mujoco_ros_utils
-- Up-to-date symlink: /home/bryansgue/uav_ws/install/mujoco_ros_utils/share/ament_index/resource_index/parent_prefix_path/mujoco_ros_utils
-- Up-to-date symlink: /home/bryansgue/uav_ws/install/mujoco_ros_utils/share/mujoco_ros_utils/environment/ament_prefix_path.sh
-- Up-to-date symlink: /home/bryansgue/uav_ws/install/mujoco_ros_utils/share/mujoco_ros_utils/environment/ament_prefix_path.dsv
-- Up-to-date symlink: /home/bryansgue/uav_ws/install/mujoco_ros_utils/share/mujoco_ros_utils/environment/path.sh
-- Up-to-date symlink: /home/bryansgue/uav_ws/install/mujoco_ros_utils/share/mujoco_ros_utils/environment/path.dsv
-- Up-to-date symlink: /home/bryansgue/uav_ws/install/mujoco_ros_utils/share/mujoco_ros_utils/local_setup.bash
-- Up-to-date symlink: /home/bryansgue/uav_ws/install/mujoco_ros_utils/share/mujoco_ros_utils/local_setup.sh
-- Up-to-date symlink: /home/bryansgue/uav_ws/install/mujoco_ros_utils/share/mujoco_ros_utils/local_setup.zsh
-- Up-to-date symlink: /home/bryansgue/uav_ws/install/mujoco_ros_utils/share/mujoco_ros_utils/local_setup.dsv
-- Symlinking: /home/bryansgue/uav_ws/install/mujoco_ros_utils/share/mujoco_ros_utils/package.dsv
-- Up-to-date symlink: /home/bryansgue/uav_ws/install/mujoco_ros_utils/share/ament_index/resource_index/packages/mujoco_ros_utils
-- Up-to-date symlink: /home/bryansgue/uav_ws/install/mujoco_ros_utils/share/mujoco_ros_utils/cmake/rosidl_cmake-extras.cmake
-- Up-to-date symlink: /home/bryansgue/uav_ws/install/mujoco_ros_utils/share/mujoco_ros_utils/cmake/ament_cmake_export_dependencies-extras.cmake
-- Up-to-date symlink: /home/bryansgue/uav_ws/install/mujoco_ros_utils/share/mujoco_ros_utils/cmake/ament_cmake_export_include_directories-extras.cmake
-- Up-to-date symlink: /home/bryansgue/uav_ws/install/mujoco_ros_utils/share/mujoco_ros_utils/cmake/ament_cmake_export_libraries-extras.cmake
-- Up-to-date symlink: /home/bryansgue/uav_ws/install/mujoco_ros_utils/share/mujoco_ros_utils/cmake/ament_cmake_export_targets-extras.cmake
-- Up-to-date symlink: /home/bryansgue/uav_ws/install/mujoco_ros_utils/share/mujoco_ros_utils/cmake/rosidl_cmake_export_typesupport_targets-extras.cmake
-- Up-to-date symlink: /home/bryansgue/uav_ws/install/mujoco_ros_utils/share/mujoco_ros_utils/cmake/rosidl_cmake_export_typesupport_libraries-extras.cmake
-- Up-to-date symlink: /home/bryansgue/uav_ws/install/mujoco_ros_utils/share/mujoco_ros_utils/cmake/mujoco_ros_utilsConfig.cmake
-- Up-to-date symlink: /home/bryansgue/uav_ws/install/mujoco_ros_utils/share/mujoco_ros_utils/cmake/mujoco_ros_utilsConfig-version.cmake
-- Up-to-date symlink: /home/bryansgue/uav_ws/install/mujoco_ros_utils/share/mujoco_ros_utils/package.xml
-- Up-to-date symlink: /home/bryansgue/uav_ws/install/mujoco_ros_utils/share/xml/sample_mujoco_ros_utils.xml
-- Up-to-date: /home/bryansgue/uav_ws/install/mujoco_ros_utils/lib/libmujoco_ros_utils__rosidl_generator_c.so
-- Up-to-date: /home/bryansgue/uav_ws/install/mujoco_ros_utils/lib/libmujoco_ros_utils__rosidl_typesupport_fastrtps_c.so
-- Up-to-date: /home/bryansgue/uav_ws/install/mujoco_ros_utils/lib/libmujoco_ros_utils__rosidl_typesupport_fastrtps_cpp.so
-- Up-to-date: /home/bryansgue/uav_ws/install/mujoco_ros_utils/lib/libmujoco_ros_utils__rosidl_typesupport_introspection_c.so
-- Up-to-date: /home/bryansgue/uav_ws/install/mujoco_ros_utils/lib/libmujoco_ros_utils__rosidl_typesupport_c.so
-- Up-to-date: /home/bryansgue/uav_ws/install/mujoco_ros_utils/lib/libmujoco_ros_utils__rosidl_typesupport_introspection_cpp.so
-- Up-to-date: /home/bryansgue/uav_ws/install/mujoco_ros_utils/lib/libmujoco_ros_utils__rosidl_typesupport_cpp.so
Listing '/home/bryansgue/uav_ws/install/mujoco_ros_utils/local/lib/python3.10/dist-packages/mujoco_ros_utils'...
Listing '/home/bryansgue/uav_ws/install/mujoco_ros_utils/local/lib/python3.10/dist-packages/mujoco_ros_utils/msg'...
-- Up-to-date: /home/bryansgue/uav_ws/install/mujoco_ros_utils/lib/libmujoco_ros_utils__rosidl_generator_py.so
-- Up-to-date: /home/bryansgue/uav_ws/install/mujoco_ros_utils/share/mujoco_ros_utils/cmake/export_mujoco_ros_utils__rosidl_generator_cExport.cmake
-- Up-to-date: /home/bryansgue/uav_ws/install/mujoco_ros_utils/share/mujoco_ros_utils/cmake/export_mujoco_ros_utils__rosidl_generator_cExport-noconfig.cmake
-- Up-to-date: /home/bryansgue/uav_ws/install/mujoco_ros_utils/share/mujoco_ros_utils/cmake/export_mujoco_ros_utils__rosidl_typesupport_fastrtps_cExport.cmake
-- Up-to-date: /home/bryansgue/uav_ws/install/mujoco_ros_utils/share/mujoco_ros_utils/cmake/export_mujoco_ros_utils__rosidl_typesupport_fastrtps_cExport-noconfig.cmake
-- Up-to-date: /home/bryansgue/uav_ws/install/mujoco_ros_utils/share/mujoco_ros_utils/cmake/export_mujoco_ros_utils__rosidl_generator_cppExport.cmake
-- Up-to-date: /home/bryansgue/uav_ws/install/mujoco_ros_utils/share/mujoco_ros_utils/cmake/export_mujoco_ros_utils__rosidl_typesupport_fastrtps_cppExport.cmake
-- Up-to-date: /home/bryansgue/uav_ws/install/mujoco_ros_utils/share/mujoco_ros_utils/cmake/export_mujoco_ros_utils__rosidl_typesupport_fastrtps_cppExport-noconfig.cmake
-- Up-to-date: /home/bryansgue/uav_ws/install/mujoco_ros_utils/share/mujoco_ros_utils/cmake/mujoco_ros_utils__rosidl_typesupport_introspection_cExport.cmake
-- Up-to-date: /home/bryansgue/uav_ws/install/mujoco_ros_utils/share/mujoco_ros_utils/cmake/mujoco_ros_utils__rosidl_typesupport_introspection_cExport-noconfig.cmake
-- Up-to-date: /home/bryansgue/uav_ws/install/mujoco_ros_utils/share/mujoco_ros_utils/cmake/mujoco_ros_utils__rosidl_typesupport_cExport.cmake
-- Up-to-date: /home/bryansgue/uav_ws/install/mujoco_ros_utils/share/mujoco_ros_utils/cmake/mujoco_ros_utils__rosidl_typesupport_cExport-noconfig.cmake
-- Up-to-date: /home/bryansgue/uav_ws/install/mujoco_ros_utils/share/mujoco_ros_utils/cmake/mujoco_ros_utils__rosidl_typesupport_introspection_cppExport.cmake
-- Up-to-date: /home/bryansgue/uav_ws/install/mujoco_ros_utils/share/mujoco_ros_utils/cmake/mujoco_ros_utils__rosidl_typesupport_introspection_cppExport-noconfig.cmake
-- Up-to-date: /home/bryansgue/uav_ws/install/mujoco_ros_utils/share/mujoco_ros_utils/cmake/mujoco_ros_utils__rosidl_typesupport_cppExport.cmake
-- Up-to-date: /home/bryansgue/uav_ws/install/mujoco_ros_utils/share/mujoco_ros_utils/cmake/mujoco_ros_utils__rosidl_typesupport_cppExport-noconfig.cmake
-- Up-to-date: /home/bryansgue/uav_ws/install/mujoco_ros_utils/share/mujoco_ros_utils/cmake/export_mujoco_ros_utils__rosidl_generator_pyExport.cmake
-- Up-to-date: /home/bryansgue/uav_ws/install/mujoco_ros_utils/share/mujoco_ros_utils/cmake/export_mujoco_ros_utils__rosidl_generator_pyExport-noconfig.cmake
-- Installing: /home/bryansgue/uav_ws/mujoco-3.4.0/bin/mujoco_plugin/libMujocoRosUtils.so
-- Installing: /home/bryansgue/uav_ws/mujoco-3.4.0/bin/mujoco_plugin/libMujocoRosUtilsPlugin.so
-- Up-to-date: /home/bryansgue/uav_ws/install/mujoco_ros_utils/lib/pkgconfig/mujoco_ros_utils.pc
