[0.031s] Invoking command in '/home/bryansgue/uav_ws/build/mujoco_ros_utils': AMENT_PREFIX_PATH=/home/bryansgue/uav_ws/install/quadrotor_msgs:${AMENT_PREFIX_PATH} CMAKE_PREFIX_PATH=/home/bryansgue/uav_ws/install/quadrotor_msgs:/home/bryansgue/acp_ws/install/voxl2_rpm_interface:/home/bryansgue/acp_ws/install/trackers_manager:/home/bryansgue/acp_ws/install/std_trackers:/home/bryansgue/acp_ws/install/sim_interface:/home/bryansgue/acp_ws/install/drone_teleop:/home/bryansgue/acp_ws/install/nmpc_control:/home/bryansgue/acp_ws/install/mav_manager_test:/home/bryansgue/acp_ws/install/dq_nmpc:/opt/ros/humble:/home/bryansgue/acp_ws/install/mav_manager:/home/bryansgue/acp_ws/install/trackers_msgs:/home/bryansgue/acp_ws/install/quadrotor_simulator:/home/bryansgue/acp_ws/install/quad_mujoco_sim:/home/bryansgue/acp_ws/install/pi_ros2_interface:/home/bryansgue/acp_ws/install/nmpc_payload_cpp:/home/bryansgue/acp_ws/install/mujoco_ros_utils:/home/bryansgue/acp_ws/install/mav_control:/home/bryansgue/acp_ws/install/dq_cpp:/home/bryansgue/acp_ws/install/acp_mujoco_simulator:/home/bryansgue/acp_ws/install/quadrotor_msgs:/home/bryansgue/acp_ws/install/mesh_visualization:/home/bryansgue/acp_ws/install/mav_manager_srv:/home/bryansgue/acp_ws/install/acp_autonomy LD_LIBRARY_PATH=/home/bryansgue/uav_ws/install/quadrotor_msgs/lib:/home/bryansgue/acp_ws/install/trackers_manager/lib:/home/bryansgue/acp_ws/install/std_trackers/lib:/home/bryansgue/acp_ws/install/mav_manager/lib:/home/bryansgue/acp_ws/install/trackers_msgs/lib:/home/bryansgue/acp_ws/install/quadrotor_simulator/lib:/home/bryansgue/acp_ws/install/pi_ros2_interface/lib:/home/bryansgue/acp_ws/install/nmpc_payload_cpp/lib:/home/bryansgue/acp_ws/install/mujoco_ros_utils/lib:/home/bryansgue/acp_ws/install/mav_control/lib:/home/bryansgue/acp_ws/install/dq_cpp/lib:/home/bryansgue/acp_ws/install/quadrotor_msgs/lib:/home/bryansgue/acp_ws/install/mesh_visualization/lib:/home/bryansgue/acp_ws/install/mav_manager_srv/lib:/opt/ros/humble/opt/rviz_ogre_vendor/lib:/opt/ros/humble/lib/x86_64-linux-gnu:/opt/ros/humble/lib:/home/bryansgue/acados/lib:/home/bryansgue/acados/lib:/home/bryansgue/acados/external/blasfeo/lib:/home/bryansgue/acados/external/hpipm/lib:/home/bryansgue/acados/lib:/home/bryansgue/acados/lib:/home/bryansgue/acados/external/blasfeo/lib:/home/bryansgue/acados/external/hpipm/lib PYTHONPATH=/home/bryansgue/uav_ws/install/quadrotor_msgs/local/lib/python3.10/dist-packages:${PYTHONPATH} /usr/bin/cmake --build /home/bryansgue/uav_ws/build/mujoco_ros_utils -- -j16 -l16
[0.043s] /usr/bin/cmake -S/home/bryansgue/uav_ws/src/MujocoRosUtils -B/home/bryansgue/uav_ws/build/mujoco_ros_utils --check-build-system CMakeFiles/Makefile.cmake 0
[0.066s] /usr/bin/cmake -E cmake_progress_start /home/bryansgue/uav_ws/build/mujoco_ros_utils/CMakeFiles /home/bryansgue/uav_ws/build/mujoco_ros_utils//CMakeFiles/progress.marks
[0.078s] /usr/bin/gmake  -f CMakeFiles/Makefile2 all
[0.081s] gmake[1]: Entering directory '/home/bryansgue/uav_ws/build/mujoco_ros_utils'
[0.081s] /usr/bin/gmake  -f CMakeFiles/mujoco_ros_utils__cpp.dir/build.make CMakeFiles/mujoco_ros_utils__cpp.dir/depend
[0.081s] /usr/bin/gmake  -f CMakeFiles/mujoco_ros_utils__rosidl_generator_c.dir/build.make CMakeFiles/mujoco_ros_utils__rosidl_generator_c.dir/depend
[0.081s] /usr/bin/gmake  -f CMakeFiles/ament_cmake_python_symlink_mujoco_ros_utils.dir/build.make CMakeFiles/ament_cmake_python_symlink_mujoco_ros_utils.dir/depend
[0.084s] gmake[2]: Entering directory '/home/bryansgue/uav_ws/build/mujoco_ros_utils'
[0.084s] cd /home/bryansgue/uav_ws/build/mujoco_ros_utils && /usr/bin/cmake -E cmake_depends "Unix Makefiles" /home/bryansgue/uav_ws/src/MujocoRosUtils /home/bryansgue/uav_ws/src/MujocoRosUtils /home/bryansgue/uav_ws/build/mujoco_ros_utils /home/bryansgue/uav_ws/build/mujoco_ros_utils /home/bryansgue/uav_ws/build/mujoco_ros_utils/CMakeFiles/mujoco_ros_utils__cpp.dir/DependInfo.cmake --color=
[0.084s] gmake[2]: Entering directory '/home/bryansgue/uav_ws/build/mujoco_ros_utils'
[0.084s] cd /home/bryansgue/uav_ws/build/mujoco_ros_utils && /usr/bin/cmake -E cmake_depends "Unix Makefiles" /home/bryansgue/uav_ws/src/MujocoRosUtils /home/bryansgue/uav_ws/src/MujocoRosUtils /home/bryansgue/uav_ws/build/mujoco_ros_utils /home/bryansgue/uav_ws/build/mujoco_ros_utils /home/bryansgue/uav_ws/build/mujoco_ros_utils/CMakeFiles/ament_cmake_python_symlink_mujoco_ros_utils.dir/DependInfo.cmake --color=
[0.090s] gmake[2]: Entering directory '/home/bryansgue/uav_ws/build/mujoco_ros_utils'
[0.090s] cd /home/bryansgue/uav_ws/build/mujoco_ros_utils && /usr/bin/cmake -E cmake_depends "Unix Makefiles" /home/bryansgue/uav_ws/src/MujocoRosUtils /home/bryansgue/uav_ws/src/MujocoRosUtils /home/bryansgue/uav_ws/build/mujoco_ros_utils /home/bryansgue/uav_ws/build/mujoco_ros_utils /home/bryansgue/uav_ws/build/mujoco_ros_utils/CMakeFiles/mujoco_ros_utils__rosidl_generator_c.dir/DependInfo.cmake --color=
[0.096s] gmake[2]: Leaving directory '/home/bryansgue/uav_ws/build/mujoco_ros_utils'
[0.096s] gmake[2]: Leaving directory '/home/bryansgue/uav_ws/build/mujoco_ros_utils'
[0.096s] /usr/bin/gmake  -f CMakeFiles/ament_cmake_python_symlink_mujoco_ros_utils.dir/build.make CMakeFiles/ament_cmake_python_symlink_mujoco_ros_utils.dir/build
[0.096s] /usr/bin/gmake  -f CMakeFiles/mujoco_ros_utils__cpp.dir/build.make CMakeFiles/mujoco_ros_utils__cpp.dir/build
[0.098s] gmake[2]: Entering directory '/home/bryansgue/uav_ws/build/mujoco_ros_utils'
[0.098s] /usr/bin/cmake -E create_symlink /home/bryansgue/uav_ws/build/mujoco_ros_utils/rosidl_generator_py/mujoco_ros_utils /home/bryansgue/uav_ws/build/mujoco_ros_utils/ament_cmake_python/mujoco_ros_utils/mujoco_ros_utils
[0.099s] gmake[2]: Entering directory '/home/bryansgue/uav_ws/build/mujoco_ros_utils'
[0.099s] gmake[2]: Nothing to be done for 'CMakeFiles/mujoco_ros_utils__cpp.dir/build'.
[0.099s] gmake[2]: Leaving directory '/home/bryansgue/uav_ws/build/mujoco_ros_utils'
[0.102s] gmake[2]: Leaving directory '/home/bryansgue/uav_ws/build/mujoco_ros_utils'
[0.102s] /usr/bin/gmake  -f CMakeFiles/mujoco_ros_utils__rosidl_generator_c.dir/build.make CMakeFiles/mujoco_ros_utils__rosidl_generator_c.dir/build
[0.107s] [  1%] Built target mujoco_ros_utils__cpp
[0.108s] gmake[2]: Leaving directory '/home/bryansgue/uav_ws/build/mujoco_ros_utils'
[0.108s] /usr/bin/gmake  -f CMakeFiles/mujoco_ros_utils__rosidl_typesupport_cpp.dir/build.make CMakeFiles/mujoco_ros_utils__rosidl_typesupport_cpp.dir/depend
[0.109s] /usr/bin/gmake  -f CMakeFiles/mujoco_ros_utils__rosidl_typesupport_fastrtps_cpp.dir/build.make CMakeFiles/mujoco_ros_utils__rosidl_typesupport_fastrtps_cpp.dir/depend
[0.109s] gmake[2]: Entering directory '/home/bryansgue/uav_ws/build/mujoco_ros_utils'
[0.109s] gmake[2]: Nothing to be done for 'CMakeFiles/mujoco_ros_utils__rosidl_generator_c.dir/build'.
[0.109s] gmake[2]: Leaving directory '/home/bryansgue/uav_ws/build/mujoco_ros_utils'
[0.109s] /usr/bin/gmake  -f CMakeFiles/mujoco_ros_utils__rosidl_typesupport_introspection_cpp.dir/build.make CMakeFiles/mujoco_ros_utils__rosidl_typesupport_introspection_cpp.dir/depend
[0.113s] gmake[2]: Entering directory '/home/bryansgue/uav_ws/build/mujoco_ros_utils'
[0.113s] cd /home/bryansgue/uav_ws/build/mujoco_ros_utils && /usr/bin/cmake -E cmake_depends "Unix Makefiles" /home/bryansgue/uav_ws/src/MujocoRosUtils /home/bryansgue/uav_ws/src/MujocoRosUtils /home/bryansgue/uav_ws/build/mujoco_ros_utils /home/bryansgue/uav_ws/build/mujoco_ros_utils /home/bryansgue/uav_ws/build/mujoco_ros_utils/CMakeFiles/mujoco_ros_utils__rosidl_typesupport_cpp.dir/DependInfo.cmake --color=
[0.113s] gmake[2]: Entering directory '/home/bryansgue/uav_ws/build/mujoco_ros_utils'
[0.113s] cd /home/bryansgue/uav_ws/build/mujoco_ros_utils && /usr/bin/cmake -E cmake_depends "Unix Makefiles" /home/bryansgue/uav_ws/src/MujocoRosUtils /home/bryansgue/uav_ws/src/MujocoRosUtils /home/bryansgue/uav_ws/build/mujoco_ros_utils /home/bryansgue/uav_ws/build/mujoco_ros_utils /home/bryansgue/uav_ws/build/mujoco_ros_utils/CMakeFiles/mujoco_ros_utils__rosidl_typesupport_introspection_cpp.dir/DependInfo.cmake --color=
[0.114s] gmake[2]: Entering directory '/home/bryansgue/uav_ws/build/mujoco_ros_utils'
[0.114s] cd /home/bryansgue/uav_ws/build/mujoco_ros_utils && /usr/bin/cmake -E cmake_depends "Unix Makefiles" /home/bryansgue/uav_ws/src/MujocoRosUtils /home/bryansgue/uav_ws/src/MujocoRosUtils /home/bryansgue/uav_ws/build/mujoco_ros_utils /home/bryansgue/uav_ws/build/mujoco_ros_utils /home/bryansgue/uav_ws/build/mujoco_ros_utils/CMakeFiles/mujoco_ros_utils__rosidl_typesupport_fastrtps_cpp.dir/DependInfo.cmake --color=
[0.118s] [  3%] Built target ament_cmake_python_symlink_mujoco_ros_utils
[0.118s] [  9%] Built target mujoco_ros_utils__rosidl_generator_c
[0.119s] /usr/bin/gmake  -f CMakeFiles/ament_cmake_python_build_mujoco_ros_utils_egg.dir/build.make CMakeFiles/ament_cmake_python_build_mujoco_ros_utils_egg.dir/depend
[0.121s] gmake[2]: Entering directory '/home/bryansgue/uav_ws/build/mujoco_ros_utils'
[0.121s] cd /home/bryansgue/uav_ws/build/mujoco_ros_utils && /usr/bin/cmake -E cmake_depends "Unix Makefiles" /home/bryansgue/uav_ws/src/MujocoRosUtils /home/bryansgue/uav_ws/src/MujocoRosUtils /home/bryansgue/uav_ws/build/mujoco_ros_utils /home/bryansgue/uav_ws/build/mujoco_ros_utils /home/bryansgue/uav_ws/build/mujoco_ros_utils/CMakeFiles/ament_cmake_python_build_mujoco_ros_utils_egg.dir/DependInfo.cmake --color=
[0.125s] gmake[2]: Leaving directory '/home/bryansgue/uav_ws/build/mujoco_ros_utils'
[0.125s] /usr/bin/gmake  -f CMakeFiles/mujoco_ros_utils__rosidl_typesupport_cpp.dir/build.make CMakeFiles/mujoco_ros_utils__rosidl_typesupport_cpp.dir/build
[0.125s] gmake[2]: Leaving directory '/home/bryansgue/uav_ws/build/mujoco_ros_utils'
[0.125s] /usr/bin/gmake  -f CMakeFiles/mujoco_ros_utils__rosidl_typesupport_introspection_cpp.dir/build.make CMakeFiles/mujoco_ros_utils__rosidl_typesupport_introspection_cpp.dir/build
[0.125s] gmake[2]: Leaving directory '/home/bryansgue/uav_ws/build/mujoco_ros_utils'
[0.125s] /usr/bin/gmake  -f CMakeFiles/mujoco_ros_utils__rosidl_typesupport_fastrtps_cpp.dir/build.make CMakeFiles/mujoco_ros_utils__rosidl_typesupport_fastrtps_cpp.dir/build
[0.129s] gmake[2]: Entering directory '/home/bryansgue/uav_ws/build/mujoco_ros_utils'
[0.129s] gmake[2]: Entering directory '/home/bryansgue/uav_ws/build/mujoco_ros_utils'
[0.129s] gmake[2]: Nothing to be done for 'CMakeFiles/mujoco_ros_utils__rosidl_typesupport_cpp.dir/build'.
[0.130s] gmake[2]: Nothing to be done for 'CMakeFiles/mujoco_ros_utils__rosidl_typesupport_introspection_cpp.dir/build'.
[0.130s] gmake[2]: Leaving directory '/home/bryansgue/uav_ws/build/mujoco_ros_utils'
[0.130s] gmake[2]: Leaving directory '/home/bryansgue/uav_ws/build/mujoco_ros_utils'
[0.130s] gmake[2]: Entering directory '/home/bryansgue/uav_ws/build/mujoco_ros_utils'
[0.130s] gmake[2]: Nothing to be done for 'CMakeFiles/mujoco_ros_utils__rosidl_typesupport_fastrtps_cpp.dir/build'.
[0.130s] gmake[2]: Leaving directory '/home/bryansgue/uav_ws/build/mujoco_ros_utils'
[0.133s] gmake[2]: Leaving directory '/home/bryansgue/uav_ws/build/mujoco_ros_utils'
[0.133s] /usr/bin/gmake  -f CMakeFiles/ament_cmake_python_build_mujoco_ros_utils_egg.dir/build.make CMakeFiles/ament_cmake_python_build_mujoco_ros_utils_egg.dir/build
[0.134s] gmake[2]: Entering directory '/home/bryansgue/uav_ws/build/mujoco_ros_utils'
[0.134s] cd /home/bryansgue/uav_ws/build/mujoco_ros_utils/ament_cmake_python/mujoco_ros_utils && /usr/bin/python3 setup.py egg_info
[0.139s] [ 31%] Built target mujoco_ros_utils__rosidl_typesupport_introspection_cpp
[0.139s] [ 31%] Built target mujoco_ros_utils__rosidl_typesupport_fastrtps_cpp
[0.139s] [ 31%] Built target mujoco_ros_utils__rosidl_typesupport_cpp
[0.140s] /usr/bin/gmake  -f CMakeFiles/mujoco_ros_utils__rosidl_typesupport_fastrtps_c.dir/build.make CMakeFiles/mujoco_ros_utils__rosidl_typesupport_fastrtps_c.dir/depend
[0.140s] /usr/bin/gmake  -f CMakeFiles/mujoco_ros_utils__rosidl_typesupport_introspection_c.dir/build.make CMakeFiles/mujoco_ros_utils__rosidl_typesupport_introspection_c.dir/depend
[0.140s] /usr/bin/gmake  -f CMakeFiles/mujoco_ros_utils__rosidl_typesupport_c.dir/build.make CMakeFiles/mujoco_ros_utils__rosidl_typesupport_c.dir/depend
[0.144s] gmake[2]: Entering directory '/home/bryansgue/uav_ws/build/mujoco_ros_utils'
[0.144s] cd /home/bryansgue/uav_ws/build/mujoco_ros_utils && /usr/bin/cmake -E cmake_depends "Unix Makefiles" /home/bryansgue/uav_ws/src/MujocoRosUtils /home/bryansgue/uav_ws/src/MujocoRosUtils /home/bryansgue/uav_ws/build/mujoco_ros_utils /home/bryansgue/uav_ws/build/mujoco_ros_utils /home/bryansgue/uav_ws/build/mujoco_ros_utils/CMakeFiles/mujoco_ros_utils__rosidl_typesupport_fastrtps_c.dir/DependInfo.cmake --color=
[0.144s] gmake[2]: Entering directory '/home/bryansgue/uav_ws/build/mujoco_ros_utils'
[0.144s] cd /home/bryansgue/uav_ws/build/mujoco_ros_utils && /usr/bin/cmake -E cmake_depends "Unix Makefiles" /home/bryansgue/uav_ws/src/MujocoRosUtils /home/bryansgue/uav_ws/src/MujocoRosUtils /home/bryansgue/uav_ws/build/mujoco_ros_utils /home/bryansgue/uav_ws/build/mujoco_ros_utils /home/bryansgue/uav_ws/build/mujoco_ros_utils/CMakeFiles/mujoco_ros_utils__rosidl_typesupport_introspection_c.dir/DependInfo.cmake --color=
[0.144s] gmake[2]: Entering directory '/home/bryansgue/uav_ws/build/mujoco_ros_utils'
[0.144s] cd /home/bryansgue/uav_ws/build/mujoco_ros_utils && /usr/bin/cmake -E cmake_depends "Unix Makefiles" /home/bryansgue/uav_ws/src/MujocoRosUtils /home/bryansgue/uav_ws/src/MujocoRosUtils /home/bryansgue/uav_ws/build/mujoco_ros_utils /home/bryansgue/uav_ws/build/mujoco_ros_utils /home/bryansgue/uav_ws/build/mujoco_ros_utils/CMakeFiles/mujoco_ros_utils__rosidl_typesupport_c.dir/DependInfo.cmake --color=
[0.156s] gmake[2]: Leaving directory '/home/bryansgue/uav_ws/build/mujoco_ros_utils'
[0.156s] gmake[2]: Leaving directory '/home/bryansgue/uav_ws/build/mujoco_ros_utils'
[0.156s] gmake[2]: Leaving directory '/home/bryansgue/uav_ws/build/mujoco_ros_utils'
[0.156s] /usr/bin/gmake  -f CMakeFiles/mujoco_ros_utils__rosidl_typesupport_introspection_c.dir/build.make CMakeFiles/mujoco_ros_utils__rosidl_typesupport_introspection_c.dir/build
[0.156s] /usr/bin/gmake  -f CMakeFiles/mujoco_ros_utils__rosidl_typesupport_fastrtps_c.dir/build.make CMakeFiles/mujoco_ros_utils__rosidl_typesupport_fastrtps_c.dir/build
[0.156s] /usr/bin/gmake  -f CMakeFiles/mujoco_ros_utils__rosidl_typesupport_c.dir/build.make CMakeFiles/mujoco_ros_utils__rosidl_typesupport_c.dir/build
[0.159s] gmake[2]: Entering directory '/home/bryansgue/uav_ws/build/mujoco_ros_utils'
[0.159s] gmake[2]: Nothing to be done for 'CMakeFiles/mujoco_ros_utils__rosidl_typesupport_c.dir/build'.
[0.159s] gmake[2]: Leaving directory '/home/bryansgue/uav_ws/build/mujoco_ros_utils'
[0.159s] gmake[2]: Entering directory '/home/bryansgue/uav_ws/build/mujoco_ros_utils'
[0.159s] gmake[2]: Nothing to be done for 'CMakeFiles/mujoco_ros_utils__rosidl_typesupport_introspection_c.dir/build'.
[0.160s] gmake[2]: Leaving directory '/home/bryansgue/uav_ws/build/mujoco_ros_utils'
[0.160s] gmake[2]: Entering directory '/home/bryansgue/uav_ws/build/mujoco_ros_utils'
[0.160s] gmake[2]: Nothing to be done for 'CMakeFiles/mujoco_ros_utils__rosidl_typesupport_fastrtps_c.dir/build'.
[0.160s] gmake[2]: Leaving directory '/home/bryansgue/uav_ws/build/mujoco_ros_utils'
[0.169s] [ 53%] Built target mujoco_ros_utils__rosidl_typesupport_fastrtps_c
[0.169s] [ 53%] Built target mujoco_ros_utils__rosidl_typesupport_c
[0.169s] [ 53%] Built target mujoco_ros_utils__rosidl_typesupport_introspection_c
[0.170s] /usr/bin/gmake  -f CMakeFiles/mujoco_ros_utils.dir/build.make CMakeFiles/mujoco_ros_utils.dir/depend
[0.173s] gmake[2]: Entering directory '/home/bryansgue/uav_ws/build/mujoco_ros_utils'
[0.173s] cd /home/bryansgue/uav_ws/build/mujoco_ros_utils && /usr/bin/cmake -E cmake_depends "Unix Makefiles" /home/bryansgue/uav_ws/src/MujocoRosUtils /home/bryansgue/uav_ws/src/MujocoRosUtils /home/bryansgue/uav_ws/build/mujoco_ros_utils /home/bryansgue/uav_ws/build/mujoco_ros_utils /home/bryansgue/uav_ws/build/mujoco_ros_utils/CMakeFiles/mujoco_ros_utils.dir/DependInfo.cmake --color=
[0.184s] gmake[2]: Leaving directory '/home/bryansgue/uav_ws/build/mujoco_ros_utils'
[0.185s] /usr/bin/gmake  -f CMakeFiles/mujoco_ros_utils.dir/build.make CMakeFiles/mujoco_ros_utils.dir/build
[0.186s] gmake[2]: Entering directory '/home/bryansgue/uav_ws/build/mujoco_ros_utils'
[0.186s] gmake[2]: Nothing to be done for 'CMakeFiles/mujoco_ros_utils.dir/build'.
[0.186s] gmake[2]: Leaving directory '/home/bryansgue/uav_ws/build/mujoco_ros_utils'
[0.198s] [ 53%] Built target mujoco_ros_utils
[0.199s] /usr/bin/gmake  -f mujoco_ros_utils__py/CMakeFiles/mujoco_ros_utils__py.dir/build.make mujoco_ros_utils__py/CMakeFiles/mujoco_ros_utils__py.dir/depend
[0.200s] /usr/bin/gmake  -f plugin/CMakeFiles/MujocoRosUtils.dir/build.make plugin/CMakeFiles/MujocoRosUtils.dir/depend
[0.202s] gmake[2]: Entering directory '/home/bryansgue/uav_ws/build/mujoco_ros_utils'
[0.202s] cd /home/bryansgue/uav_ws/build/mujoco_ros_utils && /usr/bin/cmake -E cmake_depends "Unix Makefiles" /home/bryansgue/uav_ws/src/MujocoRosUtils /home/bryansgue/uav_ws/build/mujoco_ros_utils/mujoco_ros_utils__py /home/bryansgue/uav_ws/build/mujoco_ros_utils /home/bryansgue/uav_ws/build/mujoco_ros_utils/mujoco_ros_utils__py /home/bryansgue/uav_ws/build/mujoco_ros_utils/mujoco_ros_utils__py/CMakeFiles/mujoco_ros_utils__py.dir/DependInfo.cmake --color=
[0.210s] gmake[2]: Entering directory '/home/bryansgue/uav_ws/build/mujoco_ros_utils'
[0.210s] cd /home/bryansgue/uav_ws/build/mujoco_ros_utils && /usr/bin/cmake -E cmake_depends "Unix Makefiles" /home/bryansgue/uav_ws/src/MujocoRosUtils /home/bryansgue/uav_ws/src/MujocoRosUtils/plugin /home/bryansgue/uav_ws/build/mujoco_ros_utils /home/bryansgue/uav_ws/build/mujoco_ros_utils/plugin /home/bryansgue/uav_ws/build/mujoco_ros_utils/plugin/CMakeFiles/MujocoRosUtils.dir/DependInfo.cmake --color=
[0.215s] gmake[2]: Leaving directory '/home/bryansgue/uav_ws/build/mujoco_ros_utils'
[0.215s] /usr/bin/gmake  -f mujoco_ros_utils__py/CMakeFiles/mujoco_ros_utils__py.dir/build.make mujoco_ros_utils__py/CMakeFiles/mujoco_ros_utils__py.dir/build
[0.218s] gmake[2]: Entering directory '/home/bryansgue/uav_ws/build/mujoco_ros_utils'
[0.218s] gmake[2]: Nothing to be done for 'mujoco_ros_utils__py/CMakeFiles/mujoco_ros_utils__py.dir/build'.
[0.218s] gmake[2]: Leaving directory '/home/bryansgue/uav_ws/build/mujoco_ros_utils'
[0.226s] gmake[2]: Leaving directory '/home/bryansgue/uav_ws/build/mujoco_ros_utils'
[0.227s] /usr/bin/gmake  -f plugin/CMakeFiles/MujocoRosUtils.dir/build.make plugin/CMakeFiles/MujocoRosUtils.dir/build
[0.229s] [ 55%] Built target mujoco_ros_utils__py
[0.230s] /usr/bin/gmake  -f CMakeFiles/mujoco_ros_utils__rosidl_generator_py.dir/build.make CMakeFiles/mujoco_ros_utils__rosidl_generator_py.dir/depend
[0.233s] gmake[2]: Entering directory '/home/bryansgue/uav_ws/build/mujoco_ros_utils'
[0.234s] cd /home/bryansgue/uav_ws/build/mujoco_ros_utils && /usr/bin/cmake -E cmake_depends "Unix Makefiles" /home/bryansgue/uav_ws/src/MujocoRosUtils /home/bryansgue/uav_ws/src/MujocoRosUtils /home/bryansgue/uav_ws/build/mujoco_ros_utils /home/bryansgue/uav_ws/build/mujoco_ros_utils /home/bryansgue/uav_ws/build/mujoco_ros_utils/CMakeFiles/mujoco_ros_utils__rosidl_generator_py.dir/DependInfo.cmake --color=
[0.247s] gmake[2]: Leaving directory '/home/bryansgue/uav_ws/build/mujoco_ros_utils'
[0.247s] /usr/bin/gmake  -f CMakeFiles/mujoco_ros_utils__rosidl_generator_py.dir/build.make CMakeFiles/mujoco_ros_utils__rosidl_generator_py.dir/build
[0.250s] gmake[2]: Entering directory '/home/bryansgue/uav_ws/build/mujoco_ros_utils'
[0.251s] gmake[2]: Entering directory '/home/bryansgue/uav_ws/build/mujoco_ros_utils'
[0.251s] gmake[2]: Nothing to be done for 'CMakeFiles/mujoco_ros_utils__rosidl_generator_py.dir/build'.
[0.251s] gmake[2]: Leaving directory '/home/bryansgue/uav_ws/build/mujoco_ros_utils'
[0.260s] [ 62%] Built target mujoco_ros_utils__rosidl_generator_py
[0.260s] [ 62%] Building CXX object plugin/CMakeFiles/MujocoRosUtils.dir/AcroMode.cpp.o
[0.261s] cd /home/bryansgue/uav_ws/build/mujoco_ros_utils/plugin && /usr/bin/c++ -DDEFAULT_RMW_IMPLEMENTATION=rmw_fastrtps_cpp -DFASTCDR_DYN_LINK -DMujocoRosUtils_EXPORTS -DRCUTILS_ENABLE_FAULT_INJECTION -DROS_PACKAGE_NAME=\"mujoco_ros_utils\" -I/home/bryansgue/uav_ws/build/mujoco_ros_utils -I/home/bryansgue/uav_ws/build/mujoco_ros_utils/include -I/home/bryansgue/uav_ws/src/MujocoRosUtils/include -I/home/bryansgue/uav_ws/mujoco-3.4.0/include -I/home/bryansgue/uav_ws/build/mujoco_ros_utils/rosidl_generator_cpp -isystem /home/bryansgue/uav_ws/install/quadrotor_msgs/include/quadrotor_msgs -isystem /opt/ros/humble/include/rclcpp -isystem /opt/ros/humble/include/std_msgs -isystem /opt/ros/humble/include/geometry_msgs -isystem /opt/ros/humble/include/visualization_msgs -isystem /opt/ros/humble/include/tf2_ros -isystem /opt/ros/humble/include/sensor_msgs -isystem /opt/ros/humble/include/nav_msgs -isystem /opt/ros/humble/include/builtin_interfaces -isystem /opt/ros/humble/include/ament_index_cpp -isystem /opt/ros/humble/include/libstatistics_collector -isystem /opt/ros/humble/include/rosidl_runtime_c -isystem /opt/ros/humble/include/rcutils -isystem /opt/ros/humble/include/rosidl_typesupport_interface -isystem /opt/ros/humble/include/fastcdr -isystem /opt/ros/humble/include/rosidl_runtime_cpp -isystem /opt/ros/humble/include/rosidl_typesupport_fastrtps_cpp -isystem /opt/ros/humble/include/rmw -isystem /opt/ros/humble/include/rosidl_typesupport_fastrtps_c -isystem /opt/ros/humble/include/rosidl_typesupport_introspection_c -isystem /opt/ros/humble/include/rosidl_typesupport_introspection_cpp -isystem /opt/ros/humble/include/rcl -isystem /opt/ros/humble/include/rcl_interfaces -isystem /opt/ros/humble/include/rcl_logging_interface -isystem /opt/ros/humble/include/rcl_yaml_param_parser -isystem /opt/ros/humble/include/libyaml_vendor -isystem /opt/ros/humble/include/tracetools -isystem /opt/ros/humble/include/rcpputils -isystem /opt/ros/humble/include/statistics_msgs -isystem /opt/ros/humble/include/rosgraph_msgs -isystem /opt/ros/humble/include/rosidl_typesupport_cpp -isystem /opt/ros/humble/include/rosidl_typesupport_c -isystem /opt/ros/humble/include/message_filters -isystem /opt/ros/humble/include/rclcpp_action -isystem /opt/ros/humble/include/action_msgs -isystem /opt/ros/humble/include/unique_identifier_msgs -isystem /opt/ros/humble/include/rcl_action -isystem /opt/ros/humble/include/tf2 -isystem /opt/ros/humble/include/tf2_msgs -isystem /opt/ros/humble/include/std_srvs -pedantic -Wno-long-long -Wall -Wextra -Wcast-align -Wcast-qual -Wformat -Wwrite-strings -Wconversion  -fPIC -MD -MT plugin/CMakeFiles/MujocoRosUtils.dir/AcroMode.cpp.o -MF CMakeFiles/MujocoRosUtils.dir/AcroMode.cpp.o.d -o CMakeFiles/MujocoRosUtils.dir/AcroMode.cpp.o -c /home/bryansgue/uav_ws/src/MujocoRosUtils/plugin/AcroMode.cpp
[0.261s] /usr/bin/gmake  -f CMakeFiles/mujoco_ros_utils__rosidl_typesupport_fastrtps_c__pyext.dir/build.make CMakeFiles/mujoco_ros_utils__rosidl_typesupport_fastrtps_c__pyext.dir/depend
[0.261s] /usr/bin/gmake  -f CMakeFiles/mujoco_ros_utils__rosidl_typesupport_introspection_c__pyext.dir/build.make CMakeFiles/mujoco_ros_utils__rosidl_typesupport_introspection_c__pyext.dir/depend
[0.261s] /usr/bin/gmake  -f CMakeFiles/mujoco_ros_utils__rosidl_typesupport_c__pyext.dir/build.make CMakeFiles/mujoco_ros_utils__rosidl_typesupport_c__pyext.dir/depend
[0.265s] gmake[2]: Entering directory '/home/bryansgue/uav_ws/build/mujoco_ros_utils'
[0.265s] cd /home/bryansgue/uav_ws/build/mujoco_ros_utils && /usr/bin/cmake -E cmake_depends "Unix Makefiles" /home/bryansgue/uav_ws/src/MujocoRosUtils /home/bryansgue/uav_ws/src/MujocoRosUtils /home/bryansgue/uav_ws/build/mujoco_ros_utils /home/bryansgue/uav_ws/build/mujoco_ros_utils /home/bryansgue/uav_ws/build/mujoco_ros_utils/CMakeFiles/mujoco_ros_utils__rosidl_typesupport_fastrtps_c__pyext.dir/DependInfo.cmake --color=
[0.265s] gmake[2]: Entering directory '/home/bryansgue/uav_ws/build/mujoco_ros_utils'
[0.265s] cd /home/bryansgue/uav_ws/build/mujoco_ros_utils && /usr/bin/cmake -E cmake_depends "Unix Makefiles" /home/bryansgue/uav_ws/src/MujocoRosUtils /home/bryansgue/uav_ws/src/MujocoRosUtils /home/bryansgue/uav_ws/build/mujoco_ros_utils /home/bryansgue/uav_ws/build/mujoco_ros_utils /home/bryansgue/uav_ws/build/mujoco_ros_utils/CMakeFiles/mujoco_ros_utils__rosidl_typesupport_introspection_c__pyext.dir/DependInfo.cmake --color=
[0.266s] gmake[2]: Entering directory '/home/bryansgue/uav_ws/build/mujoco_ros_utils'
[0.266s] cd /home/bryansgue/uav_ws/build/mujoco_ros_utils && /usr/bin/cmake -E cmake_depends "Unix Makefiles" /home/bryansgue/uav_ws/src/MujocoRosUtils /home/bryansgue/uav_ws/src/MujocoRosUtils /home/bryansgue/uav_ws/build/mujoco_ros_utils /home/bryansgue/uav_ws/build/mujoco_ros_utils /home/bryansgue/uav_ws/build/mujoco_ros_utils/CMakeFiles/mujoco_ros_utils__rosidl_typesupport_c__pyext.dir/DependInfo.cmake --color=
[0.277s] gmake[2]: Leaving directory '/home/bryansgue/uav_ws/build/mujoco_ros_utils'
[0.278s] gmake[2]: Leaving directory '/home/bryansgue/uav_ws/build/mujoco_ros_utils'
[0.278s] gmake[2]: Leaving directory '/home/bryansgue/uav_ws/build/mujoco_ros_utils'
[0.278s] /usr/bin/gmake  -f CMakeFiles/mujoco_ros_utils__rosidl_typesupport_introspection_c__pyext.dir/build.make CMakeFiles/mujoco_ros_utils__rosidl_typesupport_introspection_c__pyext.dir/build
[0.278s] /usr/bin/gmake  -f CMakeFiles/mujoco_ros_utils__rosidl_typesupport_fastrtps_c__pyext.dir/build.make CMakeFiles/mujoco_ros_utils__rosidl_typesupport_fastrtps_c__pyext.dir/build
[0.278s] /usr/bin/gmake  -f CMakeFiles/mujoco_ros_utils__rosidl_typesupport_c__pyext.dir/build.make CMakeFiles/mujoco_ros_utils__rosidl_typesupport_c__pyext.dir/build
[0.281s] gmake[2]: Entering directory '/home/bryansgue/uav_ws/build/mujoco_ros_utils'
[0.281s] gmake[2]: Nothing to be done for 'CMakeFiles/mujoco_ros_utils__rosidl_typesupport_fastrtps_c__pyext.dir/build'.
[0.281s] gmake[2]: Leaving directory '/home/bryansgue/uav_ws/build/mujoco_ros_utils'
[0.281s] gmake[2]: Entering directory '/home/bryansgue/uav_ws/build/mujoco_ros_utils'
[0.281s] gmake[2]: Nothing to be done for 'CMakeFiles/mujoco_ros_utils__rosidl_typesupport_introspection_c__pyext.dir/build'.
[0.281s] gmake[2]: Leaving directory '/home/bryansgue/uav_ws/build/mujoco_ros_utils'
[0.281s] gmake[2]: Entering directory '/home/bryansgue/uav_ws/build/mujoco_ros_utils'
[0.281s] gmake[2]: Nothing to be done for 'CMakeFiles/mujoco_ros_utils__rosidl_typesupport_c__pyext.dir/build'.
[0.281s] gmake[2]: Leaving directory '/home/bryansgue/uav_ws/build/mujoco_ros_utils'
[0.291s] [ 70%] Built target mujoco_ros_utils__rosidl_typesupport_fastrtps_c__pyext
[0.291s] [ 70%] Built target mujoco_ros_utils__rosidl_typesupport_introspection_c__pyext
[0.291s] [ 74%] Built target mujoco_ros_utils__rosidl_typesupport_c__pyext
[0.350s] running egg_info
[0.351s] writing mujoco_ros_utils.egg-info/PKG-INFO
[0.351s] writing dependency_links to mujoco_ros_utils.egg-info/dependency_links.txt
[0.351s] writing top-level names to mujoco_ros_utils.egg-info/top_level.txt
[0.354s] reading manifest file 'mujoco_ros_utils.egg-info/SOURCES.txt'
[0.355s] writing manifest file 'mujoco_ros_utils.egg-info/SOURCES.txt'
[0.383s] gmake[2]: Leaving directory '/home/bryansgue/uav_ws/build/mujoco_ros_utils'
[0.394s] [ 74%] Built target ament_cmake_python_build_mujoco_ros_utils_egg
[0.735s] /home/bryansgue/uav_ws/src/MujocoRosUtils/plugin/AcroMode.cpp:144:3: warning: multi-line comment [-Wcomment]
[0.735s]   144 |   //         /      \
[0.735s]       |   ^
[3.168s] /home/bryansgue/uav_ws/src/MujocoRosUtils/plugin/AcroMode.cpp: In constructor ‘MujocoRosUtils::AcroMode::AcroMode(const mjModel*, mjData*, int, int, int, int, std::string, double, int, std::string, bool, double, double, double, double, double, double)’:
[3.169s] /home/bryansgue/uav_ws/src/MujocoRosUtils/plugin/AcroMode.cpp:112:36: warning: unused parameter ‘m’ [-Wunused-parameter]
[3.169s]   112 | AcroMode::AcroMode(const mjModel * m,
[3.169s]       |                    ~~~~~~~~~~~~~~~~^
[3.169s] /home/bryansgue/uav_ws/src/MujocoRosUtils/plugin/AcroMode.cpp:113:29: warning: unused parameter ‘d’ [-Wunused-parameter]
[3.169s]   113 |                    mjData * d,
[3.169s]       |                    ~~~~~~~~~^
[3.169s] /home/bryansgue/uav_ws/src/MujocoRosUtils/plugin/AcroMode.cpp:118:32: warning: unused parameter ‘topic’ [-Wunused-parameter]
[3.169s]   118 |                    std::string topic,
[3.169s]       |                    ~~~~~~~~~~~~^~~~~
[9.035s] [ 75%] Linking CXX shared library libMujocoRosUtils.so
[9.036s] cd /home/bryansgue/uav_ws/build/mujoco_ros_utils/plugin && /usr/bin/cmake -E cmake_link_script CMakeFiles/MujocoRosUtils.dir/link.txt --verbose=1
[9.057s] /usr/bin/c++ -fPIC  -pedantic -Wno-long-long -Wall -Wextra -Wcast-align -Wcast-qual -Wformat -Wwrite-strings -Wconversion  -shared -Wl,-soname,libMujocoRosUtils.so -o libMujocoRosUtils.so CMakeFiles/MujocoRosUtils.dir/ClockPublisher.cpp.o CMakeFiles/MujocoRosUtils.dir/PosePublisher.cpp.o CMakeFiles/MujocoRosUtils.dir/ImagePublisher.cpp.o CMakeFiles/MujocoRosUtils.dir/ActuatorCommand.cpp.o CMakeFiles/MujocoRosUtils.dir/ExternalForce.cpp.o CMakeFiles/MujocoRosUtils.dir/SensorPublisher.cpp.o CMakeFiles/MujocoRosUtils.dir/WrenchToActuators.cpp.o CMakeFiles/MujocoRosUtils.dir/OdometryPublisher.cpp.o CMakeFiles/MujocoRosUtils.dir/ImuPublisher.cpp.o CMakeFiles/MujocoRosUtils.dir/AcroMode.cpp.o CMakeFiles/MujocoRosUtils.dir/LowLevelMode.cpp.o CMakeFiles/MujocoRosUtils.dir/So3Mode.cpp.o  -Wl,-rpath,"\$ORIGIN:/home/bryansgue/uav_ws/mujoco-3.4.0/bin:/home/bryansgue/uav_ws/mujoco-3.4.0/lib" /opt/ros/humble/lib/libvisualization_msgs__rosidl_typesupport_fastrtps_c.so /opt/ros/humble/lib/libvisualization_msgs__rosidl_typesupport_fastrtps_cpp.so /opt/ros/humble/lib/libvisualization_msgs__rosidl_typesupport_introspection_c.so /opt/ros/humble/lib/libvisualization_msgs__rosidl_typesupport_introspection_cpp.so /opt/ros/humble/lib/libvisualization_msgs__rosidl_typesupport_cpp.so /opt/ros/humble/lib/libvisualization_msgs__rosidl_generator_py.so /opt/ros/humble/lib/libstatic_transform_broadcaster_node.so /opt/ros/humble/lib/libsensor_msgs__rosidl_typesupport_fastrtps_c.so /opt/ros/humble/lib/libsensor_msgs__rosidl_typesupport_fastrtps_cpp.so /opt/ros/humble/lib/libsensor_msgs__rosidl_typesupport_introspection_c.so /opt/ros/humble/lib/libsensor_msgs__rosidl_typesupport_introspection_cpp.so /opt/ros/humble/lib/libsensor_msgs__rosidl_generator_py.so /home/bryansgue/uav_ws/install/quadrotor_msgs/lib/libquadrotor_msgs__rosidl_typesupport_fastrtps_c.so /home/bryansgue/uav_ws/install/quadrotor_msgs/lib/libquadrotor_msgs__rosidl_typesupport_fastrtps_cpp.so /home/bryansgue/uav_ws/install/quadrotor_msgs/lib/libquadrotor_msgs__rosidl_typesupport_introspection_c.so /home/bryansgue/uav_ws/install/quadrotor_msgs/lib/libquadrotor_msgs__rosidl_typesupport_introspection_cpp.so /home/bryansgue/uav_ws/install/quadrotor_msgs/lib/libquadrotor_msgs__rosidl_generator_py.so ../libmujoco_ros_utils__rosidl_typesupport_cpp.so /home/bryansgue/uav_ws/mujoco-3.4.0/lib/libmujoco.so.3.4.0 /usr/lib/x86_64-linux-gnu/libglfw.so.3.3 /opt/ros/humble/lib/libvisualization_msgs__rosidl_typesupport_c.so /opt/ros/humble/lib/libvisualization_msgs__rosidl_generator_c.so /opt/ros/humble/lib/libsensor_msgs__rosidl_typesupport_c.so /opt/ros/humble/lib/libsensor_msgs__rosidl_generator_c.so /opt/ros/humble/lib/libtf2_ros.so /opt/ros/humble/lib/libmessage_filters.so /opt/ros/humble/lib/librclcpp_action.so /opt/ros/humble/lib/librclcpp.so /opt/ros/humble/lib/liblibstatistics_collector.so /opt/ros/humble/lib/librosgraph_msgs__rosidl_typesupport_fastrtps_c.so /opt/ros/humble/lib/librosgraph_msgs__rosidl_typesupport_fastrtps_cpp.so /opt/ros/humble/lib/librosgraph_msgs__rosidl_typesupport_introspection_c.so /opt/ros/humble/lib/librosgraph_msgs__rosidl_typesupport_introspection_cpp.so /opt/ros/humble/lib/librosgraph_msgs__rosidl_typesupport_cpp.so /opt/ros/humble/lib/librosgraph_msgs__rosidl_generator_py.so /opt/ros/humble/lib/librosgraph_msgs__rosidl_typesupport_c.so /opt/ros/humble/lib/librosgraph_msgs__rosidl_generator_c.so /opt/ros/humble/lib/libstatistics_msgs__rosidl_typesupport_fastrtps_c.so /opt/ros/humble/lib/libstatistics_msgs__rosidl_typesupport_fastrtps_cpp.so /opt/ros/humble/lib/libstatistics_msgs__rosidl_typesupport_introspection_c.so /opt/ros/humble/lib/libstatistics_msgs__rosidl_typesupport_introspection_cpp.so /opt/ros/humble/lib/libstatistics_msgs__rosidl_typesupport_cpp.so /opt/ros/humble/lib/libstatistics_msgs__rosidl_generator_py.so /opt/ros/humble/lib/libstatistics_msgs__rosidl_typesupport_c.so /opt/ros/humble/lib/libstatistics_msgs__rosidl_generator_c.so /opt/ros/humble/lib/librcl_action.so /opt/ros/humble/lib/librcl.so /opt/ros/humble/lib/librcl_interfaces__rosidl_typesupport_fastrtps_c.so /opt/ros/humble/lib/librcl_interfaces__rosidl_typesupport_introspection_c.so /opt/ros/humble/lib/librcl_interfaces__rosidl_typesupport_fastrtps_cpp.so /opt/ros/humble/lib/librcl_interfaces__rosidl_typesupport_introspection_cpp.so /opt/ros/humble/lib/librcl_interfaces__rosidl_typesupport_cpp.so /opt/ros/humble/lib/librcl_interfaces__rosidl_generator_py.so /opt/ros/humble/lib/librcl_interfaces__rosidl_typesupport_c.so /opt/ros/humble/lib/librcl_interfaces__rosidl_generator_c.so /opt/ros/humble/lib/librcl_yaml_param_parser.so /opt/ros/humble/lib/libyaml.so /opt/ros/humble/lib/libtracetools.so /opt/ros/humble/lib/librmw_implementation.so /opt/ros/humble/lib/libament_index_cpp.so /opt/ros/humble/lib/librcl_logging_spdlog.so /opt/ros/humble/lib/librcl_logging_interface.so /opt/ros/humble/lib/libtf2.so /opt/ros/humble/lib/libtf2_msgs__rosidl_typesupport_fastrtps_c.so /opt/ros/humble/lib/libaction_msgs__rosidl_typesupport_fastrtps_c.so /opt/ros/humble/lib/libunique_identifier_msgs__rosidl_typesupport_fastrtps_c.so /opt/ros/humble/lib/libtf2_msgs__rosidl_typesupport_introspection_c.so /opt/ros/humble/lib/libaction_msgs__rosidl_typesupport_introspection_c.so /opt/ros/humble/lib/libunique_identifier_msgs__rosidl_typesupport_introspection_c.so /opt/ros/humble/lib/libtf2_msgs__rosidl_typesupport_fastrtps_cpp.so /opt/ros/humble/lib/libaction_msgs__rosidl_typesupport_fastrtps_cpp.so /opt/ros/humble/lib/libunique_identifier_msgs__rosidl_typesupport_fastrtps_cpp.so /opt/ros/humble/lib/libtf2_msgs__rosidl_typesupport_introspection_cpp.so /opt/ros/humble/lib/libaction_msgs__rosidl_typesupport_introspection_cpp.so /opt/ros/humble/lib/libunique_identifier_msgs__rosidl_typesupport_introspection_cpp.so /opt/ros/humble/lib/libtf2_msgs__rosidl_typesupport_cpp.so /opt/ros/humble/lib/libaction_msgs__rosidl_typesupport_cpp.so /opt/ros/humble/lib/libunique_identifier_msgs__rosidl_typesupport_cpp.so /opt/ros/humble/lib/libtf2_msgs__rosidl_generator_py.so /opt/ros/humble/lib/libtf2_msgs__rosidl_typesupport_c.so /opt/ros/humble/lib/libtf2_msgs__rosidl_generator_c.so /opt/ros/humble/lib/libaction_msgs__rosidl_generator_py.so /opt/ros/humble/lib/libaction_msgs__rosidl_typesupport_c.so /opt/ros/humble/lib/libaction_msgs__rosidl_generator_c.so /opt/ros/humble/lib/libunique_identifier_msgs__rosidl_generator_py.so /opt/ros/humble/lib/libunique_identifier_msgs__rosidl_typesupport_c.so /opt/ros/humble/lib/libunique_identifier_msgs__rosidl_generator_c.so /opt/ros/humble/lib/libsensor_msgs__rosidl_typesupport_cpp.so /opt/ros/humble/lib/libnav_msgs__rosidl_typesupport_fastrtps_c.so /opt/ros/humble/lib/libgeometry_msgs__rosidl_typesupport_fastrtps_c.so /opt/ros/humble/lib/libstd_msgs__rosidl_typesupport_fastrtps_c.so /opt/ros/humble/lib/libbuiltin_interfaces__rosidl_typesupport_fastrtps_c.so /opt/ros/humble/lib/librosidl_typesupport_fastrtps_c.so /opt/ros/humble/lib/libnav_msgs__rosidl_typesupport_fastrtps_cpp.so /opt/ros/humble/lib/libgeometry_msgs__rosidl_typesupport_fastrtps_cpp.so /opt/ros/humble/lib/libstd_msgs__rosidl_typesupport_fastrtps_cpp.so /opt/ros/humble/lib/libbuiltin_interfaces__rosidl_typesupport_fastrtps_cpp.so /opt/ros/humble/lib/librosidl_typesupport_fastrtps_cpp.so /opt/ros/humble/lib/libfastcdr.so.1.0.29 /opt/ros/humble/lib/librmw.so /opt/ros/humble/lib/libnav_msgs__rosidl_typesupport_introspection_c.so /opt/ros/humble/lib/libgeometry_msgs__rosidl_typesupport_introspection_c.so /opt/ros/humble/lib/libstd_msgs__rosidl_typesupport_introspection_c.so /opt/ros/humble/lib/libbuiltin_interfaces__rosidl_typesupport_introspection_c.so /opt/ros/humble/lib/libnav_msgs__rosidl_typesupport_introspection_cpp.so /opt/ros/humble/lib/libgeometry_msgs__rosidl_typesupport_introspection_cpp.so /opt/ros/humble/lib/libstd_msgs__rosidl_typesupport_introspection_cpp.so /opt/ros/humble/lib/libbuiltin_interfaces__rosidl_typesupport_introspection_cpp.so /opt/ros/humble/lib/librosidl_typesupport_introspection_cpp.so /opt/ros/humble/lib/librosidl_typesupport_introspection_c.so /opt/ros/humble/lib/libnav_msgs__rosidl_generator_py.so /opt/ros/humble/lib/libgeometry_msgs__rosidl_generator_py.so /opt/ros/humble/lib/libstd_msgs__rosidl_generator_py.so /opt/ros/humble/lib/libbuiltin_interfaces__rosidl_generator_py.so /home/bryansgue/uav_ws/install/quadrotor_msgs/lib/libquadrotor_msgs__rosidl_typesupport_c.so /opt/ros/humble/lib/libnav_msgs__rosidl_typesupport_c.so /opt/ros/humble/lib/libgeometry_msgs__rosidl_typesupport_c.so /opt/ros/humble/lib/libstd_msgs__rosidl_typesupport_c.so /opt/ros/humble/lib/libbuiltin_interfaces__rosidl_typesupport_c.so /home/bryansgue/uav_ws/install/quadrotor_msgs/lib/libquadrotor_msgs__rosidl_generator_c.so /opt/ros/humble/lib/libnav_msgs__rosidl_generator_c.so /opt/ros/humble/lib/libgeometry_msgs__rosidl_generator_c.so /opt/ros/humble/lib/libstd_msgs__rosidl_generator_c.so /opt/ros/humble/lib/libbuiltin_interfaces__rosidl_generator_c.so /usr/lib/x86_64-linux-gnu/libpython3.10.so /home/bryansgue/uav_ws/install/quadrotor_msgs/lib/libquadrotor_msgs__rosidl_typesupport_cpp.so /opt/ros/humble/lib/libnav_msgs__rosidl_typesupport_cpp.so /opt/ros/humble/lib/libgeometry_msgs__rosidl_typesupport_cpp.so /opt/ros/humble/lib/libstd_msgs__rosidl_typesupport_cpp.so /opt/ros/humble/lib/libbuiltin_interfaces__rosidl_typesupport_cpp.so /opt/ros/humble/lib/libstd_srvs__rosidl_typesupport_cpp.so /opt/ros/humble/lib/librosidl_typesupport_cpp.so /opt/ros/humble/lib/librosidl_typesupport_c.so /opt/ros/humble/lib/librcpputils.so /opt/ros/humble/lib/librosidl_runtime_c.so /opt/ros/humble/lib/librcutils.so -ldl -latomic 
[11.236s] gmake[2]: Leaving directory '/home/bryansgue/uav_ws/build/mujoco_ros_utils'
[11.247s] [ 96%] Built target MujocoRosUtils
[11.248s] /usr/bin/gmake  -f plugin/CMakeFiles/MujocoRosUtilsPlugin.dir/build.make plugin/CMakeFiles/MujocoRosUtilsPlugin.dir/depend
[11.253s] gmake[2]: Entering directory '/home/bryansgue/uav_ws/build/mujoco_ros_utils'
[11.253s] cd /home/bryansgue/uav_ws/build/mujoco_ros_utils && /usr/bin/cmake -E cmake_depends "Unix Makefiles" /home/bryansgue/uav_ws/src/MujocoRosUtils /home/bryansgue/uav_ws/src/MujocoRosUtils/plugin /home/bryansgue/uav_ws/build/mujoco_ros_utils /home/bryansgue/uav_ws/build/mujoco_ros_utils/plugin /home/bryansgue/uav_ws/build/mujoco_ros_utils/plugin/CMakeFiles/MujocoRosUtilsPlugin.dir/DependInfo.cmake --color=
[11.265s] gmake[2]: Leaving directory '/home/bryansgue/uav_ws/build/mujoco_ros_utils'
[11.266s] /usr/bin/gmake  -f plugin/CMakeFiles/MujocoRosUtilsPlugin.dir/build.make plugin/CMakeFiles/MujocoRosUtilsPlugin.dir/build
[11.272s] gmake[2]: Entering directory '/home/bryansgue/uav_ws/build/mujoco_ros_utils'
[11.282s] [ 98%] Building CXX object plugin/CMakeFiles/MujocoRosUtilsPlugin.dir/Plugin.cpp.o
[11.283s] cd /home/bryansgue/uav_ws/build/mujoco_ros_utils/plugin && /usr/bin/c++ -DDEFAULT_RMW_IMPLEMENTATION=rmw_fastrtps_cpp -DFASTCDR_DYN_LINK -DMujocoRosUtilsPlugin_EXPORTS -DRCUTILS_ENABLE_FAULT_INJECTION -DROS_PACKAGE_NAME=\"mujoco_ros_utils\" -I/home/bryansgue/uav_ws/build/mujoco_ros_utils -I/home/bryansgue/uav_ws/build/mujoco_ros_utils/include -I/home/bryansgue/uav_ws/src/MujocoRosUtils/include -I/home/bryansgue/uav_ws/mujoco-3.4.0/include -I/home/bryansgue/uav_ws/build/mujoco_ros_utils/rosidl_generator_cpp -isystem /opt/ros/humble/include/rclcpp -isystem /opt/ros/humble/include/ament_index_cpp -isystem /opt/ros/humble/include/libstatistics_collector -isystem /opt/ros/humble/include/builtin_interfaces -isystem /opt/ros/humble/include/rosidl_runtime_c -isystem /opt/ros/humble/include/rcutils -isystem /opt/ros/humble/include/rosidl_typesupport_interface -isystem /opt/ros/humble/include/fastcdr -isystem /opt/ros/humble/include/rosidl_runtime_cpp -isystem /opt/ros/humble/include/rosidl_typesupport_fastrtps_cpp -isystem /opt/ros/humble/include/rmw -isystem /opt/ros/humble/include/rosidl_typesupport_fastrtps_c -isystem /opt/ros/humble/include/rosidl_typesupport_introspection_c -isystem /opt/ros/humble/include/rosidl_typesupport_introspection_cpp -isystem /opt/ros/humble/include/rcl -isystem /opt/ros/humble/include/rcl_interfaces -isystem /opt/ros/humble/include/rcl_logging_interface -isystem /opt/ros/humble/include/rcl_yaml_param_parser -isystem /opt/ros/humble/include/libyaml_vendor -isystem /opt/ros/humble/include/tracetools -isystem /opt/ros/humble/include/rcpputils -isystem /opt/ros/humble/include/statistics_msgs -isystem /opt/ros/humble/include/rosgraph_msgs -isystem /opt/ros/humble/include/rosidl_typesupport_cpp -isystem /opt/ros/humble/include/rosidl_typesupport_c -isystem /opt/ros/humble/include/std_msgs -isystem /opt/ros/humble/include/geometry_msgs -isystem /opt/ros/humble/include/visualization_msgs -isystem /opt/ros/humble/include/sensor_msgs -isystem /opt/ros/humble/include/tf2_ros -isystem /opt/ros/humble/include/message_filters -isystem /opt/ros/humble/include/rclcpp_action -isystem /opt/ros/humble/include/action_msgs -isystem /opt/ros/humble/include/unique_identifier_msgs -isystem /opt/ros/humble/include/rcl_action -isystem /opt/ros/humble/include/tf2 -isystem /opt/ros/humble/include/tf2_msgs -isystem /opt/ros/humble/include/nav_msgs -isystem /home/bryansgue/uav_ws/install/quadrotor_msgs/include/quadrotor_msgs -isystem /opt/ros/humble/include/std_srvs -pedantic -Wno-long-long -Wall -Wextra -Wcast-align -Wcast-qual -Wformat -Wwrite-strings -Wconversion  -fPIC -MD -MT plugin/CMakeFiles/MujocoRosUtilsPlugin.dir/Plugin.cpp.o -MF CMakeFiles/MujocoRosUtilsPlugin.dir/Plugin.cpp.o.d -o CMakeFiles/MujocoRosUtilsPlugin.dir/Plugin.cpp.o -c /home/bryansgue/uav_ws/src/MujocoRosUtils/plugin/Plugin.cpp
[14.792s] [100%] Linking CXX shared library libMujocoRosUtilsPlugin.so
[14.793s] cd /home/bryansgue/uav_ws/build/mujoco_ros_utils/plugin && /usr/bin/cmake -E cmake_link_script CMakeFiles/MujocoRosUtilsPlugin.dir/link.txt --verbose=1
[14.813s] /usr/bin/c++ -fPIC  -pedantic -Wno-long-long -Wall -Wextra -Wcast-align -Wcast-qual -Wformat -Wwrite-strings -Wconversion  -shared -Wl,-soname,libMujocoRosUtilsPlugin.so -o libMujocoRosUtilsPlugin.so CMakeFiles/MujocoRosUtilsPlugin.dir/Plugin.cpp.o  -Wl,-rpath,"\$ORIGIN:/home/bryansgue/uav_ws/mujoco-3.4.0/bin:/home/bryansgue/uav_ws/mujoco-3.4.0/lib" libMujocoRosUtils.so /opt/ros/humble/lib/libvisualization_msgs__rosidl_typesupport_fastrtps_c.so /opt/ros/humble/lib/libvisualization_msgs__rosidl_typesupport_fastrtps_cpp.so /opt/ros/humble/lib/libvisualization_msgs__rosidl_typesupport_introspection_c.so /opt/ros/humble/lib/libvisualization_msgs__rosidl_typesupport_introspection_cpp.so /opt/ros/humble/lib/libvisualization_msgs__rosidl_typesupport_cpp.so /opt/ros/humble/lib/libvisualization_msgs__rosidl_generator_py.so /opt/ros/humble/lib/libvisualization_msgs__rosidl_typesupport_c.so /opt/ros/humble/lib/libvisualization_msgs__rosidl_generator_c.so /opt/ros/humble/lib/libstatic_transform_broadcaster_node.so /opt/ros/humble/lib/libtf2_ros.so /opt/ros/humble/lib/libmessage_filters.so /opt/ros/humble/lib/librclcpp_action.so /opt/ros/humble/lib/librclcpp.so /opt/ros/humble/lib/liblibstatistics_collector.so /opt/ros/humble/lib/librosgraph_msgs__rosidl_typesupport_fastrtps_c.so /opt/ros/humble/lib/librosgraph_msgs__rosidl_typesupport_fastrtps_cpp.so /opt/ros/humble/lib/librosgraph_msgs__rosidl_typesupport_introspection_c.so /opt/ros/humble/lib/librosgraph_msgs__rosidl_typesupport_introspection_cpp.so /opt/ros/humble/lib/librosgraph_msgs__rosidl_typesupport_cpp.so /opt/ros/humble/lib/librosgraph_msgs__rosidl_generator_py.so /opt/ros/humble/lib/librosgraph_msgs__rosidl_typesupport_c.so /opt/ros/humble/lib/librosgraph_msgs__rosidl_generator_c.so /opt/ros/humble/lib/libstatistics_msgs__rosidl_typesupport_fastrtps_c.so /opt/ros/humble/lib/libstatistics_msgs__rosidl_typesupport_fastrtps_cpp.so /opt/ros/humble/lib/libstatistics_msgs__rosidl_typesupport_introspection_c.so /opt/ros/humble/lib/libstatistics_msgs__rosidl_typesupport_introspection_cpp.so /opt/ros/humble/lib/libstatistics_msgs__rosidl_typesupport_cpp.so /opt/ros/humble/lib/libstatistics_msgs__rosidl_generator_py.so /opt/ros/humble/lib/libstatistics_msgs__rosidl_typesupport_c.so /opt/ros/humble/lib/libstatistics_msgs__rosidl_generator_c.so /opt/ros/humble/lib/librcl_action.so /opt/ros/humble/lib/librcl.so /opt/ros/humble/lib/librcl_interfaces__rosidl_typesupport_fastrtps_c.so /opt/ros/humble/lib/librcl_interfaces__rosidl_typesupport_introspection_c.so /opt/ros/humble/lib/librcl_interfaces__rosidl_typesupport_fastrtps_cpp.so /opt/ros/humble/lib/librcl_interfaces__rosidl_typesupport_introspection_cpp.so /opt/ros/humble/lib/librcl_interfaces__rosidl_typesupport_cpp.so /opt/ros/humble/lib/librcl_interfaces__rosidl_generator_py.so /opt/ros/humble/lib/librcl_interfaces__rosidl_typesupport_c.so /opt/ros/humble/lib/librcl_interfaces__rosidl_generator_c.so /opt/ros/humble/lib/librcl_yaml_param_parser.so /opt/ros/humble/lib/libyaml.so /opt/ros/humble/lib/libtracetools.so /opt/ros/humble/lib/librmw_implementation.so /opt/ros/humble/lib/libament_index_cpp.so /opt/ros/humble/lib/librcl_logging_spdlog.so /opt/ros/humble/lib/librcl_logging_interface.so /opt/ros/humble/lib/libtf2.so /opt/ros/humble/lib/libtf2_msgs__rosidl_typesupport_fastrtps_c.so /opt/ros/humble/lib/libaction_msgs__rosidl_typesupport_fastrtps_c.so /opt/ros/humble/lib/libunique_identifier_msgs__rosidl_typesupport_fastrtps_c.so /opt/ros/humble/lib/libtf2_msgs__rosidl_typesupport_introspection_c.so /opt/ros/humble/lib/libaction_msgs__rosidl_typesupport_introspection_c.so /opt/ros/humble/lib/libunique_identifier_msgs__rosidl_typesupport_introspection_c.so /opt/ros/humble/lib/libtf2_msgs__rosidl_typesupport_fastrtps_cpp.so /opt/ros/humble/lib/libaction_msgs__rosidl_typesupport_fastrtps_cpp.so /opt/ros/humble/lib/libunique_identifier_msgs__rosidl_typesupport_fastrtps_cpp.so /opt/ros/humble/lib/libtf2_msgs__rosidl_typesupport_introspection_cpp.so /opt/ros/humble/lib/libaction_msgs__rosidl_typesupport_introspection_cpp.so /opt/ros/humble/lib/libunique_identifier_msgs__rosidl_typesupport_introspection_cpp.so /opt/ros/humble/lib/libtf2_msgs__rosidl_typesupport_cpp.so /opt/ros/humble/lib/libaction_msgs__rosidl_typesupport_cpp.so /opt/ros/humble/lib/libunique_identifier_msgs__rosidl_typesupport_cpp.so /opt/ros/humble/lib/libtf2_msgs__rosidl_generator_py.so /opt/ros/humble/lib/libtf2_msgs__rosidl_typesupport_c.so /opt/ros/humble/lib/libtf2_msgs__rosidl_generator_c.so /opt/ros/humble/lib/libaction_msgs__rosidl_generator_py.so /opt/ros/humble/lib/libaction_msgs__rosidl_typesupport_c.so /opt/ros/humble/lib/libaction_msgs__rosidl_generator_c.so /opt/ros/humble/lib/libunique_identifier_msgs__rosidl_generator_py.so /opt/ros/humble/lib/libunique_identifier_msgs__rosidl_typesupport_c.so /opt/ros/humble/lib/libunique_identifier_msgs__rosidl_generator_c.so /opt/ros/humble/lib/libsensor_msgs__rosidl_typesupport_fastrtps_c.so /opt/ros/humble/lib/libsensor_msgs__rosidl_typesupport_fastrtps_cpp.so /opt/ros/humble/lib/libsensor_msgs__rosidl_typesupport_introspection_c.so /opt/ros/humble/lib/libsensor_msgs__rosidl_typesupport_introspection_cpp.so /opt/ros/humble/lib/libsensor_msgs__rosidl_generator_py.so /opt/ros/humble/lib/libsensor_msgs__rosidl_typesupport_c.so /opt/ros/humble/lib/libsensor_msgs__rosidl_generator_c.so /opt/ros/humble/lib/libsensor_msgs__rosidl_typesupport_cpp.so /home/bryansgue/uav_ws/install/quadrotor_msgs/lib/libquadrotor_msgs__rosidl_typesupport_fastrtps_c.so /opt/ros/humble/lib/libnav_msgs__rosidl_typesupport_fastrtps_c.so /opt/ros/humble/lib/libgeometry_msgs__rosidl_typesupport_fastrtps_c.so /opt/ros/humble/lib/libstd_msgs__rosidl_typesupport_fastrtps_c.so /opt/ros/humble/lib/libbuiltin_interfaces__rosidl_typesupport_fastrtps_c.so /opt/ros/humble/lib/librosidl_typesupport_fastrtps_c.so /home/bryansgue/uav_ws/install/quadrotor_msgs/lib/libquadrotor_msgs__rosidl_typesupport_fastrtps_cpp.so /opt/ros/humble/lib/libnav_msgs__rosidl_typesupport_fastrtps_cpp.so /opt/ros/humble/lib/libgeometry_msgs__rosidl_typesupport_fastrtps_cpp.so /opt/ros/humble/lib/libstd_msgs__rosidl_typesupport_fastrtps_cpp.so /opt/ros/humble/lib/libbuiltin_interfaces__rosidl_typesupport_fastrtps_cpp.so /opt/ros/humble/lib/librosidl_typesupport_fastrtps_cpp.so /opt/ros/humble/lib/libfastcdr.so.1.0.29 /opt/ros/humble/lib/librmw.so /home/bryansgue/uav_ws/install/quadrotor_msgs/lib/libquadrotor_msgs__rosidl_typesupport_introspection_c.so /opt/ros/humble/lib/libnav_msgs__rosidl_typesupport_introspection_c.so /opt/ros/humble/lib/libgeometry_msgs__rosidl_typesupport_introspection_c.so /opt/ros/humble/lib/libstd_msgs__rosidl_typesupport_introspection_c.so /opt/ros/humble/lib/libbuiltin_interfaces__rosidl_typesupport_introspection_c.so /home/bryansgue/uav_ws/install/quadrotor_msgs/lib/libquadrotor_msgs__rosidl_typesupport_introspection_cpp.so /opt/ros/humble/lib/libnav_msgs__rosidl_typesupport_introspection_cpp.so /opt/ros/humble/lib/libgeometry_msgs__rosidl_typesupport_introspection_cpp.so /opt/ros/humble/lib/libstd_msgs__rosidl_typesupport_introspection_cpp.so /opt/ros/humble/lib/libbuiltin_interfaces__rosidl_typesupport_introspection_cpp.so /opt/ros/humble/lib/librosidl_typesupport_introspection_cpp.so /opt/ros/humble/lib/librosidl_typesupport_introspection_c.so /home/bryansgue/uav_ws/install/quadrotor_msgs/lib/libquadrotor_msgs__rosidl_generator_py.so /opt/ros/humble/lib/libnav_msgs__rosidl_generator_py.so /opt/ros/humble/lib/libgeometry_msgs__rosidl_generator_py.so /opt/ros/humble/lib/libstd_msgs__rosidl_generator_py.so /opt/ros/humble/lib/libbuiltin_interfaces__rosidl_generator_py.so /home/bryansgue/uav_ws/install/quadrotor_msgs/lib/libquadrotor_msgs__rosidl_typesupport_c.so /opt/ros/humble/lib/libnav_msgs__rosidl_typesupport_c.so /opt/ros/humble/lib/libgeometry_msgs__rosidl_typesupport_c.so /opt/ros/humble/lib/libstd_msgs__rosidl_typesupport_c.so /opt/ros/humble/lib/libbuiltin_interfaces__rosidl_typesupport_c.so /home/bryansgue/uav_ws/install/quadrotor_msgs/lib/libquadrotor_msgs__rosidl_generator_c.so /opt/ros/humble/lib/libnav_msgs__rosidl_generator_c.so /opt/ros/humble/lib/libgeometry_msgs__rosidl_generator_c.so /opt/ros/humble/lib/libstd_msgs__rosidl_generator_c.so /opt/ros/humble/lib/libbuiltin_interfaces__rosidl_generator_c.so /usr/lib/x86_64-linux-gnu/libpython3.10.so ../libmujoco_ros_utils__rosidl_typesupport_cpp.so /home/bryansgue/uav_ws/install/quadrotor_msgs/lib/libquadrotor_msgs__rosidl_typesupport_cpp.so /opt/ros/humble/lib/libnav_msgs__rosidl_typesupport_cpp.so /opt/ros/humble/lib/libgeometry_msgs__rosidl_typesupport_cpp.so /opt/ros/humble/lib/libstd_msgs__rosidl_typesupport_cpp.so /opt/ros/humble/lib/libbuiltin_interfaces__rosidl_typesupport_cpp.so /opt/ros/humble/lib/libstd_srvs__rosidl_typesupport_cpp.so /opt/ros/humble/lib/librosidl_typesupport_cpp.so /opt/ros/humble/lib/librosidl_typesupport_c.so /opt/ros/humble/lib/librcpputils.so /opt/ros/humble/lib/librosidl_runtime_c.so /opt/ros/humble/lib/librcutils.so -ldl -latomic /home/bryansgue/uav_ws/mujoco-3.4.0/lib/libmujoco.so.3.4.0 /usr/lib/x86_64-linux-gnu/libglfw.so.3.3 
[15.314s] gmake[2]: Leaving directory '/home/bryansgue/uav_ws/build/mujoco_ros_utils'
[15.326s] [100%] Built target MujocoRosUtilsPlugin
[15.327s] gmake[1]: Leaving directory '/home/bryansgue/uav_ws/build/mujoco_ros_utils'
[15.327s] /usr/bin/cmake -E cmake_progress_start /home/bryansgue/uav_ws/build/mujoco_ros_utils/CMakeFiles 0
[15.339s] Invoked command in '/home/bryansgue/uav_ws/build/mujoco_ros_utils' returned '0': AMENT_PREFIX_PATH=/home/bryansgue/uav_ws/install/quadrotor_msgs:${AMENT_PREFIX_PATH} CMAKE_PREFIX_PATH=/home/bryansgue/uav_ws/install/quadrotor_msgs:/home/bryansgue/acp_ws/install/voxl2_rpm_interface:/home/bryansgue/acp_ws/install/trackers_manager:/home/bryansgue/acp_ws/install/std_trackers:/home/bryansgue/acp_ws/install/sim_interface:/home/bryansgue/acp_ws/install/drone_teleop:/home/bryansgue/acp_ws/install/nmpc_control:/home/bryansgue/acp_ws/install/mav_manager_test:/home/bryansgue/acp_ws/install/dq_nmpc:/opt/ros/humble:/home/bryansgue/acp_ws/install/mav_manager:/home/bryansgue/acp_ws/install/trackers_msgs:/home/bryansgue/acp_ws/install/quadrotor_simulator:/home/bryansgue/acp_ws/install/quad_mujoco_sim:/home/bryansgue/acp_ws/install/pi_ros2_interface:/home/bryansgue/acp_ws/install/nmpc_payload_cpp:/home/bryansgue/acp_ws/install/mujoco_ros_utils:/home/bryansgue/acp_ws/install/mav_control:/home/bryansgue/acp_ws/install/dq_cpp:/home/bryansgue/acp_ws/install/acp_mujoco_simulator:/home/bryansgue/acp_ws/install/quadrotor_msgs:/home/bryansgue/acp_ws/install/mesh_visualization:/home/bryansgue/acp_ws/install/mav_manager_srv:/home/bryansgue/acp_ws/install/acp_autonomy LD_LIBRARY_PATH=/home/bryansgue/uav_ws/install/quadrotor_msgs/lib:/home/bryansgue/acp_ws/install/trackers_manager/lib:/home/bryansgue/acp_ws/install/std_trackers/lib:/home/bryansgue/acp_ws/install/mav_manager/lib:/home/bryansgue/acp_ws/install/trackers_msgs/lib:/home/bryansgue/acp_ws/install/quadrotor_simulator/lib:/home/bryansgue/acp_ws/install/pi_ros2_interface/lib:/home/bryansgue/acp_ws/install/nmpc_payload_cpp/lib:/home/bryansgue/acp_ws/install/mujoco_ros_utils/lib:/home/bryansgue/acp_ws/install/mav_control/lib:/home/bryansgue/acp_ws/install/dq_cpp/lib:/home/bryansgue/acp_ws/install/quadrotor_msgs/lib:/home/bryansgue/acp_ws/install/mesh_visualization/lib:/home/bryansgue/acp_ws/install/mav_manager_srv/lib:/opt/ros/humble/opt/rviz_ogre_vendor/lib:/opt/ros/humble/lib/x86_64-linux-gnu:/opt/ros/humble/lib:/home/bryansgue/acados/lib:/home/bryansgue/acados/lib:/home/bryansgue/acados/external/blasfeo/lib:/home/bryansgue/acados/external/hpipm/lib:/home/bryansgue/acados/lib:/home/bryansgue/acados/lib:/home/bryansgue/acados/external/blasfeo/lib:/home/bryansgue/acados/external/hpipm/lib PYTHONPATH=/home/bryansgue/uav_ws/install/quadrotor_msgs/local/lib/python3.10/dist-packages:${PYTHONPATH} /usr/bin/cmake --build /home/bryansgue/uav_ws/build/mujoco_ros_utils -- -j16 -l16
[15.354s] Invoking command in '/home/bryansgue/uav_ws/build/mujoco_ros_utils': AMENT_PREFIX_PATH=/home/bryansgue/uav_ws/install/quadrotor_msgs:${AMENT_PREFIX_PATH} CMAKE_PREFIX_PATH=/home/bryansgue/uav_ws/install/quadrotor_msgs:/home/bryansgue/acp_ws/install/voxl2_rpm_interface:/home/bryansgue/acp_ws/install/trackers_manager:/home/bryansgue/acp_ws/install/std_trackers:/home/bryansgue/acp_ws/install/sim_interface:/home/bryansgue/acp_ws/install/drone_teleop:/home/bryansgue/acp_ws/install/nmpc_control:/home/bryansgue/acp_ws/install/mav_manager_test:/home/bryansgue/acp_ws/install/dq_nmpc:/opt/ros/humble:/home/bryansgue/acp_ws/install/mav_manager:/home/bryansgue/acp_ws/install/trackers_msgs:/home/bryansgue/acp_ws/install/quadrotor_simulator:/home/bryansgue/acp_ws/install/quad_mujoco_sim:/home/bryansgue/acp_ws/install/pi_ros2_interface:/home/bryansgue/acp_ws/install/nmpc_payload_cpp:/home/bryansgue/acp_ws/install/mujoco_ros_utils:/home/bryansgue/acp_ws/install/mav_control:/home/bryansgue/acp_ws/install/dq_cpp:/home/bryansgue/acp_ws/install/acp_mujoco_simulator:/home/bryansgue/acp_ws/install/quadrotor_msgs:/home/bryansgue/acp_ws/install/mesh_visualization:/home/bryansgue/acp_ws/install/mav_manager_srv:/home/bryansgue/acp_ws/install/acp_autonomy LD_LIBRARY_PATH=/home/bryansgue/uav_ws/install/quadrotor_msgs/lib:/home/bryansgue/acp_ws/install/trackers_manager/lib:/home/bryansgue/acp_ws/install/std_trackers/lib:/home/bryansgue/acp_ws/install/mav_manager/lib:/home/bryansgue/acp_ws/install/trackers_msgs/lib:/home/bryansgue/acp_ws/install/quadrotor_simulator/lib:/home/bryansgue/acp_ws/install/pi_ros2_interface/lib:/home/bryansgue/acp_ws/install/nmpc_payload_cpp/lib:/home/bryansgue/acp_ws/install/mujoco_ros_utils/lib:/home/bryansgue/acp_ws/install/mav_control/lib:/home/bryansgue/acp_ws/install/dq_cpp/lib:/home/bryansgue/acp_ws/install/quadrotor_msgs/lib:/home/bryansgue/acp_ws/install/mesh_visualization/lib:/home/bryansgue/acp_ws/install/mav_manager_srv/lib:/opt/ros/humble/opt/rviz_ogre_vendor/lib:/opt/ros/humble/lib/x86_64-linux-gnu:/opt/ros/humble/lib:/home/bryansgue/acados/lib:/home/bryansgue/acados/lib:/home/bryansgue/acados/external/blasfeo/lib:/home/bryansgue/acados/external/hpipm/lib:/home/bryansgue/acados/lib:/home/bryansgue/acados/lib:/home/bryansgue/acados/external/blasfeo/lib:/home/bryansgue/acados/external/hpipm/lib PYTHONPATH=/home/bryansgue/uav_ws/install/quadrotor_msgs/local/lib/python3.10/dist-packages:${PYTHONPATH} /usr/bin/cmake --install /home/bryansgue/uav_ws/build/mujoco_ros_utils
[15.372s] -- Install configuration: ""
[15.382s] CMake Error: Invalid value used with --config
[15.382s] Usage: cmake --build <dir>             [options] [-- [native-options]]
[15.382s]        cmake --build --preset <preset> [options] [-- [native-options]]
[15.383s] Options:
[15.383s]   <dir>          = Project binary directory to be built.
[15.383s]   --preset <preset>, --preset=<preset>
[15.383s]                  = Specify a build preset.
[15.383s]   --list-presets
[15.383s]                  = List available build presets.
[15.383s]   --parallel [<jobs>], -j [<jobs>]
[15.383s]                  = Build in parallel using the given number of jobs. 
[15.383s]                    If <jobs> is omitted the native build tool's 
[15.383s]                    default number is used.
[15.383s]                    The CMAKE_BUILD_PARALLEL_LEVEL environment variable
[15.383s]                    specifies a default parallel level when this option
[15.383s]                    is not given.
[15.383s]   --target <tgt>..., -t <tgt>... 
[15.383s]                  = Build <tgt> instead of default targets.
[15.383s]   --config <cfg> = For multi-configuration tools, choose <cfg>.
[15.383s]   --clean-first  = Build target 'clean' first, then build.
[15.383s]                    (To clean only, use --target 'clean'.)
[15.383s]   --verbose, -v  = Enable verbose output - if supported - including
[15.383s]                    the build commands to be executed. 
[15.383s]   --             = Pass remaining options to the native tool.
[15.384s] -- Execute custom install script
[15.384s] -- Up-to-date symlink: /home/bryansgue/uav_ws/install/mujoco_ros_utils/share/ament_index/resource_index/rosidl_interfaces/mujoco_ros_utils
[15.386s] -- Up-to-date symlink: /home/bryansgue/uav_ws/install/mujoco_ros_utils/include/mujoco_ros_utils/mujoco_ros_utils/msg/detail/external_force__functions.h
[15.386s] -- Up-to-date symlink: /home/bryansgue/uav_ws/install/mujoco_ros_utils/include/mujoco_ros_utils/mujoco_ros_utils/msg/detail/external_force__struct.h
[15.386s] -- Up-to-date symlink: /home/bryansgue/uav_ws/install/mujoco_ros_utils/include/mujoco_ros_utils/mujoco_ros_utils/msg/detail/external_force__type_support.h
[15.386s] -- Up-to-date symlink: /home/bryansgue/uav_ws/install/mujoco_ros_utils/include/mujoco_ros_utils/mujoco_ros_utils/msg/detail/scalar_stamped__functions.h
[15.387s] -- Up-to-date symlink: /home/bryansgue/uav_ws/install/mujoco_ros_utils/include/mujoco_ros_utils/mujoco_ros_utils/msg/detail/scalar_stamped__struct.h
[15.387s] -- Up-to-date symlink: /home/bryansgue/uav_ws/install/mujoco_ros_utils/include/mujoco_ros_utils/mujoco_ros_utils/msg/detail/scalar_stamped__type_support.h
[15.387s] -- Up-to-date symlink: /home/bryansgue/uav_ws/install/mujoco_ros_utils/include/mujoco_ros_utils/mujoco_ros_utils/msg/external_force.h
[15.388s] -- Up-to-date symlink: /home/bryansgue/uav_ws/install/mujoco_ros_utils/include/mujoco_ros_utils/mujoco_ros_utils/msg/rosidl_generator_c__visibility_control.h
[15.388s] -- Up-to-date symlink: /home/bryansgue/uav_ws/install/mujoco_ros_utils/include/mujoco_ros_utils/mujoco_ros_utils/msg/scalar_stamped.h
[15.389s] -- Up-to-date symlink: /home/bryansgue/uav_ws/install/mujoco_ros_utils/share/mujoco_ros_utils/environment/library_path.sh
[15.389s] -- Up-to-date symlink: /home/bryansgue/uav_ws/install/mujoco_ros_utils/share/mujoco_ros_utils/environment/library_path.dsv
[15.389s] -- Up-to-date symlink: /home/bryansgue/uav_ws/install/mujoco_ros_utils/include/mujoco_ros_utils/mujoco_ros_utils/msg/detail/external_force__rosidl_typesupport_fastrtps_c.h
[15.390s] -- Up-to-date symlink: /home/bryansgue/uav_ws/install/mujoco_ros_utils/include/mujoco_ros_utils/mujoco_ros_utils/msg/detail/scalar_stamped__rosidl_typesupport_fastrtps_c.h
[15.390s] -- Up-to-date symlink: /home/bryansgue/uav_ws/install/mujoco_ros_utils/include/mujoco_ros_utils/mujoco_ros_utils/msg/rosidl_typesupport_fastrtps_c__visibility_control.h
[15.390s] -- Up-to-date symlink: /home/bryansgue/uav_ws/install/mujoco_ros_utils/include/mujoco_ros_utils/mujoco_ros_utils/msg/detail/external_force__builder.hpp
[15.390s] -- Up-to-date symlink: /home/bryansgue/uav_ws/install/mujoco_ros_utils/include/mujoco_ros_utils/mujoco_ros_utils/msg/detail/external_force__struct.hpp
[15.391s] -- Up-to-date symlink: /home/bryansgue/uav_ws/install/mujoco_ros_utils/include/mujoco_ros_utils/mujoco_ros_utils/msg/detail/external_force__traits.hpp
[15.391s] -- Up-to-date symlink: /home/bryansgue/uav_ws/install/mujoco_ros_utils/include/mujoco_ros_utils/mujoco_ros_utils/msg/detail/external_force__type_support.hpp
[15.391s] -- Up-to-date symlink: /home/bryansgue/uav_ws/install/mujoco_ros_utils/include/mujoco_ros_utils/mujoco_ros_utils/msg/detail/scalar_stamped__builder.hpp
[15.391s] -- Up-to-date symlink: /home/bryansgue/uav_ws/install/mujoco_ros_utils/include/mujoco_ros_utils/mujoco_ros_utils/msg/detail/scalar_stamped__struct.hpp
[15.391s] -- Up-to-date symlink: /home/bryansgue/uav_ws/install/mujoco_ros_utils/include/mujoco_ros_utils/mujoco_ros_utils/msg/detail/scalar_stamped__traits.hpp
[15.391s] -- Up-to-date symlink: /home/bryansgue/uav_ws/install/mujoco_ros_utils/include/mujoco_ros_utils/mujoco_ros_utils/msg/detail/scalar_stamped__type_support.hpp
[15.392s] -- Up-to-date symlink: /home/bryansgue/uav_ws/install/mujoco_ros_utils/include/mujoco_ros_utils/mujoco_ros_utils/msg/external_force.hpp
[15.392s] -- Up-to-date symlink: /home/bryansgue/uav_ws/install/mujoco_ros_utils/include/mujoco_ros_utils/mujoco_ros_utils/msg/rosidl_generator_cpp__visibility_control.hpp
[15.392s] -- Up-to-date symlink: /home/bryansgue/uav_ws/install/mujoco_ros_utils/include/mujoco_ros_utils/mujoco_ros_utils/msg/scalar_stamped.hpp
[15.393s] -- Up-to-date symlink: /home/bryansgue/uav_ws/install/mujoco_ros_utils/include/mujoco_ros_utils/mujoco_ros_utils/msg/detail/external_force__rosidl_typesupport_fastrtps_cpp.hpp
[15.393s] -- Up-to-date symlink: /home/bryansgue/uav_ws/install/mujoco_ros_utils/include/mujoco_ros_utils/mujoco_ros_utils/msg/detail/scalar_stamped__rosidl_typesupport_fastrtps_cpp.hpp
[15.393s] -- Up-to-date symlink: /home/bryansgue/uav_ws/install/mujoco_ros_utils/include/mujoco_ros_utils/mujoco_ros_utils/msg/rosidl_typesupport_fastrtps_cpp__visibility_control.h
[15.393s] -- Up-to-date symlink: /home/bryansgue/uav_ws/install/mujoco_ros_utils/include/mujoco_ros_utils/mujoco_ros_utils/msg/detail/external_force__rosidl_typesupport_introspection_c.h
[15.394s] -- Up-to-date symlink: /home/bryansgue/uav_ws/install/mujoco_ros_utils/include/mujoco_ros_utils/mujoco_ros_utils/msg/detail/scalar_stamped__rosidl_typesupport_introspection_c.h
[15.394s] -- Up-to-date symlink: /home/bryansgue/uav_ws/install/mujoco_ros_utils/include/mujoco_ros_utils/mujoco_ros_utils/msg/rosidl_typesupport_introspection_c__visibility_control.h
[15.394s] -- Up-to-date symlink: /home/bryansgue/uav_ws/install/mujoco_ros_utils/include/mujoco_ros_utils/mujoco_ros_utils/msg/detail/external_force__rosidl_typesupport_introspection_cpp.hpp
[15.394s] -- Up-to-date symlink: /home/bryansgue/uav_ws/install/mujoco_ros_utils/include/mujoco_ros_utils/mujoco_ros_utils/msg/detail/scalar_stamped__rosidl_typesupport_introspection_cpp.hpp
[15.394s] -- Up-to-date symlink: /home/bryansgue/uav_ws/install/mujoco_ros_utils/share/mujoco_ros_utils/environment/pythonpath.sh
[15.395s] -- Up-to-date symlink: /home/bryansgue/uav_ws/install/mujoco_ros_utils/share/mujoco_ros_utils/environment/pythonpath.dsv
[15.395s] -- Up-to-date symlink: /home/bryansgue/uav_ws/install/mujoco_ros_utils/local/lib/python3.10/dist-packages/mujoco_ros_utils-0.1.0-py3.10.egg-info/PKG-INFO
[15.395s] -- Up-to-date symlink: /home/bryansgue/uav_ws/install/mujoco_ros_utils/local/lib/python3.10/dist-packages/mujoco_ros_utils-0.1.0-py3.10.egg-info/SOURCES.txt
[15.395s] -- Up-to-date symlink: /home/bryansgue/uav_ws/install/mujoco_ros_utils/local/lib/python3.10/dist-packages/mujoco_ros_utils-0.1.0-py3.10.egg-info/dependency_links.txt
[15.395s] -- Up-to-date symlink: /home/bryansgue/uav_ws/install/mujoco_ros_utils/local/lib/python3.10/dist-packages/mujoco_ros_utils-0.1.0-py3.10.egg-info/top_level.txt
[15.396s] -- Up-to-date symlink: /home/bryansgue/uav_ws/install/mujoco_ros_utils/local/lib/python3.10/dist-packages/mujoco_ros_utils/__init__.py
[15.396s] -- Up-to-date symlink: /home/bryansgue/uav_ws/install/mujoco_ros_utils/local/lib/python3.10/dist-packages/mujoco_ros_utils/_mujoco_ros_utils_s.ep.rosidl_typesupport_c.c
[15.396s] -- Up-to-date symlink: /home/bryansgue/uav_ws/install/mujoco_ros_utils/local/lib/python3.10/dist-packages/mujoco_ros_utils/_mujoco_ros_utils_s.ep.rosidl_typesupport_fastrtps_c.c
[15.396s] -- Up-to-date symlink: /home/bryansgue/uav_ws/install/mujoco_ros_utils/local/lib/python3.10/dist-packages/mujoco_ros_utils/_mujoco_ros_utils_s.ep.rosidl_typesupport_introspection_c.c
[15.397s] -- Up-to-date symlink: /home/bryansgue/uav_ws/install/mujoco_ros_utils/local/lib/python3.10/dist-packages/mujoco_ros_utils/libmujoco_ros_utils__rosidl_generator_py.so
[15.397s] -- Up-to-date symlink: /home/bryansgue/uav_ws/install/mujoco_ros_utils/local/lib/python3.10/dist-packages/mujoco_ros_utils/msg/__init__.py
[15.397s] -- Up-to-date symlink: /home/bryansgue/uav_ws/install/mujoco_ros_utils/local/lib/python3.10/dist-packages/mujoco_ros_utils/msg/_external_force.py
[15.397s] -- Up-to-date symlink: /home/bryansgue/uav_ws/install/mujoco_ros_utils/local/lib/python3.10/dist-packages/mujoco_ros_utils/msg/_external_force_s.c
[15.397s] -- Up-to-date symlink: /home/bryansgue/uav_ws/install/mujoco_ros_utils/local/lib/python3.10/dist-packages/mujoco_ros_utils/msg/_scalar_stamped.py
[15.397s] -- Up-to-date symlink: /home/bryansgue/uav_ws/install/mujoco_ros_utils/local/lib/python3.10/dist-packages/mujoco_ros_utils/msg/_scalar_stamped_s.c
[15.398s] -- Up-to-date symlink: /home/bryansgue/uav_ws/install/mujoco_ros_utils/local/lib/python3.10/dist-packages/mujoco_ros_utils/mujoco_ros_utils_s__rosidl_typesupport_c.cpython-310-x86_64-linux-gnu.so
[15.398s] -- Up-to-date symlink: /home/bryansgue/uav_ws/install/mujoco_ros_utils/local/lib/python3.10/dist-packages/mujoco_ros_utils/mujoco_ros_utils_s__rosidl_typesupport_fastrtps_c.cpython-310-x86_64-linux-gnu.so
[15.398s] -- Up-to-date symlink: /home/bryansgue/uav_ws/install/mujoco_ros_utils/local/lib/python3.10/dist-packages/mujoco_ros_utils/mujoco_ros_utils_s__rosidl_typesupport_introspection_c.cpython-310-x86_64-linux-gnu.so
[15.398s] -- Up-to-date symlink: /home/bryansgue/uav_ws/install/mujoco_ros_utils/local/lib/python3.10/dist-packages/mujoco_ros_utils/mujoco_ros_utils_s__rosidl_typesupport_fastrtps_c.cpython-310-x86_64-linux-gnu.so
[15.398s] -- Up-to-date symlink: /home/bryansgue/uav_ws/install/mujoco_ros_utils/local/lib/python3.10/dist-packages/mujoco_ros_utils/mujoco_ros_utils_s__rosidl_typesupport_introspection_c.cpython-310-x86_64-linux-gnu.so
[15.399s] -- Up-to-date symlink: /home/bryansgue/uav_ws/install/mujoco_ros_utils/local/lib/python3.10/dist-packages/mujoco_ros_utils/mujoco_ros_utils_s__rosidl_typesupport_c.cpython-310-x86_64-linux-gnu.so
[15.399s] -- Up-to-date symlink: /home/bryansgue/uav_ws/install/mujoco_ros_utils/share/mujoco_ros_utils/msg/ExternalForce.idl
[15.399s] -- Up-to-date symlink: /home/bryansgue/uav_ws/install/mujoco_ros_utils/share/mujoco_ros_utils/msg/ScalarStamped.idl
[15.400s] -- Up-to-date symlink: /home/bryansgue/uav_ws/install/mujoco_ros_utils/share/mujoco_ros_utils/msg/ExternalForce.msg
[15.400s] -- Up-to-date symlink: /home/bryansgue/uav_ws/install/mujoco_ros_utils/share/mujoco_ros_utils/msg/ScalarStamped.msg
[15.400s] -- Up-to-date symlink: /home/bryansgue/uav_ws/install/mujoco_ros_utils/share/mujoco_ros_utils/launch/display.launch.py
[15.400s] -- Up-to-date symlink: /home/bryansgue/uav_ws/install/mujoco_ros_utils/share/mujoco_ros_utils/launch/display.rviz
[15.401s] -- Up-to-date symlink: /home/bryansgue/uav_ws/install/mujoco_ros_utils/share/ament_index/resource_index/package_run_dependencies/mujoco_ros_utils
[15.401s] -- Up-to-date symlink: /home/bryansgue/uav_ws/install/mujoco_ros_utils/share/ament_index/resource_index/parent_prefix_path/mujoco_ros_utils
[15.401s] -- Up-to-date symlink: /home/bryansgue/uav_ws/install/mujoco_ros_utils/share/mujoco_ros_utils/environment/ament_prefix_path.sh
[15.402s] -- Up-to-date symlink: /home/bryansgue/uav_ws/install/mujoco_ros_utils/share/mujoco_ros_utils/environment/ament_prefix_path.dsv
[15.402s] -- Up-to-date symlink: /home/bryansgue/uav_ws/install/mujoco_ros_utils/share/mujoco_ros_utils/environment/path.sh
[15.402s] -- Up-to-date symlink: /home/bryansgue/uav_ws/install/mujoco_ros_utils/share/mujoco_ros_utils/environment/path.dsv
[15.402s] -- Up-to-date symlink: /home/bryansgue/uav_ws/install/mujoco_ros_utils/share/mujoco_ros_utils/local_setup.bash
[15.403s] -- Up-to-date symlink: /home/bryansgue/uav_ws/install/mujoco_ros_utils/share/mujoco_ros_utils/local_setup.sh
[15.403s] -- Up-to-date symlink: /home/bryansgue/uav_ws/install/mujoco_ros_utils/share/mujoco_ros_utils/local_setup.zsh
[15.403s] -- Up-to-date symlink: /home/bryansgue/uav_ws/install/mujoco_ros_utils/share/mujoco_ros_utils/local_setup.dsv
[15.403s] -- Symlinking: /home/bryansgue/uav_ws/install/mujoco_ros_utils/share/mujoco_ros_utils/package.dsv
[15.415s] -- Up-to-date symlink: /home/bryansgue/uav_ws/install/mujoco_ros_utils/share/ament_index/resource_index/packages/mujoco_ros_utils
[15.415s] -- Up-to-date symlink: /home/bryansgue/uav_ws/install/mujoco_ros_utils/share/mujoco_ros_utils/cmake/rosidl_cmake-extras.cmake
[15.415s] -- Up-to-date symlink: /home/bryansgue/uav_ws/install/mujoco_ros_utils/share/mujoco_ros_utils/cmake/ament_cmake_export_dependencies-extras.cmake
[15.415s] -- Up-to-date symlink: /home/bryansgue/uav_ws/install/mujoco_ros_utils/share/mujoco_ros_utils/cmake/ament_cmake_export_include_directories-extras.cmake
[15.415s] -- Up-to-date symlink: /home/bryansgue/uav_ws/install/mujoco_ros_utils/share/mujoco_ros_utils/cmake/ament_cmake_export_libraries-extras.cmake
[15.415s] -- Up-to-date symlink: /home/bryansgue/uav_ws/install/mujoco_ros_utils/share/mujoco_ros_utils/cmake/ament_cmake_export_targets-extras.cmake
[15.415s] -- Up-to-date symlink: /home/bryansgue/uav_ws/install/mujoco_ros_utils/share/mujoco_ros_utils/cmake/rosidl_cmake_export_typesupport_targets-extras.cmake
[15.416s] -- Up-to-date symlink: /home/bryansgue/uav_ws/install/mujoco_ros_utils/share/mujoco_ros_utils/cmake/rosidl_cmake_export_typesupport_libraries-extras.cmake
[15.416s] -- Up-to-date symlink: /home/bryansgue/uav_ws/install/mujoco_ros_utils/share/mujoco_ros_utils/cmake/mujoco_ros_utilsConfig.cmake
[15.416s] -- Up-to-date symlink: /home/bryansgue/uav_ws/install/mujoco_ros_utils/share/mujoco_ros_utils/cmake/mujoco_ros_utilsConfig-version.cmake
[15.416s] -- Up-to-date symlink: /home/bryansgue/uav_ws/install/mujoco_ros_utils/share/mujoco_ros_utils/package.xml
[15.416s] -- Up-to-date symlink: /home/bryansgue/uav_ws/install/mujoco_ros_utils/share/xml/sample_mujoco_ros_utils.xml
[15.417s] -- Up-to-date: /home/bryansgue/uav_ws/install/mujoco_ros_utils/lib/libmujoco_ros_utils__rosidl_generator_c.so
[15.417s] -- Up-to-date: /home/bryansgue/uav_ws/install/mujoco_ros_utils/lib/libmujoco_ros_utils__rosidl_typesupport_fastrtps_c.so
[15.418s] -- Up-to-date: /home/bryansgue/uav_ws/install/mujoco_ros_utils/lib/libmujoco_ros_utils__rosidl_typesupport_fastrtps_cpp.so
[15.418s] -- Up-to-date: /home/bryansgue/uav_ws/install/mujoco_ros_utils/lib/libmujoco_ros_utils__rosidl_typesupport_introspection_c.so
[15.419s] -- Up-to-date: /home/bryansgue/uav_ws/install/mujoco_ros_utils/lib/libmujoco_ros_utils__rosidl_typesupport_c.so
[15.419s] -- Up-to-date: /home/bryansgue/uav_ws/install/mujoco_ros_utils/lib/libmujoco_ros_utils__rosidl_typesupport_introspection_cpp.so
[15.419s] -- Up-to-date: /home/bryansgue/uav_ws/install/mujoco_ros_utils/lib/libmujoco_ros_utils__rosidl_typesupport_cpp.so
[15.462s] Listing '/home/bryansgue/uav_ws/install/mujoco_ros_utils/local/lib/python3.10/dist-packages/mujoco_ros_utils'...
[15.462s] Listing '/home/bryansgue/uav_ws/install/mujoco_ros_utils/local/lib/python3.10/dist-packages/mujoco_ros_utils/msg'...
[15.467s] -- Up-to-date: /home/bryansgue/uav_ws/install/mujoco_ros_utils/lib/libmujoco_ros_utils__rosidl_generator_py.so
[15.468s] -- Up-to-date: /home/bryansgue/uav_ws/install/mujoco_ros_utils/share/mujoco_ros_utils/cmake/export_mujoco_ros_utils__rosidl_generator_cExport.cmake
[15.468s] -- Up-to-date: /home/bryansgue/uav_ws/install/mujoco_ros_utils/share/mujoco_ros_utils/cmake/export_mujoco_ros_utils__rosidl_generator_cExport-noconfig.cmake
[15.468s] -- Up-to-date: /home/bryansgue/uav_ws/install/mujoco_ros_utils/share/mujoco_ros_utils/cmake/export_mujoco_ros_utils__rosidl_typesupport_fastrtps_cExport.cmake
[15.468s] -- Up-to-date: /home/bryansgue/uav_ws/install/mujoco_ros_utils/share/mujoco_ros_utils/cmake/export_mujoco_ros_utils__rosidl_typesupport_fastrtps_cExport-noconfig.cmake
[15.468s] -- Up-to-date: /home/bryansgue/uav_ws/install/mujoco_ros_utils/share/mujoco_ros_utils/cmake/export_mujoco_ros_utils__rosidl_generator_cppExport.cmake
[15.468s] -- Up-to-date: /home/bryansgue/uav_ws/install/mujoco_ros_utils/share/mujoco_ros_utils/cmake/export_mujoco_ros_utils__rosidl_typesupport_fastrtps_cppExport.cmake
[15.469s] -- Up-to-date: /home/bryansgue/uav_ws/install/mujoco_ros_utils/share/mujoco_ros_utils/cmake/export_mujoco_ros_utils__rosidl_typesupport_fastrtps_cppExport-noconfig.cmake
[15.469s] -- Up-to-date: /home/bryansgue/uav_ws/install/mujoco_ros_utils/share/mujoco_ros_utils/cmake/mujoco_ros_utils__rosidl_typesupport_introspection_cExport.cmake
[15.469s] -- Up-to-date: /home/bryansgue/uav_ws/install/mujoco_ros_utils/share/mujoco_ros_utils/cmake/mujoco_ros_utils__rosidl_typesupport_introspection_cExport-noconfig.cmake
[15.469s] -- Up-to-date: /home/bryansgue/uav_ws/install/mujoco_ros_utils/share/mujoco_ros_utils/cmake/mujoco_ros_utils__rosidl_typesupport_cExport.cmake
[15.469s] -- Up-to-date: /home/bryansgue/uav_ws/install/mujoco_ros_utils/share/mujoco_ros_utils/cmake/mujoco_ros_utils__rosidl_typesupport_cExport-noconfig.cmake
[15.469s] -- Up-to-date: /home/bryansgue/uav_ws/install/mujoco_ros_utils/share/mujoco_ros_utils/cmake/mujoco_ros_utils__rosidl_typesupport_introspection_cppExport.cmake
[15.470s] -- Up-to-date: /home/bryansgue/uav_ws/install/mujoco_ros_utils/share/mujoco_ros_utils/cmake/mujoco_ros_utils__rosidl_typesupport_introspection_cppExport-noconfig.cmake
[15.470s] -- Up-to-date: /home/bryansgue/uav_ws/install/mujoco_ros_utils/share/mujoco_ros_utils/cmake/mujoco_ros_utils__rosidl_typesupport_cppExport.cmake
[15.470s] -- Up-to-date: /home/bryansgue/uav_ws/install/mujoco_ros_utils/share/mujoco_ros_utils/cmake/mujoco_ros_utils__rosidl_typesupport_cppExport-noconfig.cmake
[15.470s] -- Up-to-date: /home/bryansgue/uav_ws/install/mujoco_ros_utils/share/mujoco_ros_utils/cmake/export_mujoco_ros_utils__rosidl_generator_pyExport.cmake
[15.470s] -- Up-to-date: /home/bryansgue/uav_ws/install/mujoco_ros_utils/share/mujoco_ros_utils/cmake/export_mujoco_ros_utils__rosidl_generator_pyExport-noconfig.cmake
[15.470s] -- Installing: /home/bryansgue/uav_ws/mujoco-3.4.0/bin/mujoco_plugin/libMujocoRosUtils.so
[15.496s] -- Installing: /home/bryansgue/uav_ws/mujoco-3.4.0/bin/mujoco_plugin/libMujocoRosUtilsPlugin.so
[15.510s] -- Up-to-date: /home/bryansgue/uav_ws/install/mujoco_ros_utils/lib/pkgconfig/mujoco_ros_utils.pc
[15.512s] Invoked command in '/home/bryansgue/uav_ws/build/mujoco_ros_utils' returned '0': AMENT_PREFIX_PATH=/home/bryansgue/uav_ws/install/quadrotor_msgs:${AMENT_PREFIX_PATH} CMAKE_PREFIX_PATH=/home/bryansgue/uav_ws/install/quadrotor_msgs:/home/bryansgue/acp_ws/install/voxl2_rpm_interface:/home/bryansgue/acp_ws/install/trackers_manager:/home/bryansgue/acp_ws/install/std_trackers:/home/bryansgue/acp_ws/install/sim_interface:/home/bryansgue/acp_ws/install/drone_teleop:/home/bryansgue/acp_ws/install/nmpc_control:/home/bryansgue/acp_ws/install/mav_manager_test:/home/bryansgue/acp_ws/install/dq_nmpc:/opt/ros/humble:/home/bryansgue/acp_ws/install/mav_manager:/home/bryansgue/acp_ws/install/trackers_msgs:/home/bryansgue/acp_ws/install/quadrotor_simulator:/home/bryansgue/acp_ws/install/quad_mujoco_sim:/home/bryansgue/acp_ws/install/pi_ros2_interface:/home/bryansgue/acp_ws/install/nmpc_payload_cpp:/home/bryansgue/acp_ws/install/mujoco_ros_utils:/home/bryansgue/acp_ws/install/mav_control:/home/bryansgue/acp_ws/install/dq_cpp:/home/bryansgue/acp_ws/install/acp_mujoco_simulator:/home/bryansgue/acp_ws/install/quadrotor_msgs:/home/bryansgue/acp_ws/install/mesh_visualization:/home/bryansgue/acp_ws/install/mav_manager_srv:/home/bryansgue/acp_ws/install/acp_autonomy LD_LIBRARY_PATH=/home/bryansgue/uav_ws/install/quadrotor_msgs/lib:/home/bryansgue/acp_ws/install/trackers_manager/lib:/home/bryansgue/acp_ws/install/std_trackers/lib:/home/bryansgue/acp_ws/install/mav_manager/lib:/home/bryansgue/acp_ws/install/trackers_msgs/lib:/home/bryansgue/acp_ws/install/quadrotor_simulator/lib:/home/bryansgue/acp_ws/install/pi_ros2_interface/lib:/home/bryansgue/acp_ws/install/nmpc_payload_cpp/lib:/home/bryansgue/acp_ws/install/mujoco_ros_utils/lib:/home/bryansgue/acp_ws/install/mav_control/lib:/home/bryansgue/acp_ws/install/dq_cpp/lib:/home/bryansgue/acp_ws/install/quadrotor_msgs/lib:/home/bryansgue/acp_ws/install/mesh_visualization/lib:/home/bryansgue/acp_ws/install/mav_manager_srv/lib:/opt/ros/humble/opt/rviz_ogre_vendor/lib:/opt/ros/humble/lib/x86_64-linux-gnu:/opt/ros/humble/lib:/home/bryansgue/acados/lib:/home/bryansgue/acados/lib:/home/bryansgue/acados/external/blasfeo/lib:/home/bryansgue/acados/external/hpipm/lib:/home/bryansgue/acados/lib:/home/bryansgue/acados/lib:/home/bryansgue/acados/external/blasfeo/lib:/home/bryansgue/acados/external/hpipm/lib PYTHONPATH=/home/bryansgue/uav_ws/install/quadrotor_msgs/local/lib/python3.10/dist-packages:${PYTHONPATH} /usr/bin/cmake --install /home/bryansgue/uav_ws/build/mujoco_ros_utils
