[0.025s] Invoking command in '/home/bryansgue/uav_ws/build/acp_mujoco_simulator': AMENT_PREFIX_PATH=/home/bryansgue/uav_ws/install/quadrotor_msgs:${AMENT_PREFIX_PATH} CMAKE_PREFIX_PATH=/home/bryansgue/uav_ws/install/quadrotor_msgs:/home/bryansgue/acp_ws/install/voxl2_rpm_interface:/home/bryansgue/acp_ws/install/trackers_manager:/home/bryansgue/acp_ws/install/std_trackers:/home/bryansgue/acp_ws/install/sim_interface:/home/bryansgue/acp_ws/install/drone_teleop:/home/bryansgue/acp_ws/install/nmpc_control:/home/bryansgue/acp_ws/install/mav_manager_test:/home/bryansgue/acp_ws/install/dq_nmpc:/opt/ros/humble:/home/bryansgue/acp_ws/install/mav_manager:/home/bryansgue/acp_ws/install/trackers_msgs:/home/bryansgue/acp_ws/install/quadrotor_simulator:/home/bryansgue/acp_ws/install/quad_mujoco_sim:/home/bryansgue/acp_ws/install/pi_ros2_interface:/home/bryansgue/acp_ws/install/nmpc_payload_cpp:/home/bryansgue/acp_ws/install/mujoco_ros_utils:/home/bryansgue/acp_ws/install/mav_control:/home/bryansgue/acp_ws/install/dq_cpp:/home/bryansgue/acp_ws/install/acp_mujoco_simulator:/home/bryansgue/acp_ws/install/quadrotor_msgs:/home/bryansgue/acp_ws/install/mesh_visualization:/home/bryansgue/acp_ws/install/mav_manager_srv:/home/bryansgue/acp_ws/install/acp_autonomy LD_LIBRARY_PATH=/home/bryansgue/uav_ws/install/quadrotor_msgs/lib:/home/bryansgue/acp_ws/install/trackers_manager/lib:/home/bryansgue/acp_ws/install/std_trackers/lib:/home/bryansgue/acp_ws/install/mav_manager/lib:/home/bryansgue/acp_ws/install/trackers_msgs/lib:/home/bryansgue/acp_ws/install/quadrotor_simulator/lib:/home/bryansgue/acp_ws/install/pi_ros2_interface/lib:/home/bryansgue/acp_ws/install/nmpc_payload_cpp/lib:/home/bryansgue/acp_ws/install/mujoco_ros_utils/lib:/home/bryansgue/acp_ws/install/mav_control/lib:/home/bryansgue/acp_ws/install/dq_cpp/lib:/home/bryansgue/acp_ws/install/quadrotor_msgs/lib:/home/bryansgue/acp_ws/install/mesh_visualization/lib:/home/bryansgue/acp_ws/install/mav_manager_srv/lib:/opt/ros/humble/opt/rviz_ogre_vendor/lib:/opt/ros/humble/lib/x86_64-linux-gnu:/opt/ros/humble/lib:/home/bryansgue/acados/lib:/home/bryansgue/acados/lib:/home/bryansgue/acados/external/blasfeo/lib:/home/bryansgue/acados/external/hpipm/lib:/home/bryansgue/acados/lib:/home/bryansgue/acados/lib:/home/bryansgue/acados/external/blasfeo/lib:/home/bryansgue/acados/external/hpipm/lib PYTHONPATH=/home/bryansgue/uav_ws/install/quadrotor_msgs/local/lib/python3.10/dist-packages:${PYTHONPATH} /usr/bin/cmake /home/bryansgue/uav_ws/src/acp_mujoco_simulator -DAMENT_CMAKE_SYMLINK_INSTALL=1 -DCMAKE_INSTALL_PREFIX=/home/bryansgue/uav_ws/install/acp_mujoco_simulator
[0.062s] -- Found ament_cmake: 1.3.13 (/opt/ros/humble/share/ament_cmake/cmake)
[0.194s] -- Override CMake install command with custom implementation using symlinks instead of copying resources
[0.211s] -- Found rclcpp: 16.0.18 (/opt/ros/humble/share/rclcpp/cmake)
[0.245s] -- Found rosidl_generator_c: 3.1.8 (/opt/ros/humble/share/rosidl_generator_c/cmake)
[0.248s] -- Found rosidl_adapter: 3.1.8 (/opt/ros/humble/share/rosidl_adapter/cmake)
[0.255s] -- Found rosidl_generator_cpp: 3.1.8 (/opt/ros/humble/share/rosidl_generator_cpp/cmake)
[0.267s] -- Using all available rosidl_typesupport_c: rosidl_typesupport_fastrtps_c;rosidl_typesupport_introspection_c
[0.280s] -- Using all available rosidl_typesupport_cpp: rosidl_typesupport_fastrtps_cpp;rosidl_typesupport_introspection_cpp
[0.314s] -- Found rmw_implementation_cmake: 6.1.2 (/opt/ros/humble/share/rmw_implementation_cmake/cmake)
[0.316s] -- Found rmw_fastrtps_cpp: 6.2.10 (/opt/ros/humble/share/rmw_fastrtps_cpp/cmake)
[0.436s] -- Using RMW implementation 'rmw_fastrtps_cpp' as default
[0.483s] -- Found nav_msgs: 4.9.1 (/opt/ros/humble/share/nav_msgs/cmake)
[0.506s] -- Found sensor_msgs: 4.9.1 (/opt/ros/humble/share/sensor_msgs/cmake)
[0.521s] -- Found tf2_ros: 0.25.19 (/opt/ros/humble/share/tf2_ros/cmake)
[0.597s] -- Found quadrotor_msgs: 1.0.0 (/home/bryansgue/uav_ws/install/quadrotor_msgs/share/quadrotor_msgs/cmake)
[0.624s] -- Found ament_lint_auto: 0.12.15 (/opt/ros/humble/share/ament_lint_auto/cmake)
[0.700s] -- Added test 'flake8' to check Python code syntax and style conventions
[0.701s] -- Added test 'lint_cmake' to check CMake code style
[0.701s] -- Added test 'pep257' to check Python code against some of the docstring style conventions in PEP 257
[0.706s] -- Added test 'xmllint' to check XML markup files
[0.708s] -- Configuring done
[0.718s] -- Generating done
[0.721s] -- Build files have been written to: /home/bryansgue/uav_ws/build/acp_mujoco_simulator
[0.732s] Invoked command in '/home/bryansgue/uav_ws/build/acp_mujoco_simulator' returned '0': AMENT_PREFIX_PATH=/home/bryansgue/uav_ws/install/quadrotor_msgs:${AMENT_PREFIX_PATH} CMAKE_PREFIX_PATH=/home/bryansgue/uav_ws/install/quadrotor_msgs:/home/bryansgue/acp_ws/install/voxl2_rpm_interface:/home/bryansgue/acp_ws/install/trackers_manager:/home/bryansgue/acp_ws/install/std_trackers:/home/bryansgue/acp_ws/install/sim_interface:/home/bryansgue/acp_ws/install/drone_teleop:/home/bryansgue/acp_ws/install/nmpc_control:/home/bryansgue/acp_ws/install/mav_manager_test:/home/bryansgue/acp_ws/install/dq_nmpc:/opt/ros/humble:/home/bryansgue/acp_ws/install/mav_manager:/home/bryansgue/acp_ws/install/trackers_msgs:/home/bryansgue/acp_ws/install/quadrotor_simulator:/home/bryansgue/acp_ws/install/quad_mujoco_sim:/home/bryansgue/acp_ws/install/pi_ros2_interface:/home/bryansgue/acp_ws/install/nmpc_payload_cpp:/home/bryansgue/acp_ws/install/mujoco_ros_utils:/home/bryansgue/acp_ws/install/mav_control:/home/bryansgue/acp_ws/install/dq_cpp:/home/bryansgue/acp_ws/install/acp_mujoco_simulator:/home/bryansgue/acp_ws/install/quadrotor_msgs:/home/bryansgue/acp_ws/install/mesh_visualization:/home/bryansgue/acp_ws/install/mav_manager_srv:/home/bryansgue/acp_ws/install/acp_autonomy LD_LIBRARY_PATH=/home/bryansgue/uav_ws/install/quadrotor_msgs/lib:/home/bryansgue/acp_ws/install/trackers_manager/lib:/home/bryansgue/acp_ws/install/std_trackers/lib:/home/bryansgue/acp_ws/install/mav_manager/lib:/home/bryansgue/acp_ws/install/trackers_msgs/lib:/home/bryansgue/acp_ws/install/quadrotor_simulator/lib:/home/bryansgue/acp_ws/install/pi_ros2_interface/lib:/home/bryansgue/acp_ws/install/nmpc_payload_cpp/lib:/home/bryansgue/acp_ws/install/mujoco_ros_utils/lib:/home/bryansgue/acp_ws/install/mav_control/lib:/home/bryansgue/acp_ws/install/dq_cpp/lib:/home/bryansgue/acp_ws/install/quadrotor_msgs/lib:/home/bryansgue/acp_ws/install/mesh_visualization/lib:/home/bryansgue/acp_ws/install/mav_manager_srv/lib:/opt/ros/humble/opt/rviz_ogre_vendor/lib:/opt/ros/humble/lib/x86_64-linux-gnu:/opt/ros/humble/lib:/home/bryansgue/acados/lib:/home/bryansgue/acados/lib:/home/bryansgue/acados/external/blasfeo/lib:/home/bryansgue/acados/external/hpipm/lib:/home/bryansgue/acados/lib:/home/bryansgue/acados/lib:/home/bryansgue/acados/external/blasfeo/lib:/home/bryansgue/acados/external/hpipm/lib PYTHONPATH=/home/bryansgue/uav_ws/install/quadrotor_msgs/local/lib/python3.10/dist-packages:${PYTHONPATH} /usr/bin/cmake /home/bryansgue/uav_ws/src/acp_mujoco_simulator -DAMENT_CMAKE_SYMLINK_INSTALL=1 -DCMAKE_INSTALL_PREFIX=/home/bryansgue/uav_ws/install/acp_mujoco_simulator
[0.734s] Invoking command in '/home/bryansgue/uav_ws/build/acp_mujoco_simulator': AMENT_PREFIX_PATH=/home/bryansgue/uav_ws/install/quadrotor_msgs:${AMENT_PREFIX_PATH} CMAKE_PREFIX_PATH=/home/bryansgue/uav_ws/install/quadrotor_msgs:/home/bryansgue/acp_ws/install/voxl2_rpm_interface:/home/bryansgue/acp_ws/install/trackers_manager:/home/bryansgue/acp_ws/install/std_trackers:/home/bryansgue/acp_ws/install/sim_interface:/home/bryansgue/acp_ws/install/drone_teleop:/home/bryansgue/acp_ws/install/nmpc_control:/home/bryansgue/acp_ws/install/mav_manager_test:/home/bryansgue/acp_ws/install/dq_nmpc:/opt/ros/humble:/home/bryansgue/acp_ws/install/mav_manager:/home/bryansgue/acp_ws/install/trackers_msgs:/home/bryansgue/acp_ws/install/quadrotor_simulator:/home/bryansgue/acp_ws/install/quad_mujoco_sim:/home/bryansgue/acp_ws/install/pi_ros2_interface:/home/bryansgue/acp_ws/install/nmpc_payload_cpp:/home/bryansgue/acp_ws/install/mujoco_ros_utils:/home/bryansgue/acp_ws/install/mav_control:/home/bryansgue/acp_ws/install/dq_cpp:/home/bryansgue/acp_ws/install/acp_mujoco_simulator:/home/bryansgue/acp_ws/install/quadrotor_msgs:/home/bryansgue/acp_ws/install/mesh_visualization:/home/bryansgue/acp_ws/install/mav_manager_srv:/home/bryansgue/acp_ws/install/acp_autonomy LD_LIBRARY_PATH=/home/bryansgue/uav_ws/install/quadrotor_msgs/lib:/home/bryansgue/acp_ws/install/trackers_manager/lib:/home/bryansgue/acp_ws/install/std_trackers/lib:/home/bryansgue/acp_ws/install/mav_manager/lib:/home/bryansgue/acp_ws/install/trackers_msgs/lib:/home/bryansgue/acp_ws/install/quadrotor_simulator/lib:/home/bryansgue/acp_ws/install/pi_ros2_interface/lib:/home/bryansgue/acp_ws/install/nmpc_payload_cpp/lib:/home/bryansgue/acp_ws/install/mujoco_ros_utils/lib:/home/bryansgue/acp_ws/install/mav_control/lib:/home/bryansgue/acp_ws/install/dq_cpp/lib:/home/bryansgue/acp_ws/install/quadrotor_msgs/lib:/home/bryansgue/acp_ws/install/mesh_visualization/lib:/home/bryansgue/acp_ws/install/mav_manager_srv/lib:/opt/ros/humble/opt/rviz_ogre_vendor/lib:/opt/ros/humble/lib/x86_64-linux-gnu:/opt/ros/humble/lib:/home/bryansgue/acados/lib:/home/bryansgue/acados/lib:/home/bryansgue/acados/external/blasfeo/lib:/home/bryansgue/acados/external/hpipm/lib:/home/bryansgue/acados/lib:/home/bryansgue/acados/lib:/home/bryansgue/acados/external/blasfeo/lib:/home/bryansgue/acados/external/hpipm/lib PYTHONPATH=/home/bryansgue/uav_ws/install/quadrotor_msgs/local/lib/python3.10/dist-packages:${PYTHONPATH} /usr/bin/cmake --build /home/bryansgue/uav_ws/build/acp_mujoco_simulator -- -j16 -l16
[0.787s] Invoked command in '/home/bryansgue/uav_ws/build/acp_mujoco_simulator' returned '0': AMENT_PREFIX_PATH=/home/bryansgue/uav_ws/install/quadrotor_msgs:${AMENT_PREFIX_PATH} CMAKE_PREFIX_PATH=/home/bryansgue/uav_ws/install/quadrotor_msgs:/home/bryansgue/acp_ws/install/voxl2_rpm_interface:/home/bryansgue/acp_ws/install/trackers_manager:/home/bryansgue/acp_ws/install/std_trackers:/home/bryansgue/acp_ws/install/sim_interface:/home/bryansgue/acp_ws/install/drone_teleop:/home/bryansgue/acp_ws/install/nmpc_control:/home/bryansgue/acp_ws/install/mav_manager_test:/home/bryansgue/acp_ws/install/dq_nmpc:/opt/ros/humble:/home/bryansgue/acp_ws/install/mav_manager:/home/bryansgue/acp_ws/install/trackers_msgs:/home/bryansgue/acp_ws/install/quadrotor_simulator:/home/bryansgue/acp_ws/install/quad_mujoco_sim:/home/bryansgue/acp_ws/install/pi_ros2_interface:/home/bryansgue/acp_ws/install/nmpc_payload_cpp:/home/bryansgue/acp_ws/install/mujoco_ros_utils:/home/bryansgue/acp_ws/install/mav_control:/home/bryansgue/acp_ws/install/dq_cpp:/home/bryansgue/acp_ws/install/acp_mujoco_simulator:/home/bryansgue/acp_ws/install/quadrotor_msgs:/home/bryansgue/acp_ws/install/mesh_visualization:/home/bryansgue/acp_ws/install/mav_manager_srv:/home/bryansgue/acp_ws/install/acp_autonomy LD_LIBRARY_PATH=/home/bryansgue/uav_ws/install/quadrotor_msgs/lib:/home/bryansgue/acp_ws/install/trackers_manager/lib:/home/bryansgue/acp_ws/install/std_trackers/lib:/home/bryansgue/acp_ws/install/mav_manager/lib:/home/bryansgue/acp_ws/install/trackers_msgs/lib:/home/bryansgue/acp_ws/install/quadrotor_simulator/lib:/home/bryansgue/acp_ws/install/pi_ros2_interface/lib:/home/bryansgue/acp_ws/install/nmpc_payload_cpp/lib:/home/bryansgue/acp_ws/install/mujoco_ros_utils/lib:/home/bryansgue/acp_ws/install/mav_control/lib:/home/bryansgue/acp_ws/install/dq_cpp/lib:/home/bryansgue/acp_ws/install/quadrotor_msgs/lib:/home/bryansgue/acp_ws/install/mesh_visualization/lib:/home/bryansgue/acp_ws/install/mav_manager_srv/lib:/opt/ros/humble/opt/rviz_ogre_vendor/lib:/opt/ros/humble/lib/x86_64-linux-gnu:/opt/ros/humble/lib:/home/bryansgue/acados/lib:/home/bryansgue/acados/lib:/home/bryansgue/acados/external/blasfeo/lib:/home/bryansgue/acados/external/hpipm/lib:/home/bryansgue/acados/lib:/home/bryansgue/acados/lib:/home/bryansgue/acados/external/blasfeo/lib:/home/bryansgue/acados/external/hpipm/lib PYTHONPATH=/home/bryansgue/uav_ws/install/quadrotor_msgs/local/lib/python3.10/dist-packages:${PYTHONPATH} /usr/bin/cmake --build /home/bryansgue/uav_ws/build/acp_mujoco_simulator -- -j16 -l16
[0.802s] Invoking command in '/home/bryansgue/uav_ws/build/acp_mujoco_simulator': AMENT_PREFIX_PATH=/home/bryansgue/uav_ws/install/quadrotor_msgs:${AMENT_PREFIX_PATH} CMAKE_PREFIX_PATH=/home/bryansgue/uav_ws/install/quadrotor_msgs:/home/bryansgue/acp_ws/install/voxl2_rpm_interface:/home/bryansgue/acp_ws/install/trackers_manager:/home/bryansgue/acp_ws/install/std_trackers:/home/bryansgue/acp_ws/install/sim_interface:/home/bryansgue/acp_ws/install/drone_teleop:/home/bryansgue/acp_ws/install/nmpc_control:/home/bryansgue/acp_ws/install/mav_manager_test:/home/bryansgue/acp_ws/install/dq_nmpc:/opt/ros/humble:/home/bryansgue/acp_ws/install/mav_manager:/home/bryansgue/acp_ws/install/trackers_msgs:/home/bryansgue/acp_ws/install/quadrotor_simulator:/home/bryansgue/acp_ws/install/quad_mujoco_sim:/home/bryansgue/acp_ws/install/pi_ros2_interface:/home/bryansgue/acp_ws/install/nmpc_payload_cpp:/home/bryansgue/acp_ws/install/mujoco_ros_utils:/home/bryansgue/acp_ws/install/mav_control:/home/bryansgue/acp_ws/install/dq_cpp:/home/bryansgue/acp_ws/install/acp_mujoco_simulator:/home/bryansgue/acp_ws/install/quadrotor_msgs:/home/bryansgue/acp_ws/install/mesh_visualization:/home/bryansgue/acp_ws/install/mav_manager_srv:/home/bryansgue/acp_ws/install/acp_autonomy LD_LIBRARY_PATH=/home/bryansgue/uav_ws/install/quadrotor_msgs/lib:/home/bryansgue/acp_ws/install/trackers_manager/lib:/home/bryansgue/acp_ws/install/std_trackers/lib:/home/bryansgue/acp_ws/install/mav_manager/lib:/home/bryansgue/acp_ws/install/trackers_msgs/lib:/home/bryansgue/acp_ws/install/quadrotor_simulator/lib:/home/bryansgue/acp_ws/install/pi_ros2_interface/lib:/home/bryansgue/acp_ws/install/nmpc_payload_cpp/lib:/home/bryansgue/acp_ws/install/mujoco_ros_utils/lib:/home/bryansgue/acp_ws/install/mav_control/lib:/home/bryansgue/acp_ws/install/dq_cpp/lib:/home/bryansgue/acp_ws/install/quadrotor_msgs/lib:/home/bryansgue/acp_ws/install/mesh_visualization/lib:/home/bryansgue/acp_ws/install/mav_manager_srv/lib:/opt/ros/humble/opt/rviz_ogre_vendor/lib:/opt/ros/humble/lib/x86_64-linux-gnu:/opt/ros/humble/lib:/home/bryansgue/acados/lib:/home/bryansgue/acados/lib:/home/bryansgue/acados/external/blasfeo/lib:/home/bryansgue/acados/external/hpipm/lib:/home/bryansgue/acados/lib:/home/bryansgue/acados/lib:/home/bryansgue/acados/external/blasfeo/lib:/home/bryansgue/acados/external/hpipm/lib PYTHONPATH=/home/bryansgue/uav_ws/install/quadrotor_msgs/local/lib/python3.10/dist-packages:${PYTHONPATH} /usr/bin/cmake --install /home/bryansgue/uav_ws/build/acp_mujoco_simulator
[0.812s] -- Install configuration: ""
[0.812s] -- Execute custom install script
[0.813s] -- Up-to-date symlink: /home/bryansgue/uav_ws/install/acp_mujoco_simulator/share/acp_mujoco_simulator/model/humanoid_macro.xml.xacro
[0.813s] -- Up-to-date symlink: /home/bryansgue/uav_ws/install/acp_mujoco_simulator/share/acp_mujoco_simulator/model/humanoid_resource/g1_12dof.xml
[0.814s] -- Up-to-date symlink: /home/bryansgue/uav_ws/install/acp_mujoco_simulator/share/acp_mujoco_simulator/model/humanoid_resource/g1_27dof.xml
[0.814s] -- Up-to-date symlink: /home/bryansgue/uav_ws/install/acp_mujoco_simulator/share/acp_mujoco_simulator/model/humanoid_resource/g1_29dof.xml
[0.814s] -- Up-to-date symlink: /home/bryansgue/uav_ws/install/acp_mujoco_simulator/share/acp_mujoco_simulator/model/humanoid_resource/g1_29dof_left.xml
[0.814s] -- Up-to-date symlink: /home/bryansgue/uav_ws/install/acp_mujoco_simulator/share/acp_mujoco_simulator/model/humanoid_resource/g1_29dof_right.xml
[0.814s] -- Up-to-date symlink: /home/bryansgue/uav_ws/install/acp_mujoco_simulator/share/acp_mujoco_simulator/model/humanoid_resource/g1_gear_wbc.xml
[0.814s] -- Up-to-date symlink: /home/bryansgue/uav_ws/install/acp_mujoco_simulator/share/acp_mujoco_simulator/model/humanoid_resource/meshes/X2_lowpoly_texture_SpinningProps_1024.png
[0.814s] -- Up-to-date symlink: /home/bryansgue/uav_ws/install/acp_mujoco_simulator/share/acp_mujoco_simulator/model/humanoid_resource/meshes/head_link.STL
[0.815s] -- Up-to-date symlink: /home/bryansgue/uav_ws/install/acp_mujoco_simulator/share/acp_mujoco_simulator/model/humanoid_resource/meshes/left_ankle_pitch_link.STL
[0.815s] -- Up-to-date symlink: /home/bryansgue/uav_ws/install/acp_mujoco_simulator/share/acp_mujoco_simulator/model/humanoid_resource/meshes/left_ankle_roll_link.STL
[0.815s] -- Up-to-date symlink: /home/bryansgue/uav_ws/install/acp_mujoco_simulator/share/acp_mujoco_simulator/model/humanoid_resource/meshes/left_elbow_link.STL
[0.815s] -- Up-to-date symlink: /home/bryansgue/uav_ws/install/acp_mujoco_simulator/share/acp_mujoco_simulator/model/humanoid_resource/meshes/left_hand_index_0_link.STL
[0.815s] -- Up-to-date symlink: /home/bryansgue/uav_ws/install/acp_mujoco_simulator/share/acp_mujoco_simulator/model/humanoid_resource/meshes/left_hand_index_1_link.STL
[0.815s] -- Up-to-date symlink: /home/bryansgue/uav_ws/install/acp_mujoco_simulator/share/acp_mujoco_simulator/model/humanoid_resource/meshes/left_hand_middle_0_link.STL
[0.815s] -- Up-to-date symlink: /home/bryansgue/uav_ws/install/acp_mujoco_simulator/share/acp_mujoco_simulator/model/humanoid_resource/meshes/left_hand_middle_1_link.STL
[0.815s] -- Up-to-date symlink: /home/bryansgue/uav_ws/install/acp_mujoco_simulator/share/acp_mujoco_simulator/model/humanoid_resource/meshes/left_hand_palm_link.STL
[0.816s] -- Up-to-date symlink: /home/bryansgue/uav_ws/install/acp_mujoco_simulator/share/acp_mujoco_simulator/model/humanoid_resource/meshes/left_hand_thumb_0_link.STL
[0.816s] -- Up-to-date symlink: /home/bryansgue/uav_ws/install/acp_mujoco_simulator/share/acp_mujoco_simulator/model/humanoid_resource/meshes/left_hand_thumb_1_link.STL
[0.816s] -- Up-to-date symlink: /home/bryansgue/uav_ws/install/acp_mujoco_simulator/share/acp_mujoco_simulator/model/humanoid_resource/meshes/left_hand_thumb_2_link.STL
[0.816s] -- Up-to-date symlink: /home/bryansgue/uav_ws/install/acp_mujoco_simulator/share/acp_mujoco_simulator/model/humanoid_resource/meshes/left_hip_pitch_link.STL
[0.817s] -- Up-to-date symlink: /home/bryansgue/uav_ws/install/acp_mujoco_simulator/share/acp_mujoco_simulator/model/humanoid_resource/meshes/left_hip_roll_link.STL
[0.817s] -- Up-to-date symlink: /home/bryansgue/uav_ws/install/acp_mujoco_simulator/share/acp_mujoco_simulator/model/humanoid_resource/meshes/left_hip_yaw_link.STL
[0.817s] -- Up-to-date symlink: /home/bryansgue/uav_ws/install/acp_mujoco_simulator/share/acp_mujoco_simulator/model/humanoid_resource/meshes/left_knee_link.STL
[0.817s] -- Up-to-date symlink: /home/bryansgue/uav_ws/install/acp_mujoco_simulator/share/acp_mujoco_simulator/model/humanoid_resource/meshes/left_rubber_hand.STL
[0.818s] -- Up-to-date symlink: /home/bryansgue/uav_ws/install/acp_mujoco_simulator/share/acp_mujoco_simulator/model/humanoid_resource/meshes/left_shoulder_pitch_link.STL
[0.818s] -- Up-to-date symlink: /home/bryansgue/uav_ws/install/acp_mujoco_simulator/share/acp_mujoco_simulator/model/humanoid_resource/meshes/left_shoulder_roll_link.STL
[0.818s] -- Up-to-date symlink: /home/bryansgue/uav_ws/install/acp_mujoco_simulator/share/acp_mujoco_simulator/model/humanoid_resource/meshes/left_shoulder_yaw_link.STL
[0.818s] -- Up-to-date symlink: /home/bryansgue/uav_ws/install/acp_mujoco_simulator/share/acp_mujoco_simulator/model/humanoid_resource/meshes/left_wrist_pitch_link.STL
[0.818s] -- Up-to-date symlink: /home/bryansgue/uav_ws/install/acp_mujoco_simulator/share/acp_mujoco_simulator/model/humanoid_resource/meshes/left_wrist_roll_link.STL
[0.818s] -- Up-to-date symlink: /home/bryansgue/uav_ws/install/acp_mujoco_simulator/share/acp_mujoco_simulator/model/humanoid_resource/meshes/left_wrist_roll_rubber_hand.STL
[0.819s] -- Up-to-date symlink: /home/bryansgue/uav_ws/install/acp_mujoco_simulator/share/acp_mujoco_simulator/model/humanoid_resource/meshes/left_wrist_yaw_link.STL
[0.819s] -- Up-to-date symlink: /home/bryansgue/uav_ws/install/acp_mujoco_simulator/share/acp_mujoco_simulator/model/humanoid_resource/meshes/logo_link.STL
[0.819s] -- Up-to-date symlink: /home/bryansgue/uav_ws/install/acp_mujoco_simulator/share/acp_mujoco_simulator/model/humanoid_resource/meshes/pelvis.STL
[0.819s] -- Up-to-date symlink: /home/bryansgue/uav_ws/install/acp_mujoco_simulator/share/acp_mujoco_simulator/model/humanoid_resource/meshes/pelvis_contour_link.STL
[0.819s] -- Up-to-date symlink: /home/bryansgue/uav_ws/install/acp_mujoco_simulator/share/acp_mujoco_simulator/model/humanoid_resource/meshes/right_ankle_pitch_link.STL
[0.819s] -- Up-to-date symlink: /home/bryansgue/uav_ws/install/acp_mujoco_simulator/share/acp_mujoco_simulator/model/humanoid_resource/meshes/right_ankle_roll_link.STL
[0.820s] -- Up-to-date symlink: /home/bryansgue/uav_ws/install/acp_mujoco_simulator/share/acp_mujoco_simulator/model/humanoid_resource/meshes/right_elbow_link.STL
[0.820s] -- Up-to-date symlink: /home/bryansgue/uav_ws/install/acp_mujoco_simulator/share/acp_mujoco_simulator/model/humanoid_resource/meshes/right_hand_index_0_link.STL
[0.820s] -- Up-to-date symlink: /home/bryansgue/uav_ws/install/acp_mujoco_simulator/share/acp_mujoco_simulator/model/humanoid_resource/meshes/right_hand_index_1_link.STL
[0.820s] -- Up-to-date symlink: /home/bryansgue/uav_ws/install/acp_mujoco_simulator/share/acp_mujoco_simulator/model/humanoid_resource/meshes/right_hand_middle_0_link.STL
[0.820s] -- Up-to-date symlink: /home/bryansgue/uav_ws/install/acp_mujoco_simulator/share/acp_mujoco_simulator/model/humanoid_resource/meshes/right_hand_middle_1_link.STL
[0.820s] -- Up-to-date symlink: /home/bryansgue/uav_ws/install/acp_mujoco_simulator/share/acp_mujoco_simulator/model/humanoid_resource/meshes/right_hand_palm_link.STL
[0.820s] -- Up-to-date symlink: /home/bryansgue/uav_ws/install/acp_mujoco_simulator/share/acp_mujoco_simulator/model/humanoid_resource/meshes/right_hand_thumb_0_link.STL
[0.820s] -- Up-to-date symlink: /home/bryansgue/uav_ws/install/acp_mujoco_simulator/share/acp_mujoco_simulator/model/humanoid_resource/meshes/right_hand_thumb_1_link.STL
[0.821s] -- Up-to-date symlink: /home/bryansgue/uav_ws/install/acp_mujoco_simulator/share/acp_mujoco_simulator/model/humanoid_resource/meshes/right_hand_thumb_2_link.STL
[0.821s] -- Up-to-date symlink: /home/bryansgue/uav_ws/install/acp_mujoco_simulator/share/acp_mujoco_simulator/model/humanoid_resource/meshes/right_hip_pitch_link.STL
[0.821s] -- Up-to-date symlink: /home/bryansgue/uav_ws/install/acp_mujoco_simulator/share/acp_mujoco_simulator/model/humanoid_resource/meshes/right_hip_roll_link.STL
[0.821s] -- Up-to-date symlink: /home/bryansgue/uav_ws/install/acp_mujoco_simulator/share/acp_mujoco_simulator/model/humanoid_resource/meshes/right_hip_yaw_link.STL
[0.821s] -- Up-to-date symlink: /home/bryansgue/uav_ws/install/acp_mujoco_simulator/share/acp_mujoco_simulator/model/humanoid_resource/meshes/right_knee_link.STL
[0.821s] -- Up-to-date symlink: /home/bryansgue/uav_ws/install/acp_mujoco_simulator/share/acp_mujoco_simulator/model/humanoid_resource/meshes/right_rubber_hand.STL
[0.821s] -- Up-to-date symlink: /home/bryansgue/uav_ws/install/acp_mujoco_simulator/share/acp_mujoco_simulator/model/humanoid_resource/meshes/right_shoulder_pitch_link.STL
[0.822s] -- Up-to-date symlink: /home/bryansgue/uav_ws/install/acp_mujoco_simulator/share/acp_mujoco_simulator/model/humanoid_resource/meshes/right_shoulder_roll_link.STL
[0.822s] -- Up-to-date symlink: /home/bryansgue/uav_ws/install/acp_mujoco_simulator/share/acp_mujoco_simulator/model/humanoid_resource/meshes/right_shoulder_yaw_link.STL
[0.822s] -- Up-to-date symlink: /home/bryansgue/uav_ws/install/acp_mujoco_simulator/share/acp_mujoco_simulator/model/humanoid_resource/meshes/right_wrist_pitch_link.STL
[0.822s] -- Up-to-date symlink: /home/bryansgue/uav_ws/install/acp_mujoco_simulator/share/acp_mujoco_simulator/model/humanoid_resource/meshes/right_wrist_roll_link.STL
[0.822s] -- Up-to-date symlink: /home/bryansgue/uav_ws/install/acp_mujoco_simulator/share/acp_mujoco_simulator/model/humanoid_resource/meshes/right_wrist_roll_rubber_hand.STL
[0.822s] -- Up-to-date symlink: /home/bryansgue/uav_ws/install/acp_mujoco_simulator/share/acp_mujoco_simulator/model/humanoid_resource/meshes/right_wrist_yaw_link.STL
[0.822s] -- Up-to-date symlink: /home/bryansgue/uav_ws/install/acp_mujoco_simulator/share/acp_mujoco_simulator/model/humanoid_resource/meshes/torso_constraint_L_link.STL
[0.822s] -- Up-to-date symlink: /home/bryansgue/uav_ws/install/acp_mujoco_simulator/share/acp_mujoco_simulator/model/humanoid_resource/meshes/torso_constraint_L_rod_link.STL
[0.823s] -- Up-to-date symlink: /home/bryansgue/uav_ws/install/acp_mujoco_simulator/share/acp_mujoco_simulator/model/humanoid_resource/meshes/torso_constraint_R_link.STL
[0.823s] -- Up-to-date symlink: /home/bryansgue/uav_ws/install/acp_mujoco_simulator/share/acp_mujoco_simulator/model/humanoid_resource/meshes/torso_constraint_R_rod_link.STL
[0.823s] -- Up-to-date symlink: /home/bryansgue/uav_ws/install/acp_mujoco_simulator/share/acp_mujoco_simulator/model/humanoid_resource/meshes/torso_link.STL
[0.823s] -- Up-to-date symlink: /home/bryansgue/uav_ws/install/acp_mujoco_simulator/share/acp_mujoco_simulator/model/humanoid_resource/meshes/torso_link_23dof_rev_1_0.STL
[0.823s] -- Up-to-date symlink: /home/bryansgue/uav_ws/install/acp_mujoco_simulator/share/acp_mujoco_simulator/model/humanoid_resource/meshes/torso_link_rev_1_0.STL
[0.823s] -- Up-to-date symlink: /home/bryansgue/uav_ws/install/acp_mujoco_simulator/share/acp_mujoco_simulator/model/humanoid_resource/meshes/waist_constraint_L.STL
[0.824s] -- Up-to-date symlink: /home/bryansgue/uav_ws/install/acp_mujoco_simulator/share/acp_mujoco_simulator/model/humanoid_resource/meshes/waist_constraint_R.STL
[0.824s] -- Up-to-date symlink: /home/bryansgue/uav_ws/install/acp_mujoco_simulator/share/acp_mujoco_simulator/model/humanoid_resource/meshes/waist_roll_link.STL
[0.824s] -- Up-to-date symlink: /home/bryansgue/uav_ws/install/acp_mujoco_simulator/share/acp_mujoco_simulator/model/humanoid_resource/meshes/waist_roll_link_rev_1_0.STL
[0.824s] -- Up-to-date symlink: /home/bryansgue/uav_ws/install/acp_mujoco_simulator/share/acp_mujoco_simulator/model/humanoid_resource/meshes/waist_support_link.STL
[0.824s] -- Up-to-date symlink: /home/bryansgue/uav_ws/install/acp_mujoco_simulator/share/acp_mujoco_simulator/model/humanoid_resource/meshes/waist_yaw_link.STL
[0.824s] -- Up-to-date symlink: /home/bryansgue/uav_ws/install/acp_mujoco_simulator/share/acp_mujoco_simulator/model/humanoid_resource/meshes/waist_yaw_link_rev_1_0.STL
[0.825s] -- Up-to-date symlink: /home/bryansgue/uav_ws/install/acp_mujoco_simulator/share/acp_mujoco_simulator/model/humanoid_resource/read_mujoco.py
[0.825s] -- Up-to-date symlink: /home/bryansgue/uav_ws/install/acp_mujoco_simulator/share/acp_mujoco_simulator/model/quadrotor_acro_macro.xml.xacro
[0.825s] -- Up-to-date symlink: /home/bryansgue/uav_ws/install/acp_mujoco_simulator/share/acp_mujoco_simulator/model/quadrotor_lowlevel_macro.xml.xacro
[0.825s] -- Up-to-date symlink: /home/bryansgue/uav_ws/install/acp_mujoco_simulator/share/acp_mujoco_simulator/model/quadrotor_so3_macro.xml.xacro
[0.825s] -- Up-to-date symlink: /home/bryansgue/uav_ws/install/acp_mujoco_simulator/share/acp_mujoco_simulator/model/quadrotor_verify_mass_inertia.xml
[0.825s] -- Up-to-date symlink: /home/bryansgue/uav_ws/install/acp_mujoco_simulator/share/acp_mujoco_simulator/model/read_mujoco.py
[0.825s] -- Up-to-date symlink: /home/bryansgue/uav_ws/install/acp_mujoco_simulator/share/acp_mujoco_simulator/model/scene.xml.xacro
[0.825s] -- Up-to-date symlink: /home/bryansgue/uav_ws/install/acp_mujoco_simulator/share/acp_mujoco_simulator/model/scene_acro.xml.xacro
[0.825s] -- Up-to-date symlink: /home/bryansgue/uav_ws/install/acp_mujoco_simulator/share/acp_mujoco_simulator/model/scene_acro_humanoid.xml.xacro
[0.826s] -- Symlinking: /home/bryansgue/uav_ws/install/acp_mujoco_simulator/share/acp_mujoco_simulator/model/scene_acro_nopayload.xml.xacro
[0.840s] -- Up-to-date symlink: /home/bryansgue/uav_ws/install/acp_mujoco_simulator/share/acp_mujoco_simulator/model/scene_lowlevel.xml.xacro
[0.840s] -- Up-to-date symlink: /home/bryansgue/uav_ws/install/acp_mujoco_simulator/share/acp_mujoco_simulator/model/scene_so3.xml.xacro
[0.841s] -- Up-to-date symlink: /home/bryansgue/uav_ws/install/acp_mujoco_simulator/share/ament_index/resource_index/package_run_dependencies/acp_mujoco_simulator
[0.841s] -- Up-to-date symlink: /home/bryansgue/uav_ws/install/acp_mujoco_simulator/share/ament_index/resource_index/parent_prefix_path/acp_mujoco_simulator
[0.841s] -- Up-to-date symlink: /home/bryansgue/uav_ws/install/acp_mujoco_simulator/share/acp_mujoco_simulator/environment/ament_prefix_path.sh
[0.841s] -- Up-to-date symlink: /home/bryansgue/uav_ws/install/acp_mujoco_simulator/share/acp_mujoco_simulator/environment/ament_prefix_path.dsv
[0.841s] -- Up-to-date symlink: /home/bryansgue/uav_ws/install/acp_mujoco_simulator/share/acp_mujoco_simulator/environment/path.sh
[0.841s] -- Up-to-date symlink: /home/bryansgue/uav_ws/install/acp_mujoco_simulator/share/acp_mujoco_simulator/environment/path.dsv
[0.842s] -- Up-to-date symlink: /home/bryansgue/uav_ws/install/acp_mujoco_simulator/share/acp_mujoco_simulator/local_setup.bash
[0.842s] -- Up-to-date symlink: /home/bryansgue/uav_ws/install/acp_mujoco_simulator/share/acp_mujoco_simulator/local_setup.sh
[0.842s] -- Up-to-date symlink: /home/bryansgue/uav_ws/install/acp_mujoco_simulator/share/acp_mujoco_simulator/local_setup.zsh
[0.842s] -- Up-to-date symlink: /home/bryansgue/uav_ws/install/acp_mujoco_simulator/share/acp_mujoco_simulator/local_setup.dsv
[0.842s] -- Symlinking: /home/bryansgue/uav_ws/install/acp_mujoco_simulator/share/acp_mujoco_simulator/package.dsv
[0.855s] -- Up-to-date symlink: /home/bryansgue/uav_ws/install/acp_mujoco_simulator/share/ament_index/resource_index/packages/acp_mujoco_simulator
[0.855s] -- Up-to-date symlink: /home/bryansgue/uav_ws/install/acp_mujoco_simulator/share/acp_mujoco_simulator/cmake/acp_mujoco_simulatorConfig.cmake
[0.856s] -- Up-to-date symlink: /home/bryansgue/uav_ws/install/acp_mujoco_simulator/share/acp_mujoco_simulator/cmake/acp_mujoco_simulatorConfig-version.cmake
[0.856s] -- Up-to-date symlink: /home/bryansgue/uav_ws/install/acp_mujoco_simulator/share/acp_mujoco_simulator/package.xml
[0.859s] Invoked command in '/home/bryansgue/uav_ws/build/acp_mujoco_simulator' returned '0': AMENT_PREFIX_PATH=/home/bryansgue/uav_ws/install/quadrotor_msgs:${AMENT_PREFIX_PATH} CMAKE_PREFIX_PATH=/home/bryansgue/uav_ws/install/quadrotor_msgs:/home/bryansgue/acp_ws/install/voxl2_rpm_interface:/home/bryansgue/acp_ws/install/trackers_manager:/home/bryansgue/acp_ws/install/std_trackers:/home/bryansgue/acp_ws/install/sim_interface:/home/bryansgue/acp_ws/install/drone_teleop:/home/bryansgue/acp_ws/install/nmpc_control:/home/bryansgue/acp_ws/install/mav_manager_test:/home/bryansgue/acp_ws/install/dq_nmpc:/opt/ros/humble:/home/bryansgue/acp_ws/install/mav_manager:/home/bryansgue/acp_ws/install/trackers_msgs:/home/bryansgue/acp_ws/install/quadrotor_simulator:/home/bryansgue/acp_ws/install/quad_mujoco_sim:/home/bryansgue/acp_ws/install/pi_ros2_interface:/home/bryansgue/acp_ws/install/nmpc_payload_cpp:/home/bryansgue/acp_ws/install/mujoco_ros_utils:/home/bryansgue/acp_ws/install/mav_control:/home/bryansgue/acp_ws/install/dq_cpp:/home/bryansgue/acp_ws/install/acp_mujoco_simulator:/home/bryansgue/acp_ws/install/quadrotor_msgs:/home/bryansgue/acp_ws/install/mesh_visualization:/home/bryansgue/acp_ws/install/mav_manager_srv:/home/bryansgue/acp_ws/install/acp_autonomy LD_LIBRARY_PATH=/home/bryansgue/uav_ws/install/quadrotor_msgs/lib:/home/bryansgue/acp_ws/install/trackers_manager/lib:/home/bryansgue/acp_ws/install/std_trackers/lib:/home/bryansgue/acp_ws/install/mav_manager/lib:/home/bryansgue/acp_ws/install/trackers_msgs/lib:/home/bryansgue/acp_ws/install/quadrotor_simulator/lib:/home/bryansgue/acp_ws/install/pi_ros2_interface/lib:/home/bryansgue/acp_ws/install/nmpc_payload_cpp/lib:/home/bryansgue/acp_ws/install/mujoco_ros_utils/lib:/home/bryansgue/acp_ws/install/mav_control/lib:/home/bryansgue/acp_ws/install/dq_cpp/lib:/home/bryansgue/acp_ws/install/quadrotor_msgs/lib:/home/bryansgue/acp_ws/install/mesh_visualization/lib:/home/bryansgue/acp_ws/install/mav_manager_srv/lib:/opt/ros/humble/opt/rviz_ogre_vendor/lib:/opt/ros/humble/lib/x86_64-linux-gnu:/opt/ros/humble/lib:/home/bryansgue/acados/lib:/home/bryansgue/acados/lib:/home/bryansgue/acados/external/blasfeo/lib:/home/bryansgue/acados/external/hpipm/lib:/home/bryansgue/acados/lib:/home/bryansgue/acados/lib:/home/bryansgue/acados/external/blasfeo/lib:/home/bryansgue/acados/external/hpipm/lib PYTHONPATH=/home/bryansgue/uav_ws/install/quadrotor_msgs/local/lib/python3.10/dist-packages:${PYTHONPATH} /usr/bin/cmake --install /home/bryansgue/uav_ws/build/acp_mujoco_simulator
